# Penalty:  49556.492256023135
123
14 78
47 81
12 92
15 52
82 75
26 29
36 12
34 44
36 58
49 19
57 97
55 4
68 20
0 16
70 55
0 37
58 34
84 60
2 67
4 1
15 13
28 75
40 99
58 43
83 98
87 18
70 87
92 35
16 66
22 94
28 43
37 74
72 13
41 58
0 53
51 77
62 67
71 27
73 48
88 50
96 0
87 81
95 69
10 27
97 36
97 94
4 82
16 61
20 80
31 27
44 33
32 1
31 58
56 54
41 97
42 12
53 0
56 93
14 11
70 3
81 96
77 40
84 21
68 63
97 14
2 19
3 44
12 33
20 97
45 53
19 47
55 69
2 62
36 90
54 23
60 97
74 33
94 64
95 32
4 77
38 6
18 76
65 79
50 38
51 86
79 77
57 19
84 8
17 40
7 5
21 17
26 91
26 61
40 20
42 73
63 36
82 47
89 66
9 57
19 31
32 83
41 49
41 2
45 64
57 73
65 32
72 69
62 11
92 40
11 85
10 42
33 91
24 41
47 43
40 67
51 14
63 39
25 47
86 72
7 73
32 62
19 86
46 9
