116
85 3
0 15
6 78
6 21
28 72
32 66
41 35
13 22
46 75
37 45
53 52
56 11
61 6
74 1
67 44
89 81
89 59
2 48
64 97
8 61
92 44
8 88
14 13
16 91
63 90
17 73
19 50
20 54
21 30
27 6
18 61
23 25
27 78
34 41
34 72
39 26
12 53
42 20
45 38
41 89
48 10
53 12
51 71
55 86
56 27
69 65
69 94
48 96
69 80
71 30
72 57
78 61
81 56
62 33
83 51
80 97
78 27
88 18
97 47
0 32
0 96
82 7
96 35
1 39
66 85
1 7
3 66
5 73
8 93
9 33
94 18
15 82
15 35
15 95
19 81
19 66
21 17
22 37
24 89
27 1
28 53
28 57
30 94
31 35
32 17
34 61
35 7
36 69
35 83
40 49
40 78
48 33
47 60
52 64
54 36
56 92
58 20
59 63
64 21
65 38
73 12
74 85
74 72
78 42
79 36
79 2
82 69
84 27
90 65
92 74
93 90
94 97
94 80
96 29
96 2
98 17
