196
4 84
4 49
4 98
4 63
4 42
5 7
4 35
4 14
5 22
4 56
5 30
5 69
5 90
5 78
11 70
11 84
11 98
12 5
11 63
11 56
11 21
12 27
12 14
12 42
11 49
12 77
11 35
14 89
18 56
18 70
19 5
18 98
19 13
18 63
18 35
19 26
19 20
19 49
19 76
19 42
19 82
21 88
25 84
25 77
25 91
25 63
26 5
25 21
25 35
25 70
25 98
25 49
25 14
26 41
25 56
25 28
32 28
32 98
32 56
32 14
32 35
32 63
33 5
32 21
32 77
32 70
33 41
33 82
32 49
33 89
39 77
39 84
39 21
39 49
39 91
40 8
39 35
39 42
40 27
40 13
39 70
40 96
40 55
39 63
46 63
46 91
46 56
47 7
47 14
46 70
47 20
47 33
46 98
46 42
47 51
47 76
47 27
48 85
53 70
53 21
54 6
53 35
54 12
53 98
54 40
53 63
53 49
54 28
54 58
53 77
54 89
55 82
60 14
60 56
60 63
60 77
60 28
61 6
61 22
60 84
61 41
61 35
61 72
61 48
61 97
63 88
67 35
67 98
67 7
68 12
67 91
67 70
67 63
68 20
68 42
68 50
68 58
68 27
68 85
68 75
74 35
74 91
74 77
74 21
75 8
74 70
75 16
75 28
74 84
75 42
75 49
75 57
75 96
74 63
81 7
81 56
81 91
82 12
81 28
81 35
81 84
82 21
81 42
82 64
82 47
81 70
83 75
82 97
88 49
88 14
88 63
88 28
88 7
89 20
89 36
89 41
89 56
88 70
89 84
89 78
89 91
89 96
95 35
95 28
95 84
95 56
95 49
96 5
95 42
96 16
96 21
95 70
96 63
95 77
96 99
98 88
