113
81 33
1 82
0 23
4 31
11 13
7 35
15 65
19 58
90 63
10 2
41 81
22 10
34 43
46 66
13 55
76 45
90 96
1 57
25 20
91 30
2 90
84 69
3 50
3 74
10 79
24 27
7 89
28 97
37 56
26 87
36 98
46 12
85 40
9 62
47 89
46 60
50 1
52 34
55 42
54 95
59 24
62 29
57 64
63 53
66 84
68 77
73 59
74 32
75 89
32 36
80 28
79 84
72 8
60 13
80 75
85 16
89 47
70 42
81 98
91 85
0 3
2 21
2 66
4 4
5 41
6 56
9 36
99 76
12 1
12 98
13 89
14 83
18 38
21 1
20 43
23 62
25 56
27 6
28 74
30 13
32 30
35 62
37 1
37 23
40 86
43 37
45 78
49 27
51 31
51 8
52 83
54 46
56 75
57 35
57 1
62 46
63 97
68 50
68 56
72 98
73 76
74 16
75 2
74 43
76 50
78 64
81 56
80 11
82 88
87 1
88 83
90 18
93 56
