106
32 79
11 45
1 65
52 47
26 35
4 86
20 68
41 79
23 26
10 28
32 40
31 31
40 61
36 80
44 93
48 18
50 88
89 3
56 5
3 4
21 61
63 89
9 50
15 83
16 7
17 50
18 31
69 91
2 73
20 43
96 56
28 26
30 86
31 64
42 53
43 37
48 42
49 9
51 34
55 55
48 87
56 19
59 27
61 19
62 58
61 81
44 71
40 22
65 47
66 7
70 59
73 74
77 93
80 30
81 53
79 84
83 41
85 20
88 35
87 63
97 92
82 69
1 80
5 66
7 25
88 72
8 80
10 33
12 62
14 29
17 13
97 77
20 6
23 98
24 17
30 46
29 98
32 15
40 2
43 64
48 3
48 27
54 30
55 48
54 40
58 12
56 74
62 2
63 72
65 65
67 12
67 78
69 45
70 49
71 55
70 30
71 98
72 66
74 37
77 9
81 98
86 66
86 80
87 7
90 83
95 62
