196
4 98
4 21
4 63
4 28
4 91
5 8
5 13
4 35
5 49
5 43
5 71
5 56
5 79
6 86
11 21
11 63
11 84
11 28
11 98
11 77
11 35
11 70
11 56
12 8
11 14
11 42
12 92
13 48
18 28
18 14
18 56
18 77
18 35
18 63
19 6
19 40
19 22
19 51
19 70
19 96
20 82
19 89
25 56
25 91
25 77
25 14
25 42
25 84
26 19
26 27
25 35
25 70
26 47
26 63
27 7
26 99
32 70
32 77
32 28
32 98
33 8
32 42
33 16
32 84
32 91
33 21
33 48
32 35
33 64
35 53
39 7
40 12
39 98
40 20
39 28
39 91
39 63
40 37
39 70
40 41
40 48
39 84
40 77
40 55
46 49
46 7
46 63
46 14
46 84
46 77
47 26
46 91
46 56
47 22
47 40
47 69
48 35
47 97
53 49
53 42
53 35
53 7
54 15
54 20
54 54
53 70
54 62
54 27
54 85
53 77
54 89
54 96
60 56
60 77
61 6
60 84
61 15
60 63
60 70
61 20
61 28
61 34
60 91
61 41
61 96
61 51
67 56
68 5
67 63
68 14
67 21
67 70
67 28
68 40
68 37
68 76
68 50
68 89
68 85
68 99
74 14
74 91
74 70
74 49
74 63
74 77
74 28
74 84
75 9
74 98
75 35
74 42
75 19
75 57
81 35
81 28
81 7
81 56
82 14
82 23
81 63
82 47
82 44
81 70
82 82
82 75
82 93
82 96
88 70
88 35
88 42
88 56
88 84
88 14
89 19
89 26
89 6
88 49
88 63
88 98
89 91
90 76
95 28
95 14
95 98
96 7
95 49
96 21
96 35
96 40
96 58
96 62
96 71
96 85
96 89
97 79
