104
57 8
5 7
77 48
21 32
67 69
26 2
26 43
40 78
35 89
33 59
72 75
42 40
45 81
56 23
58 90
65 57
47 62
84 64
96 27
95 95
4 76
7 4
9 13
11 53
54 83
13 71
17 8
64 8
10 30
15 89
25 8
23 73
25 87
16 99
30 96
35 17
35 40
49 90
31 26
50 76
51 29
51 0
56 42
55 98
63 17
62 78
63 25
65 37
72 50
75 41
75 64
75 75
73 1
72 19
80 69
87 18
68 10
83 94
88 32
79 27
96 36
0 35
2 50
4 94
7 85
8 40
61 69
18 73
21 85
91 45
22 24
26 70
28 47
29 77
31 4
39 61
39 45
41 69
46 25
48 51
49 56
48 98
55 16
57 95
61 48
67 22
68 45
68 90
69 84
71 30
76 79
77 18
81 38
83 84
85 51
87 37
87 74
90 11
92 63
91 58
95 86
97 39
97 79
98 6
