120
27 95
6 69
22 61
26 1
26 79
44 38
43 65
46 58
47 13
60 86
64 41
73 37
77 26
70 20
80 0
83 63
3 27
6 97
28 44
31 18
7 76
92 22
8 61
10 4
10 56
16 53
17 79
17 91
15 47
19 21
24 34
23 57
25 7
31 53
35 86
43 73
3 83
42 2
47 97
49 45
51 78
51 21
54 30
60 9
62 20
65 67
71 93
70 55
63 13
74 70
77 50
75 65
80 78
84 73
81 20
76 10
85 87
94 57
94 79
96 48
0 59
1 4
2 93
6 18
6 22
8 89
10 37
12 19
13 27
16 6
18 96
22 41
22 64
22 90
25 50
29 69
29 2
29 99
32 28
33 80
34 74
36 18
37 25
38 11
37 35
41 92
43 84
51 4
50 35
50 47
54 52
55 79
56 60
58 69
60 31
61 37
61 51
61 59
67 42
68 86
75 85
79 30
78 68
81 91
81 58
84 14
84 49
85 2
83 98
87 78
89 60
91 30
92 95
93 10
93 41
92 68
96 75
96 35
97 24
97 49
