101
3 4
16 30
12 90
21 55
35 21
60 34
64 71
42 73
96 49
14 35
27 35
18 19
49 92
33 42
41 36
79 74
48 86
34 99
61 80
50 19
71 39
66 33
51 61
74 81
75 86
83 48
68 11
8 59
16 25
20 85
26 94
30 47
83 61
33 26
29 83
36 58
38 86
37 17
41 92
44 49
47 44
19 48
54 99
58 24
60 15
61 66
76 65
77 51
76 44
84 29
64 84
85 98
89 47
87 64
0 1
96 94
5 87
6 68
8 47
10 45
12 61
18 75
18 91
20 34
26 38
29 54
32 6
34 66
35 50
40 15
42 57
42 8
44 30
45 25
50 87
52 68
57 82
58 27
60 13
61 43
61 95
65 48
66 53
70 25
70 89
75 15
75 98
75 60
78 32
78 10
79 88
79 69
83 12
84 20
86 72
87 54
94 58
94 81
95 32
96 28
97 67
