113
63 20
4 58
84 74
19 53
18 29
12 53
16 96
17 81
12 67
30 77
38 32
36 67
44 94
47 53
50 22
86 88
85 7
95 60
97 28
3 30
9 74
5 92
51 37
6 50
8 89
12 75
18 18
41 11
22 40
23 50
14 34
63 4
28 28
38 94
29 97
48 47
22 4
49 77
41 18
60 70
62 27
64 44
64 98
66 71
70 0
71 16
73 77
6 8
77 3
64 56
78 26
83 39
84 58
90 3
90 49
91 15
0 3
97 4
87 63
74 96
0 54
0 62
1 79
10 88
10 23
11 40
12 10
12 60
14 52
17 99
20 23
22 14
21 73
22 84
23 89
26 30
26 8
27 60
28 65
31 11
37 2
40 64
41 74
42 83
46 6
46 62
48 28
48 94
50 89
52 11
52 60
55 17
56 97
60 90
60 14
64 77
64 85
67 8
69 58
72 10
72 28
74 65
77 34
78 4
80 78
80 15
85 54
90 84
92 97
93 47
93 67
95 35
97 61
