105
97 77
52 31
46 77
78 46
5 45
62 31
6 86
17 87
21 42
24 53
32 75
27 10
50 54
66 24
52 10
68 11
77 94
70 70
85 74
43 66
89 17
93 2
80 12
92 91
94 24
96 19
2 65
4 55
6 78
11 4
16 99
22 88
25 2
28 15
32 23
96 10
22 57
29 27
41 11
34 67
49 82
49 42
54 68
58 97
59 71
62 64
65 2
64 80
73 52
73 35
73 63
78 66
79 31
85 54
88 47
88 5
90 70
94 81
95 96
99 1
95 32
0 35
0 86
1 96
4 20
6 11
7 51
8 58
13 65
17 29
17 52
18 11
17 72
20 81
21 34
27 80
26 91
27 62
29 46
33 7
34 29
36 47
37 42
35 55
87 98
40 82
41 38
42 89
44 1
48 64
51 19
54 42
55 4
55 15
55 36
59 47
80 54
64 34
64 8
75 82
86 25
92 36
96 27
96 97
98 84
