105
49 94
15 79
3 63
7 91
27 85
36 79
34 88
40 45
57 27
45 26
51 21
51 60
25 99
47 1
15 68
39 58
46 90
57 43
60 49
62 80
65 57
0 0
89 25
1 17
0 28
2 10
56 12
14 40
13 92
3 53
95 4
21 56
11 10
25 37
27 2
22 93
23 63
1 91
28 20
32 5
35 42
31 80
37 18
41 39
39 69
50 45
59 89
57 20
61 1
64 26
66 15
69 99
74 22
76 42
68 37
77 8
83 64
81 80
86 86
86 34
84 72
90 43
96 22
0 32
0 78
6 34
5 96
5 44
9 50
10 22
14 20
17 7
17 38
18 78
21 25
22 49
98 36
22 16
94 72
29 16
31 51
30 64
35 26
37 8
37 88
41 15
41 75
43 28
50 10
52 84
55 1
57 39
61 7
67 8
69 91
69 82
72 38
77 58
79 42
79 97
81 2
81 7
85 59
93 51
94 61
