111
81 21
4 65
98 42
4 6
6 28
23 7
27 76
32 43
71 7
54 53
35 37
56 18
73 64
38 93
83 58
0 48
88 84
1 13
2 72
2 83
13 93
48 27
8 25
6 43
95 78
13 44
14 4
19 47
21 72
24 88
18 23
61 59
33 52
30 97
36 99
37 14
39 46
41 7
42 75
41 66
55 35
47 38
60 7
61 67
62 82
65 28
64 73
66 44
72 30
73 15
77 87
78 30
67 5
83 6
87 10
89 73
90 25
90 49
93 0
66 17
0 53
80 66
0 33
2 19
95 10
2 92
2 99
3 79
6 7
6 33
7 55
6 65
10 83
13 34
15 60
15 52
17 98
21 62
20 56
23 2
28 59
30 66
30 4
32 86
33 77
35 1
37 39
41 20
44 20
45 10
47 77
48 50
49 53
51 70
59 79
61 0
64 83
67 62
69 50
71 76
77 10
77 42
78 93
80 0
80 72
84 21
89 41
92 56
92 30
94 62
97 97
