114
11 54
52 50
4 1
23 43
48 38
57 92
31 70
57 25
58 66
57 46
73 7
76 84
61 85
94 71
96 66
0 78
98 83
3 54
7 81
11 29
9 63
96 39
15 78
15 20
18 54
91 78
18 5
20 82
25 12
28 45
29 94
30 21
35 52
36 75
22 89
35 2
40 48
47 25
55 59
39 89
60 16
60 38
40 12
66 67
66 26
70 91
63 78
71 34
80 2
77 79
81 36
83 20
85 27
87 60
88 87
72 61
89 9
78 64
0 87
94 26
2 5
3 22
4 47
6 17
10 42
12 13
13 27
15 60
17 96
17 44
19 10
22 29
23 51
25 66
26 61
27 86
31 39
32 19
33 30
78 27
33 87
32 99
36 66
40 22
42 5
41 50
41 92
42 59
45 96
45 44
49 54
50 9
60 87
61 17
62 4
62 42
63 35
65 72
69 23
73 16
73 42
77 96
80 69
82 41
88 16
90 53
88 96
91 32
91 42
93 15
95 89
96 0
96 52
95 77
