116
24 12
1 49
3 91
10 30
14 10
49 32
58 92
88 3
14 38
25 95
51 82
52 91
33 67
58 16
71 20
64 76
83 61
78 83
54 10
2 37
4 54
9 74
9 85
10 3
13 20
17 4
22 50
29 28
29 90
28 77
31 16
24 33
71 95
37 91
40 62
47 28
47 96
57 81
89 95
59 69
65 3
65 34
65 93
67 77
72 75
78 43
80 2
83 49
86 42
88 56
93 29
62 62
59 37
93 73
94 64
93 85
0 23
44 68
37 47
0 44
94 2
1 64
0 88
2 6
2 76
3 29
7 43
8 99
9 13
10 27
12 46
16 33
16 57
18 94
18 12
20 18
23 63
26 20
24 98
27 64
28 51
31 2
31 94
33 74
40 18
40 89
42 35
43 23
44 3
45 44
46 39
46 52
48 17
49 73
53 56
54 20
55 5
53 61
57 99
57 28
61 88
64 14
66 80
71 47
72 26
76 7
79 88
83 8
85 87
88 64
88 19
91 54
94 45
95 92
96 75
97 50
