101
11 79
32 84
16 14
73 55
95 30
16 36
84 64
32 48
17 91
24 38
28 9
83 9
47 16
32 71
52 82
3 31
59 5
61 83
80 34
53 27
96 58
0 49
52 48
95 42
4 41
9 25
10 88
40 95
17 65
18 4
21 66
19 89
31 36
31 56
22 96
37 6
37 60
39 24
41 53
45 22
48 95
41 76
50 6
62 55
66 16
52 66
70 76
67 6
70 37
74 86
77 46
77 56
80 39
82 18
82 88
85 2
94 36
99 83
94 4
0 21
88 14
64 86
4 20
4 68
5 97
8 53
8 82
9 10
11 3
17 72
20 70
20 54
22 78
22 16
26 22
32 19
33 35
37 44
40 66
43 79
44 64
50 37
53 55
57 41
57 50
58 68
66 50
66 69
66 25
67 12
71 45
76 33
76 61
83 81
85 67
86 23
86 58
88 90
89 79
95 25
96 50
