114
75 25
83 39
50 20
6 5
17 14
33 91
3 38
52 14
54 4
18 20
25 35
47 88
67 8
60 28
56 63
79 72
95 83
1 7
4 85
4 46
10 12
11 67
68 42
14 39
19 67
22 84
43 35
26 83
23 70
33 63
35 16
19 92
37 95
38 73
29 21
40 25
54 22
56 38
57 7
42 14
56 51
57 89
61 67
74 57
76 91
76 41
79 47
77 65
80 53
82 20
73 6
84 86
87 56
89 80
90 12
93 67
91 51
94 58
94 6
96 25
96 97
1 29
1 49
2 60
3 92
3 98
5 88
5 52
6 22
9 27
12 3
11 96
13 22
14 76
18 2
18 58
19 40
23 3
24 23
25 77
26 51
29 97
30 36
30 73
36 42
38 86
39 64
44 55
46 6
47 27
48 1
47 36
50 65
51 84
54 97
61 20
61 13
66 18
65 54
67 24
68 33
69 3
69 69
72 97
76 17
77 0
80 82
84 67
90 29
91 46
92 80
95 13
96 2
94 31
