93
7 24
17 69
5 12
17 56
11 56
27 28
27 91
33 94
32 82
54 60
89 91
1 34
10 68
2 82
13 17
12 96
24 38
67 90
60 94
17 30
25 52
24 69
33 63
16 46
34 54
35 76
39 48
52 75
55 68
58 88
76 95
35 39
1 46
3 94
5 32
5 49
9 63
10 37
6 76
15 19
17 23
6 19
18 59
21 88
26 62
23 78
29 72
26 96
34 68
40 85
36 98
45 61
45 79
45 99
57 66
52 55
60 80
64 73
69 74
75 87
15 92
81 88
0 30
1 18
2 62
3 43
4 89
8 82
10 21
10 78
12 51
13 71
16 40
16 76
15 99
22 92
24 42
26 55
30 33
34 78
35 56
38 70
42 53
44 88
45 64
50 86
55 76
63 81
63 66
66 95
71 96
81 98
91 95
