108
71 3
43 71
20 9
71 31
71 79
15 30
13 90
28 29
62 72
67 95
55 73
85 7
31 56
41 3
64 29
39 97
69 58
75 20
52 48
1 42
2 11
3 28
2 60
6 67
11 76
95 42
8 22
13 12
17 94
21 15
22 96
30 17
23 10
36 63
37 86
11 86
45 17
46 61
53 81
52 40
59 97
60 8
60 80
66 5
55 22
68 68
71 37
49 90
78 74
57 59
82 68
85 38
86 56
87 79
95 79
96 19
97 52
75 59
0 23
0 87
1 78
3 98
8 37
7 67
10 21
11 8
11 58
14 78
16 52
22 1
25 47
30 20
30 99
32 41
32 79
35 6
36 34
56 32
38 41
40 15
40 98
44 5
45 35
45 82
46 26
45 45
47 68
51 7
55 1
54 65
61 36
60 67
64 58
81 13
64 88
65 14
69 45
72 28
73 78
74 91
78 51
79 55
77 87
82 27
87 84
87 90
91 61
91 28
