113
40 6
13 21
68 50
59 85
10 54
16 47
22 28
29 94
7 76
41 94
16 73
51 96
31 82
35 59
53 56
81 59
83 87
61 9
69 79
49 88
89 57
8 86
6 15
71 96
95 54
16 26
89 96
20 8
20 65
24 67
24 76
27 13
37 44
35 94
40 88
42 58
53 82
54 29
48 12
58 90
64 67
69 17
68 26
55 71
78 86
80 1
79 40
84 68
83 24
53 4
86 3
88 80
88 53
91 68
91 16
93 34
95 23
94 84
0 40
0 23
0 78
1 15
3 52
2 59
8 31
9 78
10 58
95 73
10 43
10 98
19 47
23 7
24 29
25 54
25 86
25 97
30 32
31 17
31 38
33 5
34 72
38 65
38 86
41 29
43 74
46 35
50 53
52 16
52 47
57 99
56 39
58 75
61 57
61 20
65 10
68 68
69 33
71 47
71 60
71 64
71 79
74 19
75 26
77 92
80 48
84 14
84 61
89 42
90 5
93 95
96 1
96 61
97 42
