101
4 2
11 6
9 16
36 38
28 23
6 93
17 5
10 39
12 49
12 72
14 78
16 53
18 15
17 24
64 69
34 86
24 20
43 8
49 59
49 48
54 66
79 4
22 97
83 87
67 1
2 18
9 97
10 61
23 40
50 23
14 85
74 92
19 7
17 31
25 60
26 25
27 96
26 47
28 8
28 85
28 34
27 68
31 46
34 90
44 31
55 37
55 54
59 8
37 15
56 43
63 58
71 71
73 80
74 16
83 78
86 91
66 48
90 46
97 99
0 11
88 69
1 85
2 99
5 2
4 28
8 7
11 65
12 12
93 92
12 4
16 89
17 72
17 43
18 1
24 76
31 98
32 28
37 56
37 84
40 91
41 37
42 77
45 19
47 9
48 16
47 96
59 19
64 6
63 92
64 65
70 56
74 10
74 87
83 52
85 84
85 19
94 39
93 83
96 31
97 89
99 48
