110
38 44
63 16
88 9
4 90
38 96
5 22
95 52
5 6
10 51
11 90
13 66
25 65
58 60
41 33
14 37
60 81
68 85
67 69
71 35
73 25
86 63
12 12
86 82
68 98
92 38
6 76
4 48
13 85
13 98
17 45
20 33
23 81
16 28
28 74
29 81
27 14
23 55
24 47
43 7
39 75
44 69
48 13
48 36
54 65
57 34
57 71
61 24
62 63
71 3
65 33
72 69
72 10
37 39
75 48
85 27
81 36
85 94
95 31
91 84
0 7
1 32
1 64
5 14
4 29
8 2
76 29
8 81
8 25
9 64
11 44
13 70
15 17
16 76
20 60
20 22
23 30
23 92
25 72
26 82
28 93
28 34
29 59
31 8
34 65
36 4
37 19
38 53
37 98
46 89
52 23
52 85
56 47
57 56
57 73
64 39
67 53
69 60
77 91
80 97
81 73
81 5
83 50
87 98
88 45
88 31
88 71
91 11
94 93
97 73
99 63
