112
69 68
9 13
0 76
6 55
55 74
15 72
10 91
19 11
52 31
57 82
48 62
74 88
72 9
22 4
74 79
77 38
76 63
2 27
96 82
6 98
8 59
9 72
82 38
9 7
15 61
44 7
16 45
15 92
96 48
18 34
16 55
96 94
19 87
24 45
25 78
32 43
32 82
34 35
36 25
35 92
36 70
38 45
52 77
59 60
43 72
62 28
67 80
74 22
59 47
72 70
64 96
77 79
87 22
87 64
88 90
73 51
97 35
79 95
99 62
0 5
0 19
91 43
91 5
0 80
0 56
4 86
5 36
6 43
94 55
8 16
7 55
10 39
12 82
16 0
18 71
20 48
22 91
21 16
25 68
25 23
27 2
31 61
31 72
34 23
42 1
41 20
44 82
45 13
48 25
48 45
50 66
49 58
50 98
53 3
53 87
64 7
66 54
66 14
66 84
70 8
75 2
77 70
78 57
78 85
82 30
80 78
88 9
90 19
89 71
94 18
96 0
99 22
