114
59 52
11 35
53 28
30 59
34 20
2 96
4 53
17 57
22 61
31 28
36 72
22 91
41 55
53 1
55 93
67 2
69 54
26 42
84 57
70 8
4 27
3 34
60 89
8 91
8 43
11 84
12 62
15 77
20 51
21 16
30 51
29 74
35 7
23 77
36 27
39 66
46 65
52 75
52 39
57 82
59 72
62 21
69 16
40 96
60 60
78 14
79 43
81 2
81 84
86 98
88 80
86 27
91 49
94 85
87 71
97 23
0 60
0 21
0 80
3 5
5 25
5 66
8 95
12 29
95 30
12 39
15 70
16 12
16 86
17 92
18 23
19 42
20 4
26 37
24 97
29 2
31 93
34 54
37 49
38 21
40 17
41 89
43 6
45 35
44 51
47 87
48 61
48 3
49 83
50 11
51 68
56 17
58 37
59 13
61 30
62 77
62 54
63 46
68 39
68 62
73 6
73 55
71 81
73 48
76 95
78 69
81 40
81 76
80 91
89 35
94 1
97 40
97 75
98 62
