113
29 17
6 17
38 60
24 32
42 41
2 11
1 80
3 44
14 81
29 43
39 43
14 28
45 17
47 24
53 96
71 75
66 87
58 19
63 64
93 62
96 87
56 35
5 13
91 44
10 93
13 14
6 31
34 94
18 5
18 92
21 35
22 84
21 4
29 24
28 74
34 75
8 39
34 7
38 85
43 92
47 43
24 22
35 17
51 5
51 11
22 54
55 45
62 91
70 31
74 39
82 56
61 26
78 30
85 3
83 74
84 88
90 94
92 11
97 78
0 1
0 16
0 57
0 23
0 76
0 98
1 49
10 61
11 95
12 74
90 30
12 88
14 82
17 26
20 95
20 49
20 12
26 86
28 34
30 64
31 87
33 43
37 98
42 9
43 30
44 79
46 49
46 96
46 67
49 55
53 0
56 70
58 13
56 85
61 42
61 58
63 81
63 97
65 11
66 43
65 73
71 56
70 87
72 2
74 9
73 78
75 58
74 23
83 21
87 37
88 89
88 64
94 85
96 24
