112
11 2
90 79
89 67
9 90
21 15
4 77
23 52
27 28
13 73
33 3
35 37
38 55
48 58
50 36
85 23
94 8
6 32
11 34
9 52
8 13
14 48
13 65
56 54
68 14
15 78
19 61
18 66
32 57
32 98
59 23
34 87
36 66
38 21
43 47
42 96
47 16
29 11
47 80
49 55
51 92
52 19
51 69
46 73
36 71
53 80
59 34
63 74
66 51
63 1
66 29
70 42
72 65
75 17
74 98
77 29
79 36
78 78
83 14
87 83
92 29
74 85
95 72
93 90
96 11
98 91
0 52
98 36
1 26
14 2
13 28
17 10
19 84
23 61
24 40
25 29
25 76
25 94
31 0
33 50
41 20
42 9
44 26
43 86
45 41
51 28
52 56
52 91
55 1
56 60
57 43
56 70
59 95
62 14
65 63
70 5
74 59
74 13
77 6
79 1
81 52
84 43
86 34
87 5
87 22
87 47
88 51
86 70
90 25
89 62
95 99
95 2
98 81
