114
2 55
3 93
92 58
3 28
92 65
3 22
9 20
2 6
94 78
9 69
18 73
4 60
18 59
25 5
28 39
32 83
62 44
43 15
62 70
80 33
2 71
5 84
11 60
61 82
49 81
19 10
19 44
15 50
20 15
22 54
22 81
18 93
27 33
45 8
29 73
29 8
31 27
31 21
34 65
37 91
40 84
53 13
55 33
42 22
59 16
61 62
65 6
71 98
63 97
73 85
72 8
85 16
85 39
90 83
95 43
0 17
0 91
3 38
3 94
5 0
7 35
91 3
7 8
9 99
12 3
22 28
27 89
29 82
29 32
31 47
33 6
33 17
34 74
37 28
38 53
39 2
42 37
43 76
46 25
44 97
48 33
50 48
51 69
51 22
51 75
51 40
52 87
53 61
53 93
58 11
59 52
58 76
61 1
61 91
68 24
68 84
70 60
71 53
72 1
78 14
78 82
79 24
79 55
79 74
83 65
83 52
85 77
86 29
87 90
88 25
88 73
88 94
89 14
93 86
