119
84 50
77 85
2 9
4 35
26 32
36 87
40 37
42 7
81 19
52 0
17 80
92 81
96 92
1 24
61 7
2 18
3 97
2 44
4 82
8 40
10 12
15 97
17 16
19 46
14 22
21 3
21 21
21 53
82 79
28 57
23 74
35 49
34 94
34 60
45 61
47 12
8 64
47 93
51 20
52 7
53 79
54 34
57 89
64 52
67 61
36 20
69 69
75 66
88 14
88 88
89 23
91 3
91 61
63 23
31 8
96 53
95 18
2 71
77 97
3 88
97 43
4 92
6 9
9 49
10 1
12 30
10 58
21 86
21 59
25 16
26 80
29 54
30 72
30 89
31 98
35 26
34 17
36 62
38 83
41 3
43 26
42 40
44 57
45 21
46 71
48 97
49 40
49 29
51 50
52 12
52 57
53 84
58 70
58 75
59 38
62 91
62 84
65 76
67 15
69 40
71 70
73 60
80 25
79 0
80 51
81 74
82 37
82 99
82 61
82 45
86 29
88 63
89 52
92 84
96 1
95 62
96 33
97 85
98 24
