114
10 81
56 67
87 71
85 16
3 67
31 31
23 67
8 37
29 65
58 21
12 11
40 90
64 77
74 28
67 23
79 82
92 13
88 32
88 47
95 29
0 8
2 26
42 35
2 43
1 54
5 76
7 2
76 2
26 93
29 23
31 2
34 64
68 89
13 27
37 17
52 45
56 37
56 80
57 94
34 95
60 52
65 36
61 58
66 69
74 11
70 40
78 70
79 48
86 93
88 8
96 83
91 95
70 58
0 19
3 99
93 55
4 45
5 30
6 12
6 53
7 69
7 90
7 16
11 76
15 17
15 41
14 82
15 93
16 56
96 77
17 29
21 5
21 13
22 40
28 48
28 59
30 15
31 86
32 43
33 50
33 25
34 54
35 11
34 70
38 49
46 77
48 51
50 5
51 70
52 57
57 9
57 32
57 1
57 45
58 96
59 75
62 96
63 49
65 10
67 6
70 20
73 86
76 33
76 52
76 78
76 38
82 22
85 64
89 0
88 19
91 27
96 16
96 47
98 62
