114
56 55
66 64
58 77
18 77
71 6
10 5
18 51
24 44
24 10
27 54
89 37
55 29
55 91
61 87
43 42
56 24
74 42
82 22
94 34
2 70
99 21
4 63
2 53
7 19
13 35
32 19
36 78
40 4
41 83
43 21
22 82
42 12
44 49
97 11
46 34
47 60
48 80
54 61
56 36
55 45
33 54
59 48
56 95
63 18
68 74
69 57
71 25
70 48
74 1
76 52
74 72
65 35
77 21
88 23
83 44
77 61
92 48
98 89
1 91
3 1
6 85
79 2
7 92
7 31
9 73
10 55
13 98
15 60
16 13
17 47
17 96
22 36
24 60
27 41
27 72
28 94
28 3
29 10
34 19
37 63
40 74
41 68
45 12
47 56
48 4
51 73
55 67
55 83
58 98
58 3
59 11
59 73
60 43
60 56
64 92
65 23
67 11
69 63
71 79
76 92
80 74
78 99
82 88
82 10
83 96
83 33
84 61
86 69
91 3
93 48
95 30
95 99
97 52
97 62
