118
40 56
25 37
27 93
3 82
28 22
27 47
28 2
34 50
52 96
57 8
38 7
34 26
61 95
60 59
72 57
94 31
64 6
1 8
2 35
63 33
61 69
5 72
10 10
8 25
15 37
7 57
17 81
17 7
20 56
20 2
20 40
21 13
18 96
27 6
39 15
41 42
25 32
41 50
43 92
52 51
37 39
52 1
51 28
65 97
57 70
64 82
69 8
69 0
68 51
73 39
72 97
81 16
76 20
85 90
83 79
88 57
91 13
95 90
0 44
0 87
94 46
94 82
2 69
88 72
4 93
6 35
8 51
8 78
11 30
12 16
12 65
13 75
14 89
20 19
23 27
21 67
27 54
26 85
28 61
30 11
31 46
33 97
35 84
35 63
39 1
40 67
43 14
43 83
45 38
49 21
48 47
52 57
54 4
54 48
54 36
54 84
58 12
61 85
61 38
65 63
66 32
67 23
68 64
68 69
67 81
68 89
72 11
77 61
78 52
78 98
79 35
79 70
82 7
82 63
84 42
87 52
96 21
99 37
