115
75 35
2 27
9 24
7 45
17 66
23 30
54 31
28 14
46 34
74 81
70 23
67 88
82 96
89 45
85 68
87 78
96 38
0 50
0 33
0 38
1 81
6 81
9 37
5 23
7 5
13 50
17 56
18 85
19 17
20 45
25 72
33 89
38 28
41 82
15 69
76 13
92 24
42 4
48 20
48 57
51 65
50 85
60 18
60 51
53 77
66 46
68 71
60 59
71 61
73 44
58 41
73 53
78 77
80 86
79 31
83 13
86 18
85 40
89 88
55 21
94 91
91 53
97 48
97 74
0 15
0 63
1 96
6 64
7 31
11 56
13 41
19 12
20 0
21 60
22 93
21 21
22 79
24 46
25 41
25 67
29 27
29 53
30 36
32 14
34 45
36 97
39 48
41 15
43 61
45 21
44 79
46 42
48 12
47 92
52 8
54 12
56 0
55 85
60 23
63 40
63 72
65 80
65 95
69 18
70 35
71 6
72 90
76 96
79 39
79 71
80 52
82 31
83 99
93 12
92 30
