115
0 36
77 40
20 64
3 7
9 67
23 47
28 52
36 99
15 15
47 19
43 15
40 71
47 47
66 89
4 19
79 89
80 28
80 80
0 31
31 6
5 11
9 24
11 54
14 60
26 75
26 27
26 94
31 39
20 31
6 37
31 48
34 68
40 2
44 86
46 41
47 95
11 91
50 1
31 57
52 22
51 70
5 79
57 5
57 91
38 14
57 72
60 31
60 63
61 38
66 28
68 41
71 33
77 67
5 62
78 52
82 44
81 60
87 92
85 11
90 51
92 19
94 53
0 52
0 93
6 98
80 23
8 70
11 49
18 20
20 40
21 5
92 87
22 98
29 20
29 32
31 3
35 85
36 24
37 49
38 55
37 81
46 24
52 7
51 60
52 42
53 48
54 52
54 28
58 12
59 52
58 78
60 93
63 18
64 82
67 51
67 58
67 99
71 18
72 36
72 88
73 7
79 95
81 3
80 82
84 77
87 46
88 1
88 67
90 24
92 10
89 38
94 44
96 30
97 95
98 20
