112
30 56
67 17
46 39
88 42
6 59
15 23
16 67
19 29
23 85
25 53
32 78
40 79
5 53
52 64
50 95
54 51
41 45
61 73
77 60
55 6
55 24
94 26
94 73
65 44
42 91
3 43
5 19
2 91
9 97
1 23
97 14
13 89
15 53
16 98
22 91
27 12
28 31
35 94
48 67
32 39
49 78
58 69
62 20
55 34
65 66
42 58
70 50
70 23
75 41
38 99
76 7
76 72
82 33
84 99
86 22
87 53
86 73
93 84
94 3
0 10
97 72
0 80
2 32
5 1
7 32
11 73
12 91
13 80
12 15
17 22
16 84
19 6
21 14
25 91
25 75
27 23
32 48
34 8
34 57
34 28
37 52
38 71
40 18
44 5
44 32
46 92
46 55
49 15
52 15
53 41
56 94
57 13
60 24
68 90
68 15
69 95
71 32
74 53
85 86
78 10
79 69
78 38
84 61
87 36
90 43
92 8
93 53
92 94
94 20
95 84
95 28
96 40
