95
79 88
80 95
61 43
70 87
80 45
85 77
91 82
93 9
83 73
14 10
16 25
26 10
78 64
82 36
83 28
16 19
27 42
49 24
52 43
51 8
56 20
71 45
78 2
70 34
82 12
86 21
1 1
15 47
76 16
15 35
24 17
20 42
82 55
48 18
51 15
97 83
48 37
54 37
61 26
66 71
67 15
70 26
73 96
71 79
73 70
75 53
76 87
67 54
58 50
82 45
88 49
80 62
88 33
89 75
91 92
91 62
94 54
0 7
98 10
3 14
5 25
8 33
11 2
16 11
16 49
18 8
25 25
28 39
34 12
40 31
47 0
48 26
55 3
57 32
65 63
66 8
71 59
75 25
75 92
76 50
79 6
79 22
80 66
82 8
81 98
84 0
85 16
85 84
88 97
89 5
90 31
94 45
94 71
95 4
96 29
