101
97 2
89 50
0 4
9 10
15 53
33 38
56 29
14 76
49 6
86 90
6 0
96 77
8 66
18 18
22 52
19 93
27 65
38 1
42 97
45 25
25 36
55 43
63 0
80 7
83 58
75 30
1 97
45 40
67 37
3 54
3 10
4 21
15 45
23 86
27 76
31 33
32 8
32 18
36 13
53 77
59 60
26 46
63 88
66 53
69 60
71 22
72 67
76 48
80 40
83 19
76 54
75 18
90 34
92 55
5 6
15 77
16 40
21 64
23 56
25 23
28 90
34 56
34 41
69 90
35 97
35 78
37 22
36 89
39 67
40 58
43 10
41 30
44 76
46 70
48 97
48 55
50 31
51 21
54 10
54 51
55 3
56 89
57 46
59 26
60 65
59 95
60 81
65 9
66 30
67 43
73 0
74 72
77 88
79 95
81 82
83 53
86 26
90 10
90 23
93 33
92 89
