110
69 44
49 52
1 23
50 37
9 97
12 77
44 88
18 44
23 26
18 33
35 67
34 14
48 21
32 40
52 91
53 66
54 83
41 25
58 77
61 45
68 93
70 34
98 71
1 30
1 59
9 40
10 56
9 82
91 75
14 29
17 66
23 20
23 51
30 6
29 92
31 18
40 45
40 55
32 35
44 17
55 45
59 57
60 93
63 29
29 45
66 84
60 7
66 13
43 49
73 50
75 88
76 33
77 71
69 70
79 65
80 5
85 11
90 65
94 7
0 96
96 87
1 48
5 27
5 20
8 35
8 63
9 14
12 4
79 17
11 91
13 58
17 81
26 77
28 88
30 23
35 0
35 61
36 20
38 73
40 13
40 67
42 35
44 76
47 89
50 14
51 75
53 95
53 90
56 36
60 85
62 98
69 4
68 60
72 38
76 44
80 34
81 73
81 62
84 42
83 81
85 19
86 36
86 60
87 50
89 88
93 15
95 30
96 21
95 51
96 96
