120
2 65
6 17
6 23
15 6
15 96
29 59
30 15
73 81
37 88
30 87
43 39
56 37
63 52
43 49
68 61
70 8
56 44
82 79
77 96
89 41
88 69
3 33
2 7
5 41
8 46
8 77
13 34
12 51
14 27
18 13
19 84
22 68
25 47
12 83
30 79
31 69
35 48
17 71
38 11
43 76
38 35
41 22
60 61
62 11
68 2
65 33
82 87
86 97
78 46
68 77
42 64
93 26
93 60
1 69
7 14
8 64
13 88
15 0
15 31
15 41
15 55
96 74
17 60
18 97
20 49
46 8
20 91
23 31
24 22
24 55
26 70
28 4
29 36
32 73
32 94
36 13
37 53
36 27
39 3
38 43
41 92
43 55
45 97
45 18
48 71
50 21
49 88
50 11
55 54
54 73
56 28
55 65
58 36
57 80
59 92
64 96
71 49
68 14
67 56
70 22
70 29
68 66
71 37
74 82
76 9
75 63
79 34
80 24
83 40
81 72
84 89
85 27
86 50
89 63
88 3
90 95
92 32
92 90
95 3
97 67
