114
62 51
52 87
14 50
53 35
12 96
67 18
20 77
20 94
40 78
40 14
31 95
35 70
75 39
79 4
91 85
58 8
49 7
3 21
6 37
7 6
9 59
13 39
20 68
89 54
16 9
21 58
22 30
26 4
24 45
28 88
28 71
32 29
34 27
37 5
34 12
40 44
79 90
43 51
36 64
47 31
47 60
51 78
54 54
47 95
56 95
54 18
59 63
59 34
68 4
71 61
60 88
66 67
70 53
75 44
81 78
80 72
89 66
92 11
94 50
93 77
98 65
0 12
97 85
0 59
0 94
99 54
3 76
5 86
5 96
9 21
6 81
11 66
11 88
18 18
17 87
19 34
19 4
25 60
25 52
31 36
33 49
35 88
39 99
40 25
42 85
45 79
46 10
47 43
47 68
51 27
52 71
54 1
62 11
61 23
62 75
65 47
65 30
69 14
72 67
73 97
74 18
75 85
80 49
82 72
81 85
84 96
84 28
84 58
89 13
90 43
94 45
95 30
95 37
99 6
