116
2 4
21 25
7 11
17 67
43 40
27 17
16 47
26 75
34 83
50 85
30 50
41 89
51 76
12 32
51 64
64 67
56 24
86 3
91 63
83 14
97 4
1 82
86 57
17 14
77 58
8 78
20 40
6 96
19 8
22 79
28 3
66 79
34 13
28 26
36 37
38 50
43 32
50 46
51 13
54 34
55 97
57 11
44 60
62 17
60 46
61 87
71 38
72 55
72 78
73 93
74 30
76 82
80 93
81 81
82 63
86 16
82 86
87 39
97 38
97 48
97 77
94 63
0 49
1 44
1 0
3 56
3 26
4 19
5 4
5 89
10 20
11 13
11 69
12 98
16 31
20 99
23 11
25 32
27 55
29 43
31 66
33 33
31 89
35 26
35 55
36 41
36 81
45 29
45 38
46 68
47 59
52 1
54 67
56 39
56 50
58 80
59 57
62 8
61 95
64 1
64 42
65 52
67 86
68 17
73 97
78 9
79 40
83 32
85 49
84 92
87 43
90 37
91 91
96 8
96 15
97 23
