112
45 1
91 56
3 87
10 37
39 47
22 73
37 38
53 45
12 85
51 10
66 86
64 58
91 27
75 20
97 27
84 91
0 94
0 60
0 27
2 9
96 60
3 19
6 42
67 5
97 78
9 73
15 91
6 99
18 64
26 26
25 84
19 93
28 45
30 61
35 72
44 53
42 58
46 72
45 30
47 98
47 39
51 24
51 82
53 68
55 87
58 37
60 67
69 58
67 30
62 44
71 92
82 48
82 66
77 42
80 74
86 31
80 77
85 10
96 42
95 72
96 13
2 47
3 61
3 5
7 21
9 29
13 52
12 70
17 42
20 23
23 59
21 99
26 54
26 77
28 70
29 23
29 48
30 1
31 9
34 69
35 86
36 23
40 9
46 89
47 61
52 97
52 0
56 90
59 53
61 96
65 50
66 37
67 83
67 11
70 21
71 2
72 67
72 97
73 34
76 62
79 3
82 56
83 1
81 26
83 43
87 86
91 34
90 62
96 51
97 7
96 18
97 90
