111
28 52
6 64
49 53
0 92
34 43
29 95
88 96
29 23
2 50
16 35
44 40
44 91
50 0
53 16
29 13
51 52
3 64
57 24
47 31
76 85
90 31
6 3
67 76
78 71
5 15
11 39
10 49
15 5
13 72
18 24
92 46
20 92
19 61
9 32
26 83
35 80
43 84
33 64
52 84
56 96
60 88
61 67
63 43
36 31
61 32
74 27
81 24
51 25
82 59
67 54
88 14
93 38
94 78
91 60
96 24
98 6
98 92
0 32
0 54
0 96
82 82
4 95
5 44
9 61
10 99
13 75
97 59
16 86
20 48
19 66
21 13
22 77
24 31
26 3
26 58
29 68
33 2
31 16
34 75
36 12
43 2
42 13
43 24
52 37
55 2
57 38
55 64
58 16
57 47
58 83
60 1
60 62
63 96
65 80
70 38
70 55
69 67
71 30
72 2
72 10
73 95
74 46
77 40
77 90
82 49
83 10
88 70
93 99
95 71
97 43
99 31
