91
37 27
94 2
96 36
26 18
28 95
28 4
94 28
66 27
27 59
38 4
60 92
84 37
27 10
11 51
96 46
93 73
28 82
54 0
53 95
55 26
56 72
85 0
84 71
84 25
93 53
94 31
94 22
1 73
8 84
16 85
17 60
17 41
26 37
26 73
12 91
26 50
36 82
47 84
49 26
57 30
58 37
61 84
67 26
73 14
73 81
84 55
82 16
88 48
92 63
93 10
0 81
0 57
1 34
2 92
2 27
2 9
9 41
14 75
16 4
14 49
16 33
17 24
19 94
24 81
25 67
24 99
25 44
26 87
25 0
27 16
37 89
38 16
41 86
44 50
46 91
45 59
48 37
51 72
54 84
56 97
58 5
60 13
61 73
73 34
72 60
73 96
82 5
85 99
88 25
90 15
94 91
