116
39 71
2 41
20 36
21 42
38 6
67 28
26 54
31 64
33 62
40 34
38 78
39 88
44 11
51 63
61 10
45 41
62 63
76 47
74 25
55 73
6 1
0 90
88 4
8 38
7 70
10 91
10 63
12 16
9 49
4 84
14 57
17 49
23 65
24 31
28 91
41 51
22 53
43 24
48 28
66 57
56 25
70 81
69 97
63 21
72 88
80 34
80 21
81 77
82 95
86 36
86 50
91 68
29 76
92 24
93 35
93 95
96 56
96 78
0 9
0 37
1 49
2 30
7 8
7 87
7 21
10 27
9 35
16 83
17 91
22 2
24 59
27 68
29 4
31 47
53 43
32 52
34 23
35 82
35 55
38 11
42 20
42 43
43 0
42 80
43 89
45 96
47 55
48 25
49 5
53 62
53 86
56 68
56 77
56 91
60 85
67 14
68 77
69 17
71 51
71 39
73 61
76 74
76 14
77 64
78 47
81 9
83 43
86 23
88 16
89 11
92 13
93 21
93 2
95 70
97 65
97 44
