117
88 6
93 29
2 87
14 51
31 93
28 14
96 13
36 8
42 55
36 71
56 34
27 66
56 72
63 83
44 16
77 11
58 10
81 20
71 27
19 45
69 5
95 41
1 37
94 71
3 84
3 11
5 73
8 90
16 92
27 60
36 77
41 64
43 84
46 92
49 80
18 4
53 53
4 20
56 28
56 99
60 4
60 39
60 61
62 55
67 98
69 67
77 45
76 97
30 30
81 33
83 18
85 62
79 74
78 91
69 79
91 37
97 51
97 56
86 81
0 40
2 49
4 61
6 96
7 24
7 41
7 73
8 1
7 49
11 16
11 58
15 78
80 54
18 74
20 88
23 46
25 75
26 35
26 55
29 18
29 0
29 84
33 99
33 50
36 18
37 37
38 32
41 8
41 51
42 3
43 19
43 43
45 61
49 12
49 0
49 77
53 21
55 16
58 19
57 48
59 25
59 71
59 76
61 87
65 35
68 39
69 16
71 60
73 1
71 86
82 44
82 27
84 3
85 51
89 24
89 92
93 19
98 85
