108
31 20
37 67
92 90
23 98
50 40
55 71
46 73
96 5
34 45
35 90
43 65
51 17
30 83
9 60
69 24
79 85
60 6
81 97
84 30
96 10
1 55
52 24
1 40
14 72
94 66
26 73
13 34
16 21
15 90
23 56
24 4
29 42
29 62
37 87
39 0
41 92
43 15
46 21
48 82
9 9
53 46
53 97
57 88
67 37
67 67
72 80
74 54
74 67
81 90
44 51
81 11
67 88
86 97
73 15
89 4
89 21
91 47
95 36
95 57
98 88
94 20
1 90
4 22
4 30
6 53
7 95
7 42
12 85
14 56
16 77
21 84
22 23
23 47
26 1
27 11
28 90
32 6
33 54
33 78
33 32
37 8
38 44
44 61
42 90
46 26
51 67
63 17
64 72
66 2
67 59
67 99
71 58
74 7
73 31
74 95
79 41
79 56
78 68
79 62
85 53
86 70
87 49
89 83
90 15
90 93
95 81
97 29
98 60
