110
63 96
6 97
66 13
10 2
21 69
25 29
13 85
34 45
14 43
35 94
39 58
39 10
36 86
49 5
56 60
57 34
46 32
59 21
8 30
74 67
67 70
88 83
0 38
0 96
2 21
93 21
5 84
9 15
16 56
19 24
9 37
53 15
20 99
18 16
25 46
24 61
23 86
29 4
30 84
34 65
35 51
41 66
45 15
43 79
45 46
48 53
55 45
35 74
59 7
59 95
60 40
61 83
71 28
67 41
76 78
79 35
78 92
79 68
94 30
0 56
95 65
2 47
9 6
91 49
9 78
16 1
16 63
17 48
19 71
21 4
79 55
24 42
27 64
29 11
31 69
32 34
32 97
34 24
37 33
40 89
43 1
97 37
43 9
43 24
43 69
48 78
49 40
51 84
52 55
50 92
54 23
63 3
62 17
66 6
65 87
68 62
69 85
72 4
75 25
79 14
78 23
81 89
83 63
85 0
88 5
87 34
91 0
95 12
95 82
98 51
