110
42 25
59 56
82 74
3 91
3 21
6 6
92 33
21 43
35 23
24 86
35 94
40 33
41 68
41 50
47 94
92 68
4 44
5 97
68 68
76 35
8 50
9 83
24 96
32 27
28 6
30 53
15 94
27 69
32 86
33 34
32 78
35 47
35 56
39 85
39 13
42 38
40 97
51 94
52 72
57 84
55 9
60 72
64 55
65 37
61 6
66 85
58 46
67 72
68 50
70 8
71 88
77 29
49 30
70 95
77 84
78 91
78 4
78 17
80 47
83 8
86 83
80 55
92 61
94 50
95 3
97 8
96 90
86 16
89 94
0 37
1 57
0 64
3 74
11 77
11 29
14 17
16 43
17 22
18 63
19 49
23 35
28 21
29 41
29 93
31 16
36 3
40 16
43 57
45 70
46 36
48 13
49 49
54 24
54 79
57 31
57 96
61 74
61 92
67 23
70 62
75 10
74 72
82 40
84 3
86 71
89 9
90 39
91 25
95 56
97 68
