114
14 9
6 73
18 32
20 44
26 85
27 51
26 56
33 23
78 17
80 10
66 32
59 35
81 33
83 73
95 67
33 83
97 35
1 22
74 61
2 87
40 28
47 45
2 97
9 13
15 6
3 11
10 32
21 32
20 1
61 20
24 5
30 33
20 79
30 67
37 87
50 56
50 68
54 15
54 28
50 39
56 87
58 83
61 11
63 77
69 78
73 13
73 26
74 84
63 3
85 37
89 14
89 87
86 49
94 60
90 0
95 75
95 89
83 21
96 7
0 74
96 49
5 21
5 49
6 39
7 60
8 67
11 22
10 90
12 40
12 49
12 69
14 56
18 26
18 73
21 12
19 65
23 18
23 43
25 58
25 77
30 96
31 7
32 47
35 63
37 36
38 96
39 71
38 56
41 0
43 48
45 74
50 5
52 18
59 51
62 41
63 71
64 62
65 85
67 91
68 50
71 45
73 4
79 5
81 57
81 93
87 22
87 46
85 71
89 35
89 69
93 19
95 27
96 77
98 96
