106
15 74
46 88
26 61
4 2
50 50
74 54
5 49
14 24
15 8
11 78
38 16
13 45
52 11
47 22
27 87
61 77
60 8
87 32
88 67
51 95
93 91
65 82
2 10
78 41
10 83
7 56
16 81
16 98
20 34
21 50
20 76
14 90
32 2
32 46
34 28
35 6
21 67
38 94
43 65
45 16
47 38
49 29
54 22
53 75
57 54
57 82
60 66
61 24
63 39
42 81
66 75
95 8
75 8
75 87
68 15
76 72
75 24
34 36
65 64
85 54
89 25
86 91
94 73
4 29
81 20
5 95
6 9
10 15
85 10
8 70
14 58
16 2
19 7
20 99
22 24
23 14
29 50
29 17
34 67
36 39
41 1
40 43
43 58
46 96
52 31
53 10
57 99
59 17
60 46
59 90
63 4
63 95
65 49
65 23
69 29
69 15
71 47
71 78
76 64
76 95
81 78
86 43
91 47
94 25
95 64
95 36
