114
12 45
39 80
50 28
4 38
4 81
24 74
20 48
29 7
40 70
40 1
49 69
57 52
44 76
59 30
44 25
34 92
60 8
20 34
70 33
64 67
75 79
78 9
69 13
90 53
2 94
4 46
4 7
8 56
11 82
15 14
90 5
12 4
16 89
21 56
26 26
27 76
31 34
31 86
34 50
44 63
44 3
35 59
47 58
55 77
51 52
60 39
60 85
69 51
65 20
73 25
75 90
75 66
79 5
81 28
84 85
87 31
75 46
94 58
93 94
71 3
99 28
0 74
2 60
2 69
3 99
3 34
11 79
12 36
92 18
13 19
17 59
19 89
20 81
21 12
22 65
26 58
26 97
28 16
29 54
33 39
37 24
38 55
40 40
41 84
41 98
44 12
47 93
48 41
50 16
55 97
57 13
58 59
61 26
60 78
68 84
68 98
70 18
79 98
80 89
80 47
80 39
83 20
85 57
86 71
86 44
87 96
88 82
89 88
90 27
92 72
94 68
94 77
95 98
95 3
