114
52 74
97 2
5 42
91 92
50 9
8 4
9 96
3 57
9 80
24 11
12 88
59 79
13 13
71 51
22 29
23 52
83 11
45 65
85 89
86 71
60 47
41 87
90 75
2 14
7 58
28 40
21 86
16 35
27 6
26 98
11 93
29 77
29 85
29 68
31 26
34 4
38 19
38 54
42 31
49 22
52 38
50 91
72 59
53 84
60 72
61 16
65 86
67 68
69 31
78 3
66 20
78 45
83 16
89 32
84 27
70 9
86 63
93 51
92 19
97 82
0 75
0 24
0 87
79 95
4 0
5 71
9 49
11 8
11 31
11 76
12 54
17 10
17 47
21 23
22 64
24 22
31 57
31 76
33 40
34 32
35 46
35 90
37 7
38 0
40 79
43 11
44 55
45 30
45 62
47 42
48 27
48 73
50 46
55 64
55 3
57 9
57 29
60 96
62 52
70 76
72 83
73 39
77 13
79 37
85 46
87 13
88 70
89 83
91 31
92 38
95 5
94 76
95 34
97 23
