110
15 44
13 9
3 62
85 68
6 13
42 17
10 29
12 51
69 40
10 96
20 54
30 10
19 62
48 49
43 81
64 79
44 65
22 79
24 47
41 39
67 10
75 42
70 56
86 39
2 28
6 57
7 76
6 49
12 85
16 99
22 98
19 41
23 25
37 75
30 60
33 32
43 95
49 21
51 60
40 52
55 45
44 29
63 94
64 75
52 85
72 13
53 34
66 34
62 61
75 76
77 56
70 2
83 1
88 10
92 42
92 93
92 35
95 83
98 54
2 88
4 16
7 69
7 77
7 37
10 11
12 4
91 51
11 59
14 34
20 85
20 56
23 28
28 89
29 44
32 76
36 24
36 46
36 70
38 8
38 59
43 61
46 42
48 6
51 50
52 66
53 19
56 66
58 73
60 84
61 97
65 41
65 66
68 46
67 85
71 77
72 62
74 99
75 21
77 43
76 9
81 49
82 17
82 75
82 91
84 29
87 62
87 97
95 27
96 97
98 13
