114
22 34
4 35
60 55
70 14
23 44
31 58
33 30
16 11
34 79
36 51
47 2
52 78
35 37
18 2
62 32
62 80
47 85
70 55
70 74
0 7
75 90
36 10
8 42
9 80
44 27
10 49
12 54
14 71
16 26
18 90
35 24
21 79
70 25
36 71
39 77
42 97
54 28
54 89
50 67
4 25
49 53
57 46
57 41
60 24
73 47
65 6
66 85
76 35
77 16
79 83
82 2
81 73
88 6
88 76
90 82
69 68
93 55
98 65
0 63
0 70
0 79
1 36
91 28
4 58
6 36
11 3
16 40
17 57
18 39
21 27
22 52
29 11
29 33
30 83
35 21
35 41
36 87
39 60
39 67
40 80
43 37
43 73
44 9
44 20
44 94
47 42
51 61
53 82
55 89
56 99
57 1
62 62
63 43
63 74
66 34
70 93
73 4
74 20
73 28
79 40
79 63
80 11
81 95
85 17
85 95
85 48
85 2
87 90
88 60
90 38
93 77
94 9
95 22
99 2
