113
28 51
91 2
11 38
10 45
19 25
30 31
26 84
37 86
39 62
44 78
15 33
65 42
61 90
15 10
58 16
68 92
82 26
47 32
2 44
3 82
58 46
3 0
83 33
49 21
4 89
96 45
10 17
11 1
10 25
20 76
23 33
14 56
14 66
53 74
25 91
24 11
24 71
26 99
32 53
31 22
35 78
36 10
37 58
38 27
43 3
45 84
47 47
47 7
42 39
51 80
52 57
48 95
57 99
59 76
54 64
74 75
58 63
89 18
90 56
95 87
0 14
1 72
4 50
92 68
7 11
60 54
10 67
13 98
14 92
17 83
17 71
21 47
23 20
24 61
26 10
29 38
28 77
30 65
32 43
31 86
34 96
35 89
37 30
40 64
53 0
53 30
54 36
56 81
59 23
60 35
65 6
65 60
64 16
67 24
73 38
73 93
76 67
78 98
79 4
81 12
82 0
82 17
82 68
87 85
90 78
90 46
94 9
93 32
94 0
94 94
94 82
96 53
96 63
