112
22 60
80 51
12 81
19 56
23 97
84 63
22 8
13 64
27 64
39 54
45 45
44 76
66 52
40 34
25 51
71 7
87 33
67 67
68 37
95 52
2 86
3 93
4 43
7 61
14 19
14 97
15 30
16 36
94 76
76 76
7 29
16 11
21 3
27 11
17 80
27 29
32 47
59 58
36 97
77 45
38 46
31 76
44 2
48 77
38 86
48 69
50 50
55 11
59 90
61 11
68 97
69 56
70 61
71 82
66 11
74 2
76 17
81 96
73 9
60 4
88 95
1 49
2 2
91 18
2 10
2 34
3 58
4 75
7 97
9 44
10 75
16 58
17 66
17 53
20 74
21 35
27 30
28 22
32 18
31 66
32 53
34 74
41 78
43 18
50 4
49 26
51 32
51 91
53 86
54 98
56 67
56 78
58 98
60 24
62 39
62 84
64 45
63 80
75 32
78 48
77 62
79 25
83 18
83 81
86 72
89 24
90 49
93 15
92 85
92 38
93 31
97 41
