111
22 38
33 96
14 18
83 34
53 31
10 68
72 63
13 27
22 93
24 6
45 61
48 47
33 64
55 40
57 48
43 10
39 98
62 21
67 78
69 56
89 45
93 23
92 31
82 92
92 98
4 54
4 62
55 76
1 26
12 48
12 75
9 64
17 56
12 19
21 97
23 74
24 80
26 52
27 21
18 68
35 92
38 58
42 1
56 91
33 8
61 67
68 21
70 42
81 63
84 74
73 71
66 30
87 20
89 90
95 96
74 26
97 45
97 41
0 17
0 86
0 79
97 86
2 0
2 8
3 51
5 90
6 38
6 86
6 10
16 50
97 62
17 39
21 89
86 42
21 3
23 44
27 81
27 60
28 1
31 33
32 22
33 83
35 37
32 52
41 91
43 78
43 21
48 6
50 29
52 70
52 51
55 11
56 30
55 62
57 1
60 52
60 98
61 10
61 59
63 40
65 0
65 93
67 61
76 92
76 43
84 53
85 1
92 10
90 72
93 17
96 50
