115
57 49
23 80
67 90
2 93
10 58
10 71
17 43
22 89
27 12
42 6
41 60
68 65
41 52
49 78
63 33
77 19
63 5
81 3
68 76
83 80
91 69
43 17
0 84
11 4
2 65
13 63
5 11
14 18
16 49
18 10
18 38
19 96
27 22
88 91
28 48
27 84
28 79
30 35
31 97
30 7
34 74
38 38
43 31
59 80
43 81
61 88
63 59
49 33
67 16
76 36
80 97
83 42
77 89
86 11
87 3
89 50
90 39
95 92
0 77
1 55
3 27
4 47
5 36
5 95
6 54
7 89
97 26
14 75
15 82
17 25
17 51
18 4
20 60
79 80
23 88
26 2
26 70
29 22
29 61
32 4
32 46
33 90
34 64
42 44
42 51
47 96
87 73
49 41
50 60
51 91
51 72
56 50
56 99
56 40
61 68
61 23
63 51
69 88
70 42
74 46
75 26
76 63
77 48
79 14
83 60
84 52
84 32
88 22
87 6
92 18
93 86
93 38
94 59
95 68
99 46
