108
75 66
78 89
1 92
26 95
28 28
30 40
34 62
46 29
39 68
19 15
52 63
29 8
62 91
65 43
61 65
85 38
92 7
96 80
3 47
4 97
7 21
8 77
4 67
12 12
13 39
52 49
63 22
14 47
16 29
19 65
16 86
20 37
25 83
30 21
24 4
38 56
30 65
40 19
39 48
35 75
41 12
39 85
42 99
50 11
46 90
57 17
59 73
59 96
59 31
31 91
63 47
73 48
77 5
84 54
84 90
89 69
92 17
17 93
96 10
94 2
66 84
0 87
98 87
3 11
5 42
8 83
12 23
65 38
13 64
14 68
14 54
20 24
23 76
27 34
30 0
31 15
33 80
37 25
39 50
42 81
46 70
48 30
48 58
48 18
50 81
51 4
53 94
57 82
66 11
70 56
72 40
73 77
74 82
74 53
76 23
77 58
77 18
79 94
82 79
83 35
85 46
88 61
91 56
93 23
95 46
96 73
97 63
97 97
