109
25 95
75 59
47 45
3 19
85 23
34 82
2 63
88 12
39 10
41 90
38 41
49 67
58 39
79 97
4 98
98 80
2 3
64 89
3 52
8 81
9 46
87 71
13 25
56 18
71 56
11 71
13 51
13 65
18 75
21 34
26 72
27 54
44 3
42 58
65 2
32 14
18 80
43 20
46 55
54 47
58 27
59 63
62 54
56 74
16 33
63 35
65 81
47 36
71 24
68 81
73 9
75 16
81 79
77 69
83 60
92 33
90 80
97 6
98 47
70 48
1 69
4 26
9 92
98 16
14 96
16 8
17 44
18 51
20 15
21 23
26 45
86 33
28 85
31 29
32 39
32 91
34 26
33 58
36 1
34 50
39 44
40 95
43 66
42 87
53 56
53 65
56 7
56 85
61 14
62 46
65 75
66 17
65 28
64 39
72 0
72 74
72 88
74 39
73 81
74 53
80 43
81 81
81 27
85 0
83 94
87 17
86 23
94 74
95 97
