114
69 72
13 89
77 81
3 24
13 47
31 54
22 42
35 90
79 53
37 65
10 85
43 1
38 50
47 11
65 6
66 86
72 84
79 42
86 35
89 92
89 28
72 25
91 83
4 95
4 47
2 4
11 21
12 4
14 33
19 67
24 77
30 38
21 24
36 6
36 96
36 86
43 76
49 54
16 78
52 86
54 17
61 90
53 77
62 24
29 66
67 19
67 68
64 37
69 77
76 92
81 57
82 82
72 53
83 10
83 51
95 60
95 83
94 25
0 61
0 70
0 21
0 41
5 76
6 37
5 94
8 66
11 57
18 17
58 63
19 72
23 31
25 13
25 59
25 84
28 3
34 52
33 71
36 0
38 33
39 20
39 10
41 64
41 71
43 37
48 67
49 31
51 21
49 42
52 53
56 39
56 30
60 11
61 77
64 51
67 65
68 2
70 6
68 14
70 67
70 88
73 30
75 28
78 60
80 72
82 41
83 97
86 64
87 77
88 58
87 90
91 5
91 50
96 16
97 97
