114
7 11
21 5
16 28
57 97
3 78
61 63
6 61
42 19
10 73
40 11
40 26
54 65
51 22
77 47
60 37
78 64
81 41
79 17
51 51
85 94
91 20
0 68
9 51
17 90
7 6
16 96
17 72
11 27
30 2
32 75
87 82
33 95
35 55
32 18
40 4
41 49
40 93
41 33
48 73
47 97
35 87
53 91
61 52
64 20
67 49
71 20
71 32
72 98
77 86
80 10
86 97
3 21
78 31
86 51
91 31
87 70
93 60
95 43
96 67
97 98
0 52
97 14
1 92
1 47
2 38
6 80
9 42
9 98
14 67
16 43
16 15
15 58
19 29
22 41
22 11
23 95
26 84
28 5
30 34
38 22
39 57
41 41
43 75
42 12
46 0
47 62
50 11
50 26
48 41
51 96
56 67
57 15
59 42
61 93
65 64
66 8
67 71
67 77
70 63
71 57
73 22
72 39
73 74
78 2
80 89
82 26
84 87
83 63
87 33
92 71
92 89
94 52
95 78
95 2
