112
43 78
15 84
61 49
1 44
60 9
6 44
9 99
16 29
8 55
15 52
95 30
27 79
46 59
46 7
52 83
63 86
59 27
74 78
62 2
79 9
72 86
85 69
92 57
3 66
6 76
82 58
13 73
14 88
18 44
26 48
25 71
29 33
32 7
33 95
37 78
37 57
38 8
39 33
43 28
36 82
90 7
46 93
49 30
48 37
57 47
55 89
63 29
63 24
74 55
63 78
75 19
76 26
76 73
80 64
82 88
85 40
80 14
87 49
85 95
0 14
0 56
97 15
0 82
1 37
4 99
6 26
8 17
10 64
12 44
16 2
18 20
18 40
18 61
19 78
22 22
21 2
23 64
25 98
28 68
30 13
30 88
34 26
33 97
39 19
44 67
45 49
47 3
46 23
47 59
52 21
53 69
55 61
56 15
59 38
60 98
64 66
65 36
63 92
67 74
68 97
68 45
78 39
78 24
85 76
85 52
85 84
89 95
91 78
96 22
95 46
97 55
99 75
