116
16 71
46 20
0 61
7 9
8 24
11 72
18 57
32 60
92 47
68 53
46 75
60 86
65 44
53 68
64 61
74 7
79 78
83 15
87 45
1 17
94 8
81 29
72 72
14 0
16 12
96 31
22 29
76 60
17 87
19 64
25 46
24 77
27 6
28 13
31 26
35 14
36 66
38 80
39 33
40 11
3 6
42 18
45 58
47 92
50 50
48 8
52 81
58 98
58 22
58 49
62 8
67 2
72 16
73 84
67 98
78 94
0 27
0 92
91 87
77 24
0 32
2 98
4 64
3 86
97 41
5 72
7 95
8 17
9 53
9 88
11 43
12 62
80 12
13 26
15 8
18 21
19 94
18 16
22 88
24 37
24 60
25 96
27 19
27 69
31 36
34 88
34 76
37 43
36 54
38 69
42 98
45 79
49 94
51 62
51 44
50 8
56 38
59 53
57 72
61 86
63 31
64 80
66 12
71 41
72 68
79 53
80 86
82 46
85 23
86 76
85 73
91 19
90 57
95 26
95 68
95 74
