110
9 62
89 51
41 90
30 82
63 9
1 8
48 32
13 4
5 74
19 40
32 35
22 20
68 25
39 67
40 32
51 26
50 85
55 50
65 92
71 56
75 74
88 76
70 32
64 46
4 23
6 29
10 42
17 81
12 22
22 29
30 9
3 62
34 52
30 31
35 79
12 69
35 84
40 5
38 42
50 36
23 75
50 75
57 62
43 15
48 96
62 1
70 44
59 15
78 50
74 17
82 71
86 3
97 70
77 39
96 19
0 12
0 3
0 68
61 24
3 55
5 0
5 91
5 10
7 37
6 50
13 49
14 85
14 94
15 60
16 46
18 65
22 97
25 26
26 56
27 89
29 6
31 58
34 28
34 20
38 97
38 24
43 56
44 69
46 4
49 20
49 65
51 72
53 3
54 37
57 80
60 90
64 17
70 64
77 58
78 85
80 6
85 11
85 64
85 30
88 92
88 56
91 6
92 57
93 29
92 45
95 84
95 97
95 10
97 37
99 48
