# Penalty:  45270.90581415405
118
48 80
14 75
14 90
26 26
32 59
36 11
47 20
55 4
57 34
15 52
34 44
72 13
80 76
57 97
38 73
58 42
0 16
69 22
0 36
83 61
3 66
13 8
39 99
18 79
46 52
67 53
84 96
66 67
85 47
87 18
91 34
21 96
5 1
28 43
65 32
70 87
87 81
96 37
71 53
16 60
4 78
7 42
11 26
46 60
28 73
92 67
50 10
71 29
40 20
50 88
97 1
98 95
0 58
17 13
32 3
34 87
38 58
51 43
29 29
51 66
69 3
80 97
86 12
99 19
2 62
3 18
63 74
4 86
20 94
41 99
46 0
18 70
43 31
56 92
79 41
62 18
65 39
84 21
57 56
83 72
90 51
8 57
10 31
17 44
32 81
42 69
51 0
24 57
44 13
60 72
62 98
92 61
96 29
19 18
23 40
51 27
35 93
69 18
71 62
77 76
42 46
5 10
15 89
52 74
72 48
89 42
7 71
18 29
23 48
18 85
33 66
38 5
61 15
74 73
42 54
15 68
27 90
44 60
