105
1 27
3 3
1 17
1 58
1 38
1 88
1 77
3 9
3 46
3 51
1 68
3 94
5 23
5 68
5 58
7 15
5 83
8 40
8 90
8 35
10 27
9 3
10 48
10 57
12 20
10 67
12 75
13 95
13 10
13 80
15 2
13 85
15 33
15 52
17 15
17 40
18 45
15 67
20 2
20 22
17 60
18 90
20 33
20 52
20 78
22 70
23 3
23 10
25 22
22 65
23 95
25 43
25 87
25 33
27 60
27 15
25 78
27 55
27 50
30 8
30 38
30 68
30 28
32 45
32 80
32 75
33 3
33 90
33 20
35 52
35 37
35 68
33 95
37 60
37 15
38 10
37 85
40 3
38 30
40 67
40 52
40 43
42 90
37 25
43 20
42 95
42 35
44 3
43 80
45 13
45 57
45 68
2 30
45 47
3 73
14 26
19 84
27 1
29 84
38 77
43 26
43 38
43 83
43 29
43 77
