111
70 74
30 15
74 29
60 59
49 43
51 6
86 72
83 63
63 10
18 89
4 23
22 11
30 31
47 73
41 62
21 36
57 93
54 33
77 61
40 46
80 96
1 72
3 53
8 62
60 41
8 81
12 24
17 64
17 24
17 17
27 26
29 50
30 58
38 9
38 58
13 95
40 80
45 32
80 68
53 45
62 4
71 86
68 37
70 2
49 21
97 47
75 53
83 0
80 27
71 98
81 76
84 22
84 58
84 90
83 8
90 60
95 25
88 81
1 1
1 34
1 46
2 80
3 49
4 90
6 12
7 37
8 54
11 31
13 9
15 55
18 45
20 17
24 86
25 6
25 95
27 70
28 88
29 65
31 51
31 41
32 22
32 92
33 36
38 0
39 13
39 20
39 36
46 60
49 87
53 66
54 56
55 13
55 51
59 85
63 29
64 47
72 8
72 22
75 32
77 37
78 46
78 17
79 83
80 93
85 7
85 51
89 11
90 73
89 96
95 88
96 56
