113
6 60
82 91
4 40
93 64
11 86
69 77
14 29
97 22
29 75
20 56
31 29
50 80
46 63
33 89
68 12
73 34
90 95
51 35
1 83
88 84
3 93
7 5
97 48
82 15
7 97
12 52
12 76
24 69
27 11
26 65
32 64
34 82
16 87
38 16
15 98
40 76
41 88
56 84
49 48
35 22
2 57
59 6
58 92
73 11
68 56
75 41
76 30
61 75
78 62
82 49
90 29
91 5
97 13
0 49
0 77
81 33
4 74
5 40
5 83
76 89
7 27
12 9
11 60
13 20
15 36
14 67
17 46
18 75
19 12
21 58
22 84
23 27
21 92
24 80
91 75
25 35
29 6
30 35
30 49
32 68
36 61
42 19
44 4
46 19
46 42
51 12
51 71
51 26
54 39
55 55
58 43
61 56
62 90
62 3
65 63
64 81
68 2
68 21
74 43
78 72
79 37
79 11
80 68
84 92
86 66
87 37
88 18
95 37
95 27
96 4
95 91
96 67
96 56
