108
24 68
8 97
49 49
89 85
74 33
35 8
63 13
85 26
7 76
9 47
9 66
17 58
22 37
70 13
80 16
90 21
61 51
89 61
25 27
94 90
2 69
3 60
8 7
10 74
13 91
75 44
16 49
15 78
17 24
23 9
24 50
20 32
26 94
27 46
28 86
13 8
35 88
37 51
36 70
40 5
43 45
46 27
45 12
52 98
54 20
57 79
61 41
63 23
55 3
48 94
78 76
73 26
65 69
83 92
89 76
95 14
96 30
80 67
38 20
95 61
0 6
2 34
4 54
6 22
14 50
16 87
18 69
19 15
18 99
21 37
24 73
27 11
26 19
30 67
30 49
34 41
35 93
41 64
42 74
43 3
47 35
49 22
49 80
49 8
52 51
54 92
54 97
55 71
54 65
57 34
58 60
61 98
63 89
64 4
65 18
68 61
70 67
72 12
73 63
75 92
76 3
81 80
84 52
87 38
91 5
93 1
93 41
96 91
