103
44 95
57 60
58 97
42 25
0 77
7 62
23 72
95 3
6 33
12 46
53 89
26 92
29 10
46 8
49 51
70 22
82 20
68 71
82 50
95 75
3 13
86 93
6 7
8 79
2 96
53 23
16 63
19 18
23 56
22 36
28 98
29 24
35 96
36 47
38 81
40 56
41 20
47 37
51 68
48 80
42 11
54 33
56 28
55 53
60 6
62 44
63 89
25 77
36 71
65 39
67 4
62 79
72 52
75 27
75 40
79 75
80 60
85 27
88 81
89 46
92 6
91 54
12 76
97 16
1 28
2 0
2 57
7 69
5 97
10 51
11 12
99 57
14 86
16 57
16 92
18 14
20 43
25 18
28 53
29 63
34 51
37 31
39 36
38 98
42 4
47 1
50 4
57 56
57 23
62 36
63 67
65 15
67 53
71 15
71 1
73 71
73 76
77 96
79 35
84 44
91 26
93 46
97 40
