111
50 17
12 84
52 44
10 63
87 41
4 33
19 30
27 84
37 85
41 73
8 43
45 96
49 83
78 57
21 68
81 46
86 16
9 73
65 26
9 96
44 45
94 90
13 38
94 49
52 75
22 26
20 86
22 43
22 36
24 32
24 59
32 14
46 9
45 54
49 1
42 19
49 50
50 90
58 10
94 33
59 95
58 25
60 90
65 55
36 27
64 71
63 65
67 14
70 74
75 36
68 93
75 21
79 64
81 70
78 95
85 23
97 2
84 54
0 14
0 21
0 57
2 37
2 50
3 88
96 9
9 0
9 17
11 31
12 25
14 92
14 14
15 54
16 1
17 78
18 7
26 55
27 62
33 94
41 79
42 34
48 67
48 94
49 26
52 32
55 31
54 54
56 16
59 3
61 81
62 14
63 36
67 46
71 20
71 26
74 1
74 45
76 4
76 87
77 13
83 1
82 99
84 28
87 78
89 98
94 42
95 35
95 56
96 67
94 76
97 15
96 93
