114
18 93
6 78
33 56
46 28
6 94
11 23
34 13
35 36
14 34
1 3
43 1
47 44
18 27
40 84
75 59
87 28
89 15
92 53
2 32
62 10
5 45
6 26
7 67
11 15
72 89
13 59
20 68
19 81
22 4
22 52
24 88
25 16
26 22
95 8
29 42
31 75
33 64
34 6
37 20
44 49
38 70
45 87
49 57
53 77
49 66
56 85
58 65
57 24
58 19
65 13
68 75
80 51
82 4
41 47
87 35
75 69
84 15
88 45
87 1
93 60
88 67
0 16
1 72
3 8
3 97
3 60
7 6
6 82
7 28
7 37
9 43
11 1
16 10
16 23
19 31
17 48
20 59
22 0
22 75
29 1
35 23
34 1
37 7
37 32
42 61
43 15
45 34
48 19
48 3
50 12
51 24
53 45
57 49
57 71
61 98
63 22
65 63
65 2
67 29
67 47
69 97
70 13
73 52
79 33
82 41
84 23
85 80
87 84
92 49
91 99
92 88
93 22
93 13
96 80
