109
50 37
0 81
48 94
4 95
9 39
15 43
34 20
50 11
35 39
54 73
17 84
60 81
43 41
80 90
67 38
80 96
87 74
89 17
96 44
85 1
1 16
32 52
3 44
7 0
8 90
11 68
10 61
16 9
17 93
22 79
23 53
25 40
30 89
32 98
30 69
35 26
46 54
39 75
51 35
54 62
52 88
60 47
59 39
42 18
68 72
70 43
61 10
73 22
75 10
74 97
75 68
76 40
81 79
85 56
85 39
90 48
92 41
94 30
88 34
0 68
97 54
70 81
13 78
1 34
7 26
9 17
13 29
11 54
18 21
18 89
87 11
19 74
21 38
26 78
27 25
29 17
36 46
36 54
39 2
40 63
41 9
42 46
42 36
46 91
47 70
49 79
51 23
52 95
54 52
57 32
56 63
59 98
59 53
62 0
66 24
69 10
76 43
78 35
78 71
80 14
88 56
87 71
92 73
92 21
94 2
95 8
96 15
97 26
98 87
