110
7 76
94 72
5 94
6 86
15 33
26 85
11 11
29 74
28 19
36 82
35 28
57 66
38 53
68 30
56 76
61 29
69 14
80 12
84 58
87 69
88 83
70 24
92 41
87 93
1 90
0 73
0 12
6 49
8 27
6 5
8 96
18 48
17 26
16 80
22 67
18 86
18 56
40 10
29 6
29 62
30 50
32 69
44 37
33 87
45 46
51 83
52 27
51 61
61 50
46 14
13 70
64 64
66 95
74 54
76 5
77 30
91 6
91 13
91 62
0 47
4 12
95 33
81 46
6 43
5 65
7 57
9 22
14 17
21 37
22 26
26 71
26 12
28 97
28 28
30 20
32 9
31 59
33 1
38 28
39 60
41 98
44 21
43 55
44 97
45 35
47 78
50 6
51 44
55 13
56 80
62 76
64 40
66 18
66 1
66 58
68 98
69 84
72 61
73 73
80 19
81 40
87 52
87 27
90 79
95 22
94 94
95 44
97 7
97 65
96 80
