88
11 16
4 6
11 94
13 6
92 14
13 37
12 88
12 12
3 20
13 17
1 11
11 75
23 3
73 17
14 46
83 17
23 58
32 20
33 30
35 12
44 84
45 6
49 16
29 1
1 99
3 57
13 24
2 36
9 83
10 3
9 64
13 54
20 89
12 99
21 19
23 26
31 90
32 6
3 93
33 34
40 20
39 3
44 46
42 65
46 93
71 28
80 14
27 34
90 19
0 64
0 47
77 37
0 0
3 72
7 33
14 4
16 77
17 40
21 46
22 64
22 76
26 12
30 98
31 53
33 46
38 77
42 10
44 76
47 53
47 40
50 20
50 45
53 10
53 80
57 12
61 10
63 89
64 3
65 86
71 96
72 6
79 26
82 3
87 4
87 15
89 28
93 2
91 46
