111
16 4
39 39
76 36
24 45
19 32
26 57
32 52
68 38
38 3
13 65
45 84
35 93
49 79
28 79
45 15
56 64
47 59
59 75
80 72
94 97
63 8
1 55
2 60
40 60
90 60
2 73
6 42
2 86
13 81
18 10
74 13
23 30
23 38
16 42
29 10
29 72
30 93
31 26
45 40
23 3
44 67
32 18
49 86
52 33
41 26
46 6
56 34
63 27
64 82
66 97
51 96
65 47
68 3
70 24
77 21
78 89
79 37
85 7
91 2
93 49
93 71
0 14
0 0
0 28
76 3
1 31
2 37
4 68
6 10
7 97
11 37
15 73
18 78
19 66
18 86
22 49
24 14
27 84
29 35
30 45
33 76
35 8
36 87
42 97
45 88
52 23
55 56
57 43
59 1
59 50
62 87
64 3
63 63
68 16
68 84
73 38
76 34
76 57
81 78
81 94
82 14
83 43
82 49
83 83
82 0
84 66
83 98
87 53
92 10
96 31
95 78
