106
36 89
3 11
6 37
65 15
10 3
24 48
27 30
17 19
24 2
13 42
34 22
45 8
35 96
54 13
56 82
45 71
59 50
71 82
80 16
71 12
97 80
53 54
83 27
1 58
2 92
6 82
56 95
9 23
11 66
10 16
16 30
10 77
16 93
31 62
18 6
22 40
24 97
62 39
33 11
28 80
34 37
37 81
44 18
23 21
48 1
50 46
53 40
55 21
58 9
47 86
71 84
89 21
27 71
72 38
72 27
80 10
86 47
85 75
92 9
94 20
94 47
0 62
5 4
74 94
7 30
11 81
64 26
12 54
93 87
14 66
14 59
16 46
23 12
24 57
97 34
28 42
31 6
34 67
39 46
39 33
38 66
40 97
41 4
43 59
49 9
52 2
52 62
59 68
59 80
68 74
68 48
75 30
76 44
73 78
77 72
82 88
83 41
85 0
86 57
87 30
87 66
87 76
89 17
92 72
95 66
93 97
