120
54 65
63 69
89 79
12 39
8 43
62 32
10 92
6 13
26 27
40 51
90 60
10 9
36 2
48 53
31 39
72 22
73 42
51 73
52 21
0 30
2 2
2 86
82 65
4 79
9 49
3 56
12 29
9 73
17 25
17 91
18 10
29 47
31 55
41 40
26 92
48 16
55 9
51 94
44 26
61 49
64 78
67 5
25 5
30 23
50 36
69 25
70 15
73 96
79 55
79 97
80 5
78 16
87 92
95 35
96 64
95 49
86 11
0 18
0 70
2 95
2 26
7 4
9 22
8 79
12 44
13 82
13 69
14 63
14 18
18 55
17 49
17 96
22 11
22 19
24 35
23 58
28 88
28 81
30 93
31 16
32 27
34 67
35 88
37 21
38 71
38 0
41 83
43 79
46 65
47 0
46 98
48 10
52 29
51 81
53 96
52 70
60 22
60 6
61 86
64 55
64 41
65 93
67 69
68 33
73 66
73 15
76 78
73 99
80 46
85 69
87 52
87 20
88 91
91 36
92 60
96 26
95 78
96 70
96 2
99 39
