114
54 84
77 52
57 54
6 63
39 41
73 26
44 46
12 87
23 33
18 55
33 80
52 25
26 26
35 33
44 75
43 35
53 0
55 34
72 78
79 23
88 85
79 37
2 83
36 22
2 8
2 15
6 69
11 35
20 79
22 66
14 28
24 40
30 46
31 6
31 25
33 93
39 9
39 94
40 51
47 68
20 15
49 96
59 47
25 92
61 98
64 18
63 82
64 37
71 90
67 62
77 81
86 61
86 56
89 10
94 0
95 94
96 75
0 21
83 46
0 1
1 61
3 98
5 25
7 49
11 9
11 17
11 80
12 59
12 2
17 85
20 9
20 59
21 55
20 73
26 18
27 38
29 12
30 99
35 78
38 64
41 27
44 51
43 78
46 21
47 7
48 61
50 42
52 48
52 76
53 29
54 13
56 71
61 12
61 26
62 87
65 0
63 52
67 43
67 66
67 23
73 45
73 96
72 39
76 64
77 4
78 63
78 55
81 93
80 98
87 82
87 99
89 48
93 38
94 49
