119
86 28
45 91
64 2
1 8
28 91
30 3
45 46
69 62
96 29
74 7
75 37
1 22
95 21
59 10
4 31
5 78
71 50
6 86
47 72
7 3
9 27
9 58
13 57
14 20
18 87
19 47
21 79
22 33
26 65
30 41
32 57
34 25
30 85
37 56
39 5
40 77
40 43
42 67
44 2
52 12
56 82
57 95
60 16
60 88
62 36
63 28
62 58
53 3
68 20
74 66
77 1
78 59
82 46
82 83
85 18
93 33
94 12
92 95
95 80
96 74
70 34
0 38
98 94
0 1
0 54
0 98
2 61
3 91
4 64
5 44
10 42
9 48
12 92
11 11
14 70
14 80
17 58
17 74
18 54
21 70
20 94
25 32
27 11
33 97
34 62
35 50
36 94
37 12
38 38
41 87
46 38
48 67
53 24
52 53
57 2
58 64
58 79
63 70
63 85
65 65
67 90
70 55
71 83
72 43
75 74
80 23
81 36
82 79
82 12
83 56
83 90
84 1
85 64
87 59
89 69
92 40
94 85
95 5
96 55
