115
33 57
87 15
82 20
15 46
22 6
88 84
3 7
20 41
48 36
60 92
38 29
63 41
49 90
71 17
33 63
84 91
77 31
2 88
96 65
4 95
4 35
3 51
38 15
8 10
11 32
54 22
13 71
14 81
13 92
19 10
24 69
30 36
30 53
32 84
39 58
27 0
42 38
41 66
44 54
50 80
20 61
52 71
61 6
55 65
64 66
67 76
68 48
70 12
74 91
57 36
77 77
66 34
83 54
76 17
87 10
88 69
88 93
95 46
97 52
97 98
93 87
0 3
2 26
1 64
4 74
4 84
5 59
6 17
7 5
8 43
11 52
15 27
16 95
19 13
20 52
25 28
25 74
25 81
29 48
32 44
32 89
32 25
38 70
39 1
41 9
42 26
44 44
47 14
47 97
49 0
53 54
56 75
58 67
63 92
66 44
71 45
71 59
72 98
73 51
72 28
75 69
79 31
79 43
81 67
86 58
86 65
86 22
87 81
87 99
90 40
89 3
94 68
95 15
97 24
99 8
