107
81 14
36 28
3 4
44 58
42 36
66 35
56 51
95 57
25 16
32 84
62 1
9 79
37 18
43 29
57 34
50 6
73 92
87 38
31 38
84 26
98 5
31 6
2 26
3 62
4 55
4 91
24 37
30 97
34 62
6 2
35 13
37 49
38 72
18 14
43 81
2 78
46 9
48 41
48 50
50 21
51 30
45 93
53 99
47 76
59 85
58 79
60 2
62 59
63 48
64 31
69 23
69 47
74 69
68 72
75 33
82 57
66 25
86 30
80 70
78 81
86 4
92 77
96 19
99 88
6 49
7 42
6 87
10 93
86 75
12 18
11 28
12 70
13 55
16 6
16 62
20 89
22 78
31 0
31 26
34 82
36 94
38 68
41 63
44 4
50 36
52 16
53 90
58 67
62 77
63 94
64 54
65 60
65 88
66 3
65 11
69 31
71 82
76 47
77 17
77 58
79 36
84 13
83 63
88 84
88 43
91 29
96 79
