117
6 86
0 61
34 61
14 89
8 18
14 38
87 13
14 48
36 27
26 97
42 42
50 70
47 16
53 55
92 71
92 34
96 49
0 34
7 1
10 76
14 4
10 97
17 20
17 56
19 35
21 74
47 37
33 89
21 55
34 8
34 78
42 72
41 38
20 11
51 48
52 97
56 15
56 29
57 93
60 9
62 96
64 72
66 61
67 46
63 19
66 52
71 9
72 25
71 69
49 28
74 96
75 77
76 35
78 70
80 62
76 23
87 77
91 54
95 79
0 0
0 21
97 62
0 54
0 66
93 95
0 93
1 88
9 51
12 16
15 91
16 85
17 80
22 25
25 48
25 80
27 37
28 91
30 24
32 46
33 73
34 32
32 96
36 2
35 64
38 18
39 48
43 57
43 4
43 89
44 83
45 39
50 19
51 36
51 68
56 44
58 79
60 31
60 50
67 2
68 90
71 60
69 84
72 53
74 1
80 99
81 16
82 56
84 50
83 71
90 0
92 24
94 36
93 72
96 40
95 53
97 68
98 2
