116
65 18
83 4
9 79
22 4
49 88
45 49
43 6
45 95
53 33
20 69
62 44
65 37
78 15
48 41
91 34
92 48
95 8
1 93
57 55
4 86
7 59
0 11
14 88
11 98
11 24
78 62
15 47
21 78
25 1
27 88
33 78
36 45
38 88
18 20
41 34
93 82
49 26
40 14
56 44
58 14
59 25
59 96
58 84
61 62
64 5
70 8
70 18
68 66
58 75
74 29
76 90
77 99
86 58
84 98
89 17
94 54
95 74
0 1
0 45
0 62
0 78
0 21
1 53
4 8
4 49
5 65
6 32
7 44
10 14
11 9
13 29
13 83
13 67
16 0
14 56
16 34
20 49
26 7
25 30
28 50
87 38
30 36
29 62
31 2
44 70
33 13
37 5
38 52
39 83
40 37
45 81
49 7
49 37
49 97
49 15
53 89
59 9
64 87
64 58
64 77
69 54
69 94
70 85
74 6
76 56
81 1
80 45
82 91
85 7
83 75
88 47
91 9
92 1
91 99
95 44
98 67
