112
54 10
65 4
6 28
49 16
13 96
9 86
3 68
33 64
46 62
42 97
55 77
54 40
58 90
26 26
56 56
57 20
92 82
80 89
9 22
2 78
12 4
89 16
13 17
14 31
14 43
20 50
19 66
21 30
23 11
25 57
27 78
29 15
37 87
36 16
77 46
39 26
42 80
44 70
47 89
54 49
63 12
62 25
67 37
68 65
67 53
65 86
69 82
70 22
75 16
61 72
76 24
76 66
79 99
71 97
85 75
87 23
80 39
87 66
87 96
95 38
88 8
97 77
98 23
0 16
90 45
0 89
3 23
6 7
9 70
9 35
11 55
11 78
16 70
18 38
21 3
24 35
25 90
25 19
28 97
32 54
33 30
32 94
35 63
36 44
96 16
34 77
40 60
39 90
42 11
44 33
46 52
45 67
49 4
51 85
51 25
56 33
58 44
59 32
62 17
63 40
65 45
69 56
68 11
81 87
81 2
84 43
84 83
90 52
91 85
91 66
92 94
95 43
