111
14 17
42 48
49 96
81 67
80 22
81 57
8 30
13 92
6 38
23 53
36 57
40 26
46 77
5 59
28 56
50 52
62 41
73 87
72 27
81 7
3 25
11 80
12 58
12 68
14 49
17 99
23 13
18 62
20 26
24 72
65 21
26 99
28 79
25 45
31 92
32 70
33 48
32 18
37 6
36 79
35 62
40 14
39 58
43 69
47 15
47 59
51 29
52 41
56 91
58 46
60 73
63 32
68 69
79 3
84 23
90 39
94 13
97 45
0 49
0 9
1 14
2 85
2 33
3 46
6 23
6 95
7 42
49 35
10 84
12 11
20 1
21 32
25 63
28 7
30 1
34 42
35 28
41 95
42 90
42 54
42 26
44 19
50 74
50 92
54 28
54 35
57 42
57 82
57 10
59 22
60 98
61 60
60 53
65 83
68 49
69 2
72 97
78 93
94 60
78 43
80 17
80 81
83 50
84 61
85 1
87 88
89 47
90 96
93 24
97 0
98 71
