118
69 74
29 86
0 4
11 63
86 56
4 29
3 66
15 13
19 5
20 82
39 49
24 4
39 84
54 59
41 65
59 89
50 76
74 29
6 57
6 77
81 66
7 16
9 10
13 56
21 48
20 33
70 36
23 96
24 55
25 75
27 27
31 25
38 40
47 29
46 7
46 48
51 35
54 9
63 74
67 91
65 86
71 60
72 79
77 71
82 89
76 82
85 2
87 41
57 97
92 18
95 80
2 22
97 87
4 3
6 89
7 50
78 59
6 71
8 25
12 0
11 19
15 81
84 94
17 64
90 51
18 38
19 91
21 72
25 43
25 67
25 96
26 73
25 83
28 92
30 9
30 82
31 37
29 56
32 14
33 45
33 69
35 21
34 78
37 95
39 6
39 35
43 40
42 76
43 58
45 81
45 96
47 18
49 54
50 88
51 43
52 81
55 73
56 3
56 17
56 36
59 27
59 48
62 3
70 90
69 96
73 47
75 7
77 75
78 21
79 37
80 29
81 78
86 68
87 82
89 76
90 36
91 91
93 44
