113
99 72
3 68
8 33
21 85
76 59
30 76
40 25
47 8
53 95
10 97
40 62
33 21
66 23
45 46
54 42
55 85
4 82
71 68
4 49
69 3
10 5
45 72
11 28
13 59
13 80
18 48
24 60
26 25
22 44
31 41
31 13
28 5
35 69
33 89
40 78
37 96
34 33
41 90
44 36
47 39
52 27
54 51
54 16
53 74
63 50
61 4
63 80
63 86
66 54
69 9
68 42
63 60
74 87
72 97
80 64
79 44
81 18
83 86
86 79
90 89
94 13
97 83
93 46
0 33
87 58
1 5
0 66
0 37
1 73
3 97
7 65
8 14
14 0
13 69
14 13
22 13
25 64
27 30
33 60
33 1
32 77
37 7
40 53
40 15
42 77
42 27
45 54
99 43
46 81
49 98
52 58
53 32
59 20
63 98
64 36
66 66
70 12
67 79
74 4
75 35
80 36
81 50
82 6
82 43
85 13
88 50
89 23
88 64
94 2
95 91
95 31
97 20
99 96
