111
82 67
35 38
82 32
83 97
4 33
3 53
9 38
11 76
20 18
21 91
33 10
40 26
13 67
48 53
48 17
29 68
52 74
69 88
28 51
73 9
79 89
86 76
73 75
91 89
58 70
93 29
94 62
89 37
70 2
6 97
92 16
12 22
17 77
22 57
23 1
23 76
37 46
41 59
27 88
44 39
41 70
51 33
52 39
53 6
53 90
54 84
48 66
54 98
62 35
66 66
69 50
77 92
40 11
86 12
70 83
84 71
95 47
0 82
0 40
0 93
2 19
5 70
8 78
80 44
10 29
11 44
11 91
13 39
76 28
14 5
16 53
98 29
17 96
21 7
21 64
19 83
24 32
25 28
27 42
29 96
33 68
35 27
38 2
41 0
43 13
43 29
43 43
49 50
53 16
53 48
54 26
55 43
63 89
64 24
63 53
66 70
69 34
68 18
69 96
74 54
77 63
77 15
81 36
85 52
85 81
87 0
87 63
87 71
91 76
92 53
96 8
