118
68 12
4 40
11 89
15 12
39 46
40 26
30 23
42 13
44 74
55 38
50 88
49 60
46 36
63 31
74 13
77 95
79 61
95 59
0 22
0 15
10 12
53 30
96 72
12 69
14 52
16 93
18 22
19 13
73 84
25 49
33 92
32 95
39 4
32 58
46 5
49 50
62 93
70 23
57 66
80 15
79 35
81 7
85 95
87 53
88 41
52 6
91 89
87 16
93 31
92 46
15 28
94 2
98 83
94 53
0 36
0 67
0 44
91 25
1 11
3 32
3 50
4 84
9 56
10 20
9 5
10 80
15 88
17 76
19 96
19 64
23 14
23 2
23 83
27 12
27 52
28 31
31 1
31 18
31 78
32 64
36 41
35 85
39 48
39 57
40 18
40 94
41 69
40 81
44 39
46 1
45 97
48 48
48 72
50 81
53 53
55 18
56 7
55 43
54 98
59 3
61 70
61 40
61 60
67 77
68 37
71 27
72 1
72 91
75 69
75 51
77 90
80 71
82 21
82 30
90 78
92 9
96 19
95 40
