115
43 91
4 68
70 6
34 10
6 24
3 6
2 49
8 53
10 30
19 43
24 48
29 88
48 65
55 75
58 13
31 45
19 69
65 60
97 66
2 44
43 76
83 26
6 11
11 14
4 94
6 88
11 22
17 13
17 80
22 23
29 32
30 58
33 28
29 2
34 91
37 67
39 83
42 37
40 1
53 85
49 39
56 46
58 20
62 33
61 92
66 68
71 28
73 64
18 35
74 77
82 38
77 69
85 82
82 88
92 22
93 81
95 56
99 16
90 14
0 21
0 65
1 18
6 62
8 74
10 83
14 29
14 49
16 62
16 88
18 94
21 16
22 67
24 83
30 64
31 55
34 37
37 14
37 29
39 86
39 21
41 49
45 7
45 85
45 56
48 50
50 72
52 56
52 95
54 63
58 1
58 52
59 98
61 36
63 81
62 43
65 18
66 38
67 71
69 76
68 50
75 55
75 2
75 91
78 97
81 52
81 42
84 59
85 20
88 67
90 94
90 40
92 33
92 51
95 82
97 38
