112
49 13
70 96
19 3
3 54
5 17
14 54
10 68
15 96
25 90
75 8
33 39
34 62
37 30
43 91
36 56
57 46
65 79
81 66
56 37
91 28
60 14
91 39
76 21
6 10
2 43
7 51
8 85
65 70
16 74
19 10
21 36
83 91
23 40
24 97
28 67
26 81
33 86
40 37
42 62
50 2
58 65
61 87
68 30
72 47
72 13
62 41
79 1
90 31
86 58
77 82
76 33
96 75
97 64
97 4
0 56
0 26
84 47
1 88
5 23
8 87
10 99
11 26
12 47
92 50
13 33
18 80
17 89
20 54
20 68
21 62
24 2
23 75
25 27
25 47
26 11
25 20
26 94
33 7
34 21
39 10
40 84
39 26
41 55
42 77
42 31
45 4
44 43
47 15
47 39
48 25
49 59
48 52
53 98
56 76
59 4
59 96
63 57
65 85
65 57
67 3
67 80
70 54
76 15
77 69
82 9
81 23
82 83
84 70
87 79
89 86
95 99
97 49
