113
5 45
11 18
28 25
59 9
48 83
5 74
20 8
21 1
29 82
28 49
8 86
52 10
60 18
59 82
82 14
49 23
63 27
1 3
73 97
2 34
3 97
43 77
6 53
9 22
2 89
14 16
53 88
14 94
72 30
14 57
24 86
27 15
28 71
31 61
33 13
38 3
40 14
37 34
42 48
40 86
49 48
56 20
61 70
61 97
70 53
62 7
79 5
56 44
81 60
82 96
82 47
90 37
83 71
77 35
85 23
93 24
95 44
94 57
97 71
0 61
1 41
1 49
5 6
85 3
5 43
96 4
6 15
8 61
9 78
10 5
13 8
15 77
15 70
18 46
21 35
21 68
23 6
24 79
29 98
30 42
31 90
32 74
30 54
40 20
42 54
44 51
44 8
45 33
49 40
50 65
52 72
52 80
52 62
57 25
60 78
63 54
66 38
65 95
67 60
69 0
72 75
73 80
74 56
75 8
77 20
78 90
80 83
86 45
85 54
87 30
87 89
92 79
98 96
