117
85 86
13 37
3 51
6 8
13 7
10 83
35 28
16 46
37 47
4 29
39 8
41 93
87 70
52 5
43 70
50 49
32 41
72 73
79 79
3 38
54 42
49 86
4 57
11 66
27 33
23 62
77 34
32 85
34 20
39 49
5 73
36 57
42 15
42 64
86 49
45 90
47 17
45 56
50 70
56 52
49 26
58 74
56 98
59 28
62 38
63 1
68 97
70 65
71 15
70 91
75 3
78 16
86 15
89 42
94 50
81 52
96 89
0 86
0 97
74 41
2 6
90 96
2 78
4 42
6 50
9 92
13 75
15 0
16 7
16 23
17 82
17 93
18 40
19 48
22 12
20 77
23 26
24 2
23 96
25 82
25 7
29 89
32 16
32 2
34 76
41 36
40 83
44 10
45 81
48 35
48 97
52 15
52 86
56 59
58 49
61 5
61 89
68 50
71 43
71 99
73 31
77 10
76 63
79 97
80 87
81 39
84 2
84 61
84 80
86 7
87 86
87 20
91 55
94 66
94 79
94 23
96 98
