108
2 31
26 4
39 51
25 49
83 93
21 26
53 32
88 43
24 93
39 85
10 14
1 75
11 78
28 59
18 47
3 5
44 69
50 72
65 62
48 82
33 10
80 14
81 52
2 56
11 29
14 59
19 64
7 41
21 43
31 72
22 31
31 76
35 99
44 24
44 59
46 92
56 47
62 8
96 65
61 19
65 52
65 46
71 94
78 45
71 34
81 6
83 11
82 22
84 30
73 65
81 85
91 73
95 52
93 95
0 15
96 9
4 60
2 76
3 84
10 24
10 98
13 64
15 32
16 8
92 88
17 97
15 92
27 8
28 85
29 43
33 26
32 58
35 75
36 21
38 93
39 73
38 2
42 49
43 81
46 1
43 62
50 35
53 43
53 65
55 7
59 80
62 97
61 91
65 8
68 12
68 75
71 60
72 27
72 39
72 84
74 0
74 18
74 93
79 63
79 82
83 97
84 19
87 5
91 18
95 33
96 27
97 48
98 84
