111
0 21
0 45
2 4
0 63
2 14
2 32
0 75
2 85
2 97
4 42
4 24
4 54
2 92
4 78
6 70
6 61
8 45
6 10
10 16
10 23
10 31
10 7
8 81
10 2
10 52
10 94
12 42
12 78
14 28
10 64
14 68
14 58
14 97
14 86
18 1
18 8
16 75
18 23
18 14
18 44
18 89
18 52
22 25
18 35
20 72
22 61
20 96
22 82
22 38
22 56
26 8
26 14
26 32
26 2
26 46
26 73
26 88
26 80
26 67
26 40
30 22
26 98
30 29
28 54
32 3
32 15
32 63
30 95
32 87
34 43
34 37
34 50
36 12
34 76
36 96
34 55
38 23
38 4
38 35
36 84
38 67
40 93
40 45
38 61
38 29
42 14
42 73
42 53
40 81
42 2
0 1
44 36
44 60
0 51
42 20
1 37
6 37
6 92
14 46
15 18
44 90
22 17
27 63
30 72
41 9
41 27
41 45
41 69
43 80
41 99
45 0
