109
25 50
61 38
78 92
82 66
2 38
2 74
39 73
36 78
10 85
15 72
19 15
26 20
3 64
41 86
37 34
75 96
33 40
85 29
88 21
73 57
1 25
3 13
8 12
76 73
16 26
21 14
10 51
88 5
23 60
28 30
88 70
33 13
32 69
21 33
37 91
42 71
42 80
44 21
46 51
53 96
56 54
59 30
40 29
59 60
59 43
31 59
61 10
63 67
68 11
42 15
67 53
76 27
69 93
85 45
86 56
58 80
87 14
82 94
91 79
94 25
96 49
0 82
0 21
5 71
10 6
11 56
13 13
14 2
14 46
15 88
19 93
20 68
21 45
21 76
24 88
26 6
28 92
30 88
32 15
31 66
33 74
35 45
37 2
42 59
42 0
42 42
45 77
48 18
48 35
48 43
54 6
56 18
58 90
64 4
63 38
67 26
72 62
73 84
76 3
77 68
77 33
86 51
88 83
90 88
93 83
92 63
93 99
97 6
97 65
