138
0 2
50 17
8 18
0 27
11 47
17 9
8 67
17 19
8 91
9 37
18 60
20 32
22 47
27 89
28 71
28 7
29 2
29 17
29 50
37 39
2 77
28 38
29 97
38 79
38 61
39 10
42 47
39 27
51 38
49 90
12 77
51 77
58 67
58 47
62 97
59 28
62 10
68 2
68 81
68 58
48 61
69 27
75 87
68 41
78 51
78 1
79 29
72 47
70 66
79 67
80 77
82 18
83 99
88 38
89 57
90 77
97 31
92 20
97 90
99 56
0 16
0 7
0 37
0 47
97 1
0 57
0 87
0 70
0 54
3 99
8 1
8 11
7 59
7 29
8 97
15 86
17 89
18 0
82 7
18 40
18 77
17 99
20 66
21 26
28 29
28 78
29 59
33 45
34 91
38 20
38 87
38 0
38 70
41 99
43 74
44 38
47 49
48 0
48 7
48 69
47 99
48 29
55 82
57 3
58 20
58 57
58 77
58 39
58 2
58 87
63 72
68 20
68 7
67 89
71 13
67 99
78 39
79 57
79 87
81 44
83 84
87 49
87 69
87 9
87 0
87 98
87 89
88 28
90 44
94 16
96 79
96 64
97 18
96 9
97 51
97 38
97 69
99 96
