110
58 95
82 42
1 78
66 90
22 49
18 35
21 56
4 62
29 8
56 42
24 20
32 86
62 42
44 54
46 21
91 81
0 16
32 39
65 65
80 59
0 40
8 48
14 51
81 91
29 29
16 90
17 76
20 8
19 65
16 21
22 38
81 22
28 63
28 3
36 4
34 17
38 44
39 95
47 43
50 70
54 68
56 9
57 84
45 80
60 81
65 35
66 79
51 32
67 2
73 11
75 5
60 72
86 33
89 93
69 53
92 13
93 95
94 49
95 26
95 72
97 42
95 61
0 54
0 39
0 79
1 29
5 18
5 4
6 70
8 55
79 52
14 43
15 80
22 42
21 33
25 56
24 84
28 91
32 72
33 86
32 58
36 36
35 64
39 26
41 33
41 62
42 14
41 99
43 46
51 54
56 16
57 28
58 38
58 59
66 18
69 88
71 42
71 2
72 97
74 19
78 28
81 75
81 98
85 2
87 54
92 77
96 58
96 92
97 82
98 8
