106
1 31
66 26
0 76
8 79
13 65
9 45
36 14
14 36
17 3
23 55
97 73
32 6
81 40
64 41
30 33
48 10
70 8
74 23
68 98
85 19
90 41
92 93
93 81
33 97
90 33
58 53
1 59
15 31
15 84
12 22
41 84
21 91
25 40
23 97
27 8
30 86
36 20
35 81
45 21
47 1
47 72
49 44
50 63
55 68
53 33
55 26
57 79
71 82
71 66
76 46
80 93
81 3
64 91
81 61
83 13
87 48
91 26
93 67
87 74
96 59
69 57
0 83
0 35
98 95
0 96
2 15
3 44
13 50
18 10
18 22
20 82
23 29
24 14
23 50
26 53
32 43
33 58
37 62
36 90
40 1
41 92
42 68
42 89
52 9
57 36
56 0
60 6
58 98
60 46
61 83
66 16
64 35
75 9
73 78
75 86
77 68
77 45
76 56
83 6
84 95
85 54
91 3
93 30
96 1
97 48
95 82
