106
17 81
7 54
65 34
77 35
10 19
4 11
2 97
19 33
25 90
29 80
73 3
25 23
17 64
34 37
38 49
50 71
67 76
59 33
68 51
83 85
83 25
55 53
90 81
1 32
87 36
1 70
6 77
2 5
7 48
12 83
89 71
27 50
28 18
18 7
16 55
31 59
34 9
37 54
45 7
59 83
60 98
49 31
50 19
67 64
68 22
71 78
41 16
74 14
77 51
83 49
85 60
95 23
84 19
98 81
97 68
3 46
6 58
9 5
9 13
11 86
10 32
93 97
20 98
22 64
23 37
25 77
29 42
30 93
30 46
31 72
32 24
35 95
37 9
37 37
38 75
41 25
41 48
44 55
45 42
45 75
46 96
51 39
53 45
54 61
54 72
58 25
58 74
63 90
64 29
64 2
65 54
68 88
70 64
73 67
76 23
77 2
77 89
80 37
82 30
83 77
89 89
91 43
96 42
96 6
97 90
97 25
