106
75 84
10 52
90 92
3 94
11 56
13 74
18 38
24 7
6 43
38 99
12 6
26 41
41 92
59 64
9 33
77 9
40 85
88 38
64 22
92 70
19 98
1 1
80 32
1 10
0 36
4 65
5 84
13 66
20 89
65 34
25 79
26 97
18 26
28 33
33 86
38 46
39 3
41 16
40 27
47 12
45 28
50 4
6 23
51 19
52 81
54 21
50 50
53 70
58 97
62 57
63 53
62 76
68 95
70 29
71 99
75 52
77 15
76 94
74 38
81 56
82 84
88 9
92 5
93 16
5 0
95 28
85 50
5 9
10 20
93 87
12 90
11 83
16 14
17 80
18 65
21 34
25 23
26 54
29 8
31 21
28 98
40 63
43 56
44 36
46 88
47 77
49 91
55 52
57 26
70 1
70 74
72 90
76 21
81 28
81 0
81 63
82 71
85 1
86 18
89 62
91 32
95 46
94 65
95 11
97 22
98 60
