113
11 9
71 43
74 26
13 41
20 24
12 56
32 15
27 9
26 93
32 97
30 69
58 30
29 36
36 68
72 91
93 71
91 23
97 23
84 2
78 44
14 5
40 60
0 62
3 46
13 99
16 75
17 83
17 33
46 1
16 69
39 53
18 13
36 9
37 91
38 34
43 23
45 68
49 86
51 25
47 34
56 14
58 69
57 18
58 81
63 55
51 74
65 50
66 69
66 84
69 38
72 9
73 3
74 23
75 72
81 48
82 81
72 52
85 58
99 42
0 38
0 58
1 51
1 12
92 35
4 80
6 67
10 0
12 86
20 50
21 37
22 8
22 99
24 55
25 22
24 75
28 48
30 74
28 91
32 85
40 91
40 85
42 97
45 17
45 8
47 91
49 38
50 43
52 64
56 40
56 50
57 90
58 64
62 38
61 95
62 42
64 4
66 23
67 63
68 29
73 94
76 61
78 10
85 24
84 94
86 11
88 50
90 62
92 16
93 2
95 55
97 48
97 78
99 92
