112
12 34
33 6
10 53
2 51
35 33
30 83
70 42
68 75
72 2
25 23
61 55
74 26
76 82
77 62
82 27
84 68
94 53
92 93
85 19
0 0
0 23
1 36
3 16
91 77
11 9
10 68
5 71
12 76
15 93
19 67
20 40
7 60
19 86
22 4
23 91
30 62
31 28
30 97
36 91
37 3
42 36
41 67
34 85
47 89
46 81
51 19
56 71
56 10
59 65
64 2
66 28
67 14
69 95
70 78
75 51
75 97
80 92
86 8
86 30
89 56
59 79
91 88
1 7
89 42
1 92
3 13
3 51
9 16
10 44
12 23
10 50
15 28
17 15
17 50
19 72
76 15
25 7
27 65
34 94
34 66
38 24
40 51
41 3
41 13
48 32
48 40
48 7
49 89
47 95
56 7
56 43
59 40
63 23
65 64
63 92
70 73
73 63
72 91
77 78
78 86
78 0
80 98
79 33
82 59
84 65
92 22
94 19
94 31
96 69
96 7
97 47
99 94
