118
22 44
2 70
7 57
60 79
9 95
39 52
11 74
12 19
32 78
45 21
31 15
76 35
68 83
71 2
68 88
83 8
86 25
91 62
94 3
1 84
5 77
19 91
8 21
8 11
9 81
13 27
16 58
17 65
23 61
27 31
11 5
29 12
19 37
31 82
32 68
39 3
38 61
44 46
46 4
46 32
49 11
32 49
49 45
46 59
51 88
53 20
54 76
53 48
56 66
60 49
73 82
62 36
79 57
77 98
84 89
85 66
81 22
90 95
58 16
92 46
93 86
96 76
98 34
1 57
7 49
8 30
7 93
9 66
12 81
14 11
17 44
18 23
24 3
23 95
24 23
29 55
31 0
31 28
35 44
38 17
37 87
37 68
39 8
40 28
41 79
47 37
49 56
53 0
54 98
58 21
60 4
64 7
63 97
64 59
65 49
66 29
72 14
71 66
73 46
76 38
77 68
78 75
80 52
79 81
82 12
83 99
84 86
86 56
88 7
90 14
90 73
92 48
92 30
93 82
95 60
94 97
97 84
96 42
