113
36 45
34 59
72 86
64 59
88 91
97 23
17 85
5 64
25 86
51 80
78 84
2 27
56 86
50 63
80 2
24 43
81 18
92 66
1 55
5 96
4 83
61 23
8 71
9 13
56 61
12 76
14 64
13 37
23 92
13 6
25 30
32 92
27 51
24 4
33 29
35 72
46 51
40 68
46 25
47 11
50 99
57 32
56 75
59 67
63 40
66 83
67 18
66 57
71 1
75 60
83 78
87 3
87 61
90 84
91 98
96 49
87 6
97 8
98 72
0 93
1 76
1 17
3 36
6 57
12 51
14 79
14 98
17 44
17 26
18 73
20 55
26 60
30 19
31 80
31 13
31 48
36 39
38 59
40 95
43 83
50 85
52 6
52 16
53 65
54 39
56 55
56 99
57 77
59 1
62 6
64 80
66 35
65 68
68 57
70 46
71 6
73 20
73 75
75 89
76 67
77 43
77 10
80 59
82 14
81 93
83 21
86 37
87 31
88 19
89 12
96 37
96 59
97 82
