119
9 63
58 18
72 76
82 7
10 81
32 58
70 31
21 8
25 24
30 69
41 92
54 88
57 78
73 82
11 58
84 31
0 51
0 93
0 43
7 52
8 20
83 3
11 2
14 48
10 87
70 10
18 64
40 31
45 67
50 55
46 12
46 79
53 65
57 68
57 37
63 37
62 94
64 18
69 25
71 54
78 12
78 77
81 77
81 18
49 47
31 84
84 9
88 64
92 25
86 94
67 63
93 45
95 8
96 22
0 18
0 6
0 32
0 62
0 85
95 81
2 78
4 8
6 69
9 35
14 92
14 22
15 2
19 38
19 99
24 73
23 91
24 48
77 25
28 64
31 47
31 0
30 28
32 96
35 37
37 57
37 15
37 78
40 45
42 26
43 3
44 38
41 95
45 88
49 2
50 96
51 14
52 34
52 56
54 86
59 9
59 78
58 73
63 3
65 37
67 88
68 17
71 40
76 50
74 72
75 95
78 35
79 85
82 48
82 39
85 56
85 86
89 37
89 51
89 89
91 97
90 0
92 31
94 15
97 70
