110
75 10
11 19
33 39
58 63
13 52
2 10
84 98
24 22
32 62
34 17
36 9
18 56
63 7
35 76
23 74
10 41
75 43
63 25
78 90
85 16
1 63
5 66
79 80
42 58
7 97
13 17
3 82
2 33
13 5
63 16
15 68
23 0
14 28
28 54
20 65
30 2
30 80
38 33
42 46
42 11
42 67
42 90
45 28
44 1
47 42
45 95
50 75
55 85
71 52
72 33
73 67
75 22
75 97
80 55
82 29
87 3
87 26
65 66
95 47
93 23
0 5
0 86
2 47
4 77
6 21
8 83
15 18
14 2
19 7
22 41
24 98
24 32
27 77
27 12
71 79
32 5
34 84
35 25
34 91
37 47
37 56
38 98
44 17
44 54
44 23
44 86
48 92
52 5
52 76
54 59
58 28
58 47
60 94
62 84
64 35
67 59
68 46
68 98
71 88
74 2
75 15
82 91
86 13
88 67
88 48
92 91
93 87
96 35
96 78
98 27
