121
3 38
64 35
57 61
4 7
32 86
93 8
34 16
34 66
35 53
34 48
9 39
9 62
45 21
47 38
77 16
39 42
88 38
97 23
87 15
61 24
1 27
0 99
74 47
6 89
6 71
62 97
12 88
11 12
21 4
24 14
24 41
28 94
29 80
33 8
30 1
40 69
46 83
41 94
52 11
54 60
51 28
54 95
46 62
57 66
61 83
63 12
66 20
69 50
74 93
74 21
82 2
82 93
83 22
89 31
95 59
94 32
96 40
98 87
98 69
0 31
0 50
0 70
4 30
4 5
5 48
4 55
5 82
12 30
11 78
13 3
14 90
14 36
13 20
16 95
19 73
23 83
25 34
25 59
26 19
29 72
29 98
31 33
36 24
38 49
39 15
37 56
40 28
40 24
44 72
47 77
46 21
47 92
53 83
54 0
56 11
55 73
63 3
62 27
66 93
68 29
69 15
69 40
72 0
72 54
73 33
72 8
74 59
78 99
80 39
83 72
83 49
84 88
82 11
87 81
88 63
89 80
90 56
91 71
96 8
96 76
97 37
