109
90 52
92 22
10 21
58 35
16 7
2 79
26 71
27 94
35 28
34 65
10 10
60 26
73 54
43 85
87 14
80 66
89 86
2 31
74 18
5 95
91 3
11 2
17 62
18 73
20 29
22 4
27 51
27 44
92 35
29 16
31 80
20 79
39 7
3 66
37 92
47 54
39 75
46 68
51 25
57 10
60 90
59 72
65 60
62 46
66 33
67 7
67 18
26 62
65 93
71 95
80 72
81 34
82 87
84 45
87 29
85 59
87 74
96 12
96 51
97 41
96 65
97 76
5 87
97 87
6 41
9 30
98 4
11 59
11 33
13 88
17 22
19 25
19 95
21 55
20 70
21 93
25 87
27 27
29 33
29 3
32 69
33 20
37 64
39 99
39 41
39 58
44 47
42 63
45 15
45 0
48 73
51 92
57 99
65 0
65 66
66 53
66 88
66 24
71 47
72 12
72 31
75 41
75 83
79 6
83 18
87 63
87 47
95 96
94 47
