110
29 63
49 87
59 90
41 92
64 68
87 64
5 45
4 59
16 73
17 11
5 10
23 82
33 22
42 6
45 16
48 78
57 83
34 45
62 19
68 43
72 13
61 60
78 66
48 31
83 90
98 24
0 54
42 25
3 34
10 56
22 17
25 40
1 22
33 78
21 61
98 17
39 84
37 66
46 55
48 98
51 55
25 87
43 44
46 67
58 3
60 26
60 35
63 48
67 78
71 67
71 26
66 60
80 7
93 83
96 65
98 87
74 75
0 71
0 38
1 80
1 89
6 2
9 20
15 86
15 98
16 54
19 48
21 78
24 25
25 34
27 1
27 78
27 94
33 13
32 74
34 32
36 58
40 78
41 48
45 0
49 46
51 93
76 46
53 19
52 28
55 12
53 96
57 41
56 63
58 7
60 80
61 54
65 98
68 81
72 52
74 61
78 22
79 96
80 80
80 37
82 56
83 18
82 84
87 43
88 73
88 93
88 63
93 36
97 48
97 41
