115
3 31
11 9
9 49
31 7
6 33
33 17
39 23
42 91
37 85
60 98
69 89
69 9
54 72
40 77
79 82
93 57
96 93
80 28
21 54
31 49
3 3
1 74
7 40
7 23
87 63
10 61
3 44
9 69
10 85
15 18
18 26
20 3
23 34
33 40
33 69
35 91
39 37
44 29
65 45
49 78
43 51
35 54
54 59
56 87
62 2
60 38
67 28
70 17
59 62
72 67
73 95
77 7
64 10
78 57
71 44
77 68
83 96
85 71
92 35
94 53
87 86
0 15
1 56
96 13
0 81
5 5
8 91
10 23
16 81
16 13
18 47
21 0
20 97
27 21
25 73
29 34
28 81
31 95
33 73
34 27
35 20
39 8
42 68
43 13
43 38
47 61
49 0
50 16
49 68
50 10
52 36
54 29
56 21
56 13
59 77
61 87
63 32
64 63
67 51
68 56
70 80
74 21
82 39
82 58
84 12
84 48
85 81
86 20
89 75
88 42
92 99
93 82
96 26
97 1
96 62
