114
28 6
3 87
39 77
36 40
33 8
13 84
20 31
20 4
7 98
16 98
36 52
39 97
60 64
58 1
71 62
69 25
78 9
84 26
5 37
46 32
26 38
85 90
95 54
3 18
6 4
5 79
12 25
3 55
58 25
16 60
19 76
26 22
19 52
27 91
22 63
32 43
40 70
33 81
46 86
48 4
49 9
52 43
54 87
59 10
61 89
71 29
73 97
78 36
79 48
82 66
72 46
80 20
87 59
87 11
96 41
0 47
97 73
1 62
4 11
5 86
8 51
8 33
8 44
10 12
53 67
9 76
10 2
13 29
15 16
19 67
24 3
24 73
30 34
30 72
31 76
31 90
32 49
32 56
34 15
34 99
39 46
40 29
41 11
43 66
45 15
45 96
48 92
48 28
52 54
53 36
53 6
58 42
58 53
58 18
60 70
60 4
61 97
62 47
64 41
66 6
67 77
70 55
72 23
76 33
79 0
84 39
85 73
86 20
88 0
92 66
92 4
93 89
93 47
94 21
