# Penalty:  186041.06032846146
196
4 98
4 63
5 6
5 12
4 35
5 22
4 84
4 49
4 42
4 56
5 72
5 78
5 91
7 25
11 21
11 70
11 56
11 7
11 42
12 12
12 30
12 34
12 49
11 77
11 84
12 64
11 91
13 99
18 84
18 63
18 70
18 14
18 77
18 28
18 91
19 19
18 7
19 33
19 41
18 98
19 56
19 50
25 14
26 5
26 20
25 49
25 70
25 98
26 30
26 40
25 56
25 77
26 37
25 84
25 63
26 92
32 70
32 7
32 91
32 14
32 28
33 21
32 56
32 98
33 33
33 43
33 63
33 50
33 84
33 76
39 35
39 91
39 49
39 56
40 6
40 16
39 98
40 26
40 41
40 19
39 70
40 79
40 61
40 84
46 98
46 56
46 28
46 42
46 70
46 91
46 7
47 12
46 63
46 49
47 34
47 19
46 77
48 84
53 35
53 28
53 21
53 56
54 7
53 91
53 77
53 63
53 70
54 15
54 50
54 40
53 84
55 97
60 56
60 63
60 7
61 12
60 49
60 35
61 22
60 70
61 40
61 77
61 29
61 86
60 98
61 89
67 35
67 77
67 28
67 42
67 84
68 9
67 49
67 98
68 21
68 54
68 15
68 62
67 70
70 88
74 56
74 21
74 49
74 7
74 42
74 28
75 16
74 70
75 37
75 76
75 64
75 85
75 92
77 95
81 35
81 21
81 77
81 49
82 6
81 98
82 16
81 28
82 41
81 63
81 91
82 57
82 71
83 83
88 35
88 56
88 84
89 6
88 28
88 49
88 14
89 22
89 40
88 63
89 79
89 90
90 69
89 96
95 7
95 63
95 56
95 84
95 91
95 77
95 49
96 14
95 70
96 23
96 34
96 27
97 40
97 99
