117
27 64
93 94
44 26
16 52
16 96
27 94
36 19
36 45
48 50
25 24
31 13
51 90
53 7
87 12
0 83
1 43
97 13
2 66
13 19
17 86
21 76
31 53
21 50
22 9
58 91
26 88
23 15
29 77
34 59
43 19
42 90
38 81
44 56
22 34
50 1
50 73
52 96
52 20
58 2
58 84
49 28
61 77
66 31
32 4
65 95
72 57
72 42
75 91
75 75
77 44
72 6
79 87
82 15
93 59
91 72
96 37
96 65
0 9
0 55
0 88
2 97
4 14
4 26
5 47
8 80
87 57
9 60
9 90
9 98
11 1
13 44
12 75
17 63
21 0
21 81
21 40
70 22
25 73
26 56
26 96
27 61
31 25
31 68
32 92
37 0
37 39
37 14
38 97
41 48
44 40
44 70
46 14
46 10
58 22
59 32
60 40
61 44
65 51
65 81
65 88
70 1
75 25
76 58
79 93
81 6
82 20
85 29
84 75
85 89
84 44
87 98
90 48
93 4
93 31
94 80
95 24
97 41
