111
48 16
47 74
5 57
5 12
10 39
18 45
81 57
16 59
24 74
34 97
48 93
60 37
62 2
25 93
47 63
69 16
70 2
25 67
74 51
0 49
76 29
85 29
95 57
44 38
81 13
87 43
3 42
7 90
9 6
7 82
6 29
10 67
10 76
36 86
15 41
18 83
22 13
14 74
31 39
35 68
35 75
36 24
42 5
40 97
36 55
43 22
45 83
51 57
61 27
61 84
65 64
67 28
68 74
69 11
31 12
49 35
70 42
70 83
77 67
86 74
86 66
88 58
88 99
0 1
97 86
3 78
10 24
10 60
11 12
15 19
19 35
24 19
25 45
25 55
26 99
28 63
33 7
35 40
40 14
40 73
40 89
43 57
46 42
47 16
47 48
53 47
59 9
60 57
64 50
63 87
63 97
69 66
75 56
75 23
76 1
76 32
79 74
79 41
81 83
82 47
82 93
83 6
83 36
87 19
87 84
89 34
90 12
91 64
96 24
94 14
96 72
