120
26 69
47 62
50 41
25 60
10 56
51 69
30 89
45 2
55 15
64 66
59 81
78 29
1 56
4 74
2 94
71 50
16 46
8 71
10 0
82 38
12 27
16 93
12 91
20 41
23 28
26 98
28 79
27 45
30 23
31 32
31 67
34 84
36 0
37 14
39 78
48 6
52 61
56 27
47 71
55 89
11 75
56 35
58 53
59 3
64 35
64 89
69 11
74 25
76 99
66 74
77 9
63 16
83 88
88 15
89 59
90 4
87 40
92 70
91 96
98 41
0 3
1 38
0 30
1 49
3 16
2 79
1 64
5 93
6 8
6 15
7 50
11 9
13 24
15 62
17 75
19 9
19 83
21 46
21 73
23 34
27 8
27 71
27 83
27 96
30 50
29 57
32 77
34 23
32 44
37 55
40 24
40 22
39 39
41 84
42 76
42 56
46 22
47 43
48 14
56 55
62 24
66 85
72 41
72 33
74 90
74 38
78 22
78 84
79 75
80 49
81 9
85 28
85 70
87 53
91 25
92 44
93 13
96 66
98 22
98 48
