110
2 72
2 93
29 85
22 46
6 22
40 9
17 62
97 2
45 12
32 8
55 41
22 8
60 78
79 93
15 94
81 23
83 13
87 64
93 18
93 47
97 25
57 96
2 1
2 68
6 98
13 4
14 52
23 41
60 51
25 93
32 30
28 91
27 20
35 34
36 22
45 25
47 87
51 73
31 49
49 52
52 24
55 14
53 37
56 70
56 4
55 87
65 20
60 64
65 89
72 70
79 34
73 24
83 58
82 89
79 49
63 3
84 96
92 85
39 83
92 30
96 89
97 69
0 41
0 24
1 97
4 13
5 2
5 33
10 18
11 65
10 74
10 99
12 47
15 56
17 37
16 72
24 82
28 23
26 97
30 76
33 59
33 93
37 48
41 17
40 59
46 42
46 0
45 71
48 59
50 4
50 92
55 26
60 11
62 35
62 77
64 70
66 97
68 54
70 10
68 63
72 90
78 60
87 5
89 59
90 65
94 10
92 23
96 99
97 39
99 75
