116
72 29
16 82
12 8
24 26
37 64
44 71
61 79
79 50
68 64
53 56
85 89
86 76
56 31
96 10
2 10
97 93
66 1
3 72
3 59
9 67
10 44
75 20
9 21
17 5
12 49
18 75
19 93
19 69
27 76
28 96
29 60
33 92
42 40
45 5
43 55
53 62
58 46
62 53
67 30
46 19
67 42
35 44
64 75
68 82
61 23
72 5
75 62
76 13
78 38
79 83
86 30
89 14
30 37
90 65
89 85
94 51
88 39
0 12
0 48
0 44
0 59
1 66
0 98
3 20
3 41
5 80
8 89
11 15
12 29
99 70
13 58
17 47
19 30
19 50
19 37
19 58
24 1
25 21
31 21
32 80
33 59
34 13
35 1
38 88
40 76
45 96
46 11
45 49
47 88
49 8
52 39
54 11
55 57
56 65
56 94
61 85
62 11
65 16
64 36
67 93
74 99
76 93
79 28
80 3
82 52
84 6
88 60
90 18
90 91
93 34
94 75
94 14
95 60
96 89
96 44
98 54
