112
18 31
13 23
89 64
14 71
36 3
60 28
39 74
2 28
40 53
39 91
24 36
48 53
49 68
21 53
73 7
46 33
31 79
53 54
70 33
95 15
1 15
3 76
88 38
7 37
10 15
14 58
96 32
15 9
25 86
16 47
28 44
6 65
31 94
31 58
30 67
33 32
36 13
10 97
37 66
37 27
80 96
44 80
53 92
56 12
59 91
64 18
64 55
66 81
72 15
79 88
67 89
59 59
74 75
86 79
89 99
36 80
95 56
94 78
96 39
0 89
0 3
97 98
3 96
5 89
7 57
11 78
13 32
17 87
19 60
19 78
20 20
24 13
23 97
25 74
26 23
26 5
32 51
37 98
39 63
40 15
40 92
41 39
41 1
46 42
46 62
50 0
49 29
51 39
52 81
56 19
56 72
56 1
64 8
66 24
74 23
74 54
76 37
77 65
80 38
83 11
83 60
82 70
83 53
85 1
83 91
87 28
91 45
89 22
95 12
96 27
97 61
97 4
