110
12 12
5 5
2 16
16 19
42 63
20 70
27 36
59 59
27 71
31 84
42 4
14 90
46 34
84 85
75 65
74 90
89 70
80 89
90 6
94 76
0 2
3 23
6 9
92 18
7 74
13 33
15 13
9 99
18 54
19 83
20 42
20 60
20 24
28 97
34 53
34 99
3 86
32 11
39 40
44 74
45 42
40 26
51 35
52 14
52 87
58 42
58 3
68 50
69 56
72 8
72 32
75 78
77 36
80 56
84 20
90 43
85 14
97 88
0 29
0 11
97 68
1 49
3 45
95 53
4 61
7 53
7 89
8 63
11 40
11 76
13 5
16 44
18 1
18 92
21 98
21 56
25 19
25 1
28 41
32 60
32 34
33 21
33 44
47 15
48 78
51 96
57 28
57 61
61 15
60 25
62 52
62 11
63 27
63 96
63 0
69 36
69 83
72 96
74 10
73 70
76 73
77 84
78 52
80 95
80 66
83 42
84 78
90 86
97 7
99 61
