117
97 13
62 86
25 30
37 19
32 10
34 90
30 45
64 44
66 75
70 41
57 21
71 66
85 15
80 43
95 41
37 28
83 92
67 62
1 30
2 56
22 39
3 67
4 23
6 80
8 14
6 90
93 82
8 25
13 74
12 92
15 5
19 21
89 58
23 48
25 5
26 50
29 96
27 73
31 1
33 62
39 81
38 67
28 61
52 46
54 3
17 59
40 57
56 72
59 96
65 24
65 33
72 22
75 86
87 65
92 96
74 1
94 51
0 1
97 30
88 25
0 85
0 94
2 6
3 36
4 61
10 97
10 56
13 31
11 48
16 81
18 30
26 84
26 14
33 38
37 9
36 53
39 4
40 37
41 79
44 19
44 45
45 61
47 40
46 86
51 15
51 32
56 36
59 3
59 55
59 78
66 11
68 25
69 6
69 59
69 73
75 54
76 16
76 36
78 63
81 26
82 45
82 56
86 35
87 83
89 40
89 14
89 73
91 49
92 89
94 5
95 62
96 69
95 95
96 20
97 76
97 2
96 89
