111
27 51
5 30
7 54
20 35
22 11
4 47
24 82
27 66
29 69
28 93
37 43
35 21
51 45
52 71
50 23
63 68
37 95
72 91
75 79
77 96
58 83
73 13
82 41
82 82
94 95
98 38
7 21
12 62
16 8
18 46
86 90
14 53
24 21
31 40
34 81
23 28
11 89
36 57
40 48
48 38
49 50
56 13
54 60
58 6
59 92
43 77
63 12
65 62
69 97
67 89
71 63
70 44
87 61
75 36
93 72
0 10
0 4
87 11
0 91
1 66
2 86
62 45
2 37
4 15
4 97
7 42
7 74
8 32
16 59
16 73
23 46
23 53
25 39
27 0
30 74
30 49
31 9
33 87
35 67
36 11
37 19
41 40
42 59
44 51
46 7
46 1
47 14
49 92
52 30
52 50
56 95
58 35
60 57
60 78
65 16
69 1
69 28
73 19
74 55
76 67
75 14
76 83
77 59
78 89
79 42
83 22
85 43
88 72
89 56
92 60
92 91
