117
7 30
4 46
23 65
62 21
92 11
2 91
18 76
30 66
31 77
45 34
46 58
60 68
65 65
67 22
46 49
91 44
16 85
13 15
69 82
88 66
17 31
18 47
85 10
19 58
21 81
84 52
24 29
21 4
24 43
29 47
33 40
34 3
33 29
37 13
37 80
33 98
47 4
47 64
54 9
55 29
28 92
56 64
58 77
54 43
68 16
69 58
70 7
74 21
79 42
83 25
88 96
61 24
73 70
65 41
92 3
0 71
1 87
78 36
3 6
5 2
6 49
5 78
8 87
9 41
10 25
9 62
10 58
12 68
13 50
14 96
16 11
22 69
24 39
24 58
25 7
30 11
31 63
31 48
34 19
33 33
36 89
37 51
39 26
43 69
45 78
46 54
49 89
49 74
51 13
54 36
53 98
60 50
61 3
63 89
66 96
70 30
70 48
69 89
74 14
73 55
76 80
79 85
80 1
84 26
86 15
89 7
89 20
89 72
91 40
92 63
92 77
93 46
94 2
95 84
97 13
96 93
97 49
