107
59 74
52 21
64 48
2 18
66 8
9 75
11 22
17 32
6 84
23 62
27 76
40 89
83 42
34 72
49 75
64 77
58 67
69 25
72 38
80 17
86 27
90 91
95 59
92 11
83 60
98 84
3 58
3 45
76 10
95 21
7 80
8 9
9 39
9 95
15 65
39 27
21 41
16 94
28 69
28 29
29 23
36 81
38 8
34 92
54 88
60 47
52 28
62 33
39 47
71 56
72 95
75 68
81 92
85 13
49 41
92 74
94 53
70 14
67 66
1 32
4 54
5 44
11 75
14 26
15 84
23 11
23 17
24 94
27 49
49 52
27 62
30 40
29 77
30 97
33 55
38 14
40 37
41 94
94 88
42 18
42 80
44 90
55 38
57 57
57 11
58 78
59 25
62 42
61 70
61 96
65 82
70 74
72 24
72 80
72 48
76 30
78 85
79 45
78 95
81 37
80 76
83 86
83 50
87 60
91 28
95 33
94 66
