109
16 33
66 21
68 6
3 34
4 57
4 27
23 68
25 54
44 36
31 36
48 80
44 9
14 28
46 59
35 52
70 24
13 46
35 30
73 81
17 18
58 38
96 31
68 49
50 53
7 37
5 94
7 73
8 64
12 63
12 72
19 33
10 78
23 7
22 46
31 87
35 8
75 37
49 72
47 99
52 5
52 92
53 27
60 83
72 75
71 17
76 52
77 94
82 4
81 89
74 62
82 14
83 57
87 81
53 77
90 35
95 70
94 11
35 47
95 59
0 79
35 70
1 5
0 40
1 90
6 22
7 88
8 9
13 54
15 2
15 77
20 87
22 19
21 61
24 27
26 71
29 20
31 85
83 38
29 96
35 40
36 58
35 3
37 93
39 81
40 25
41 40
48 41
48 1
53 20
57 11
55 70
58 51
59 44
59 4
63 25
69 44
71 4
72 97
78 25
79 99
80 50
83 66
84 10
85 93
86 18
84 48
90 55
90 89
95 40
