113
0 10
0 26
0 3
0 18
0 34
0 53
0 42
0 78
0 63
0 86
8 14
0 71
8 22
8 34
8 42
0 95
8 6
8 86
9 50
8 70
8 62
10 77
11 94
28 34
28 2
28 74
28 50
28 18
28 42
28 58
29 10
29 94
28 82
30 26
38 22
28 66
38 58
38 78
38 14
38 42
39 30
38 70
39 90
40 49
39 6
48 2
48 14
48 58
48 22
48 38
48 66
48 50
48 86
50 75
50 94
58 14
58 30
50 29
58 42
58 6
58 54
58 86
58 22
60 62
60 75
68 22
68 30
58 94
68 42
68 14
68 54
68 74
69 86
68 62
69 2
88 26
71 94
88 10
88 58
88 90
88 66
88 34
88 2
89 50
88 78
92 42
91 18
1 48
8 29
8 0
9 57
30 86
37 36
38 2
38 82
38 95
39 62
48 10
48 82
49 42
58 1
57 36
58 66
58 46
60 78
68 37
68 50
68 8
68 81
68 67
88 82
88 71
89 97
