114
3 34
2 28
4 63
12 26
22 71
17 12
21 2
26 95
35 72
21 83
40 26
61 45
57 91
63 36
56 80
73 72
76 76
81 50
84 89
1 50
2 96
4 89
13 78
85 42
14 6
45 88
17 21
18 61
19 43
21 16
22 90
28 27
32 19
29 14
33 3
40 6
33 39
47 56
48 97
33 95
47 8
61 22
60 88
63 8
63 81
56 71
66 2
71 81
70 14
76 28
78 6
72 58
82 78
84 22
85 71
91 63
83 15
75 65
1 0
98 77
4 10
5 36
6 51
9 60
8 0
11 38
17 49
18 97
19 29
19 24
25 12
25 68
25 37
25 72
28 86
29 8
37 44
35 52
39 71
42 28
41 75
42 12
44 37
47 13
47 40
47 64
51 50
53 2
54 60
56 16
58 97
62 71
65 33
66 91
68 8
70 50
72 9
75 24
75 35
76 95
77 81
77 88
80 31
78 59
86 0
88 26
87 40
88 49
90 16
93 44
93 76
95 83
95 10
96 33
