116
43 13
84 3
2 14
53 46
13 12
11 63
20 56
16 27
37 63
38 52
47 3
50 54
23 25
32 52
86 72
70 75
57 61
62 95
68 66
3 52
73 46
10 3
26 85
11 45
13 17
16 97
22 41
24 3
26 21
28 97
32 10
34 44
35 81
38 27
44 36
36 90
11 72
47 65
48 44
47 74
55 35
58 43
60 82
72 56
73 25
66 31
79 60
78 97
85 35
88 26
92 35
83 53
94 67
94 84
97 22
0 8
93 55
98 2
82 23
2 65
3 77
2 99
4 25
4 48
7 32
14 40
13 91
86 10
18 45
16 65
19 81
23 57
21 92
25 74
26 66
25 38
30 26
31 57
31 18
36 41
37 2
38 17
38 73
39 7
39 64
39 90
44 51
44 61
48 22
48 94
50 72
50 80
51 32
53 48
53 2
57 54
59 34
61 42
60 74
62 5
64 79
64 1
66 17
67 51
69 98
70 35
71 70
72 88
72 7
77 43
79 46
81 75
84 67
88 30
96 75
99 52
