202
61 5
93 90
0 11
0 24
0 5
0 32
0 42
0 31
4 63
0 57
0 46
0 68
0 78
0 85
0 91
0 98
4 35
4 14
4 28
4 77
4 0
4 84
5 40
5 48
5 22
5 55
5 96
6 69
5 90
11 51
10 65
12 2
12 10
11 86
11 93
12 28
12 23
12 15
12 37
11 44
12 59
12 81
12 71
18 70
18 77
19 2
18 98
18 84
19 8
18 63
18 42
19 15
19 27
19 35
18 21
19 48
20 90
21 58
25 22
25 36
25 15
26 1
26 10
25 93
26 42
26 49
25 79
26 29
26 64
26 72
25 86
27 59
33 6
33 14
32 84
32 21
32 70
33 33
33 30
33 42
32 56
33 77
33 49
32 91
34 98
39 23
38 37
39 50
39 72
39 4
40 7
40 44
40 14
40 57
40 65
40 77
42 30
46 77
46 84
46 63
46 21
46 14
46 98
47 0
47 26
47 8
47 36
47 56
47 70
47 41
47 47
48 93
53 65
53 23
53 86
53 79
53 58
54 4
54 11
53 30
53 72
54 38
54 15
54 50
55 42
54 93
60 56
61 11
60 91
61 19
61 27
60 35
61 49
61 41
61 63
61 72
61 79
63 98
67 56
67 65
67 43
67 87
67 16
67 9
68 28
68 4
68 39
67 93
68 81
67 72
69 22
74 49
74 70
75 5
75 0
75 20
75 36
75 42
75 55
75 79
75 65
75 97
76 29
76 82
81 9
81 44
81 49
81 2
81 56
81 78
82 14
81 86
82 29
81 93
82 35
82 74
82 66
88 49
88 35
88 98
88 70
89 5
88 84
88 42
88 28
89 1
88 56
89 20
89 77
89 16
95 2
95 58
95 16
96 35
96 23
96 52
96 63
96 44
96 79
97 70
97 88
99 29
