122
13 90
93 71
23 3
26 26
29 20
27 62
25 75
37 63
44 95
48 13
63 16
42 23
52 39
71 4
28 10
3 23
75 78
93 94
1 94
5 55
68 20
83 18
10 17
12 55
8 42
19 12
19 91
15 67
38 4
29 73
43 89
45 66
34 14
54 79
54 17
49 50
58 99
55 51
61 55
63 66
67 76
69 45
70 98
77 5
77 60
84 62
86 11
86 23
84 92
57 91
89 80
95 22
94 38
98 83
95 9
0 52
0 64
1 6
0 38
0 85
3 98
86 30
5 71
7 63
9 33
10 3
10 78
14 46
17 18
17 79
18 56
18 93
18 65
19 35
21 24
20 87
22 41
26 5
25 44
27 32
27 90
29 23
31 81
33 71
36 52
37 26
39 41
41 81
44 3
45 17
48 24
47 73
51 29
52 65
52 47
54 25
56 73
58 33
61 1
59 22
62 7
64 69
62 29
65 53
65 92
66 88
68 15
70 35
72 88
76 51
75 73
80 96
84 47
83 74
87 0
92 77
95 17
94 99
95 25
95 65
98 1
99 32
