121
3 16
68 47
13 30
25 17
15 76
29 84
31 28
32 90
61 11
36 44
63 55
60 70
73 79
76 61
79 84
55 32
80 15
96 95
1 89
79 31
3 11
3 40
5 28
5 71
5 76
7 99
7 9
12 48
18 49
98 76
18 89
22 6
24 90
23 42
28 47
26 65
30 4
36 51
36 38
37 71
48 78
33 16
48 69
40 3
54 59
57 94
59 64
61 89
60 80
61 44
65 25
68 4
68 94
72 44
79 40
81 65
76 20
85 9
86 80
91 5
97 65
91 13
0 24
1 59
92 35
1 84
3 47
4 36
6 55
6 44
8 19
7 90
9 68
9 98
14 3
16 20
17 52
21 30
23 79
23 21
28 71
31 98
31 79
32 24
33 92
38 76
41 98
45 83
45 14
48 35
49 98
51 25
52 62
52 45
52 88
55 38
55 0
60 63
61 5
61 34
62 53
65 7
65 95
66 81
68 35
67 28
69 54
70 98
77 44
78 77
81 74
82 85
86 52
86 60
88 22
86 95
96 8
96 2
95 57
96 41
96 20
