101
23 12
13 25
4 57
5 11
17 25
16 78
25 16
1 2
11 19
3 20
16 97
20 84
24 64
13 90
20 71
50 89
54 5
74 19
75 27
0 68
7 75
68 93
29 4
11 56
10 62
96 30
15 2
17 68
18 11
18 51
25 93
18 18
29 73
28 19
48 66
52 99
56 23
59 27
59 76
59 95
57 14
61 43
64 12
64 38
64 67
72 65
60 51
69 87
80 24
77 83
84 55
85 9
81 18
85 73
78 60
88 46
90 61
86 82
90 20
92 76
94 0
79 31
94 7
97 57
97 37
0 24
1 85
2 96
3 90
8 12
9 52
9 97
9 93
15 58
19 87
22 83
23 29
24 52
24 9
28 83
29 98
51 83
58 70
64 6
66 81
66 99
67 67
68 34
69 48
70 5
73 94
74 45
78 8
80 72
84 41
85 52
91 27
94 72
96 10
97 54
97 44
