114
30 26
36 48
51 31
10 27
17 20
90 94
16 65
65 54
26 79
25 43
18 51
36 10
40 13
41 40
36 79
50 24
49 84
90 16
90 73
54 42
2 37
84 33
75 69
7 54
7 16
70 85
10 79
14 24
18 71
14 90
20 37
19 60
25 26
29 49
83 96
33 39
33 69
37 5
46 17
30 10
50 95
52 5
63 97
68 47
39 59
57 13
68 61
70 79
73 42
81 22
88 44
88 60
96 34
85 56
0 17
0 87
1 48
3 81
4 45
98 24
5 74
9 65
9 98
10 47
12 12
17 84
19 5
65 17
21 80
20 91
23 34
22 12
26 0
29 60
31 52
39 83
40 32
41 21
43 42
43 66
45 90
47 5
49 74
50 55
50 66
53 23
53 83
55 3
59 73
59 83
59 88
61 2
71 2
73 21
73 74
74 62
75 37
76 45
77 7
78 90
82 75
84 11
84 86
86 71
87 26
89 2
90 10
92 75
92 70
91 84
95 50
95 57
96 97
97 4
