111
51 34
57 26
2 8
55 95
4 66
7 23
12 36
33 30
42 57
49 65
55 88
59 67
10 52
54 47
82 64
67 83
61 55
75 70
76 55
79 30
93 36
0 28
1 51
31 91
9 42
90 75
10 64
8 76
14 26
18 34
19 52
21 62
20 41
28 13
28 51
24 96
36 8
42 78
37 84
95 85
44 63
45 3
48 47
65 14
78 87
88 45
89 18
91 26
75 38
92 10
97 45
96 92
97 51
1 17
0 96
3 36
4 70
42 24
8 91
11 97
12 14
13 78
14 38
88 86
15 72
19 12
18 56
21 31
27 19
27 71
28 84
30 61
33 12
34 1
40 54
40 45
42 8
41 72
43 38
48 97
50 11
49 39
51 31
56 53
56 82
56 90
57 60
57 96
59 12
58 26
61 36
63 95
66 50
68 4
68 78
70 12
69 91
70 62
70 22
72 47
74 95
76 17
77 14
78 49
80 80
80 5
83 68
81 87
85 99
92 77
96 32
