114
34 41
46 61
47 91
0 48
93 90
7 69
13 92
36 77
26 79
42 99
44 37
51 35
53 86
67 48
67 75
18 98
61 64
71 33
70 56
73 90
75 27
86 22
89 51
2 24
80 43
3 66
5 73
3 81
8 54
19 90
20 4
14 32
17 60
27 85
26 8
27 38
27 64
33 85
32 34
35 7
13 44
38 35
13 79
40 58
42 87
49 49
53 96
48 19
57 78
57 55
57 98
60 18
30 15
70 22
80 87
82 57
83 44
84 81
85 69
88 57
0 5
89 27
0 92
0 13
87 4
2 29
1 99
4 86
7 22
7 5
9 91
10 15
13 17
14 53
18 71
18 27
22 57
27 72
28 51
28 42
31 59
33 64
34 17
37 48
39 16
39 27
43 52
45 72
47 83
47 4
52 66
56 84
62 58
66 17
68 9
68 77
69 57
70 0
70 99
75 80
75 50
77 73
79 10
80 36
81 94
85 95
85 11
90 36
90 70
92 13
91 81
95 94
97 88
96 75
