108
14 45
66 92
70 5
84 47
60 40
8 49
97 37
24 22
32 45
34 54
90 5
16 38
30 92
67 73
76 26
48 58
50 86
70 80
87 31
88 88
84 87
81 11
96 60
38 91
95 16
0 49
1 10
6 63
10 96
11 70
18 96
28 72
34 63
66 18
20 10
38 1
43 18
48 26
52 35
54 78
40 70
65 38
64 62
67 86
75 8
62 76
79 30
22 88
77 96
3 36
17 32
80 68
93 6
97 86
0 99
2 57
3 26
4 77
7 5
6 88
6 99
81 62
14 3
14 64
17 79
23 3
28 27
31 98
33 17
33 84
38 50
40 60
41 32
44 76
45 11
46 3
46 44
49 19
51 49
53 62
53 92
52 13
55 26
57 53
57 98
58 45
60 14
60 64
65 31
65 47
67 58
68 3
72 93
73 46
75 23
80 74
81 52
82 71
86 42
87 97
87 14
87 81
90 54
94 80
95 64
96 17
97 10
96 25
