112
67 42
84 77
25 29
24 64
29 22
1 13
31 85
28 97
40 63
75 71
73 55
89 16
72 89
40 43
2 63
4 43
75 32
10 31
14 24
12 94
14 67
20 20
17 89
16 12
30 75
26 43
32 65
32 3
32 17
38 72
38 52
41 97
43 2
43 36
43 13
46 38
43 69
47 17
47 84
51 66
52 1
55 92
56 24
57 78
58 48
60 1
58 36
62 87
65 49
65 18
66 45
65 36
68 93
72 40
70 67
76 94
77 38
80 16
84 83
85 9
90 56
86 33
83 54
93 15
92 70
93 39
93 48
97 77
0 0
98 6
0 41
1 78
72 4
3 62
3 12
6 74
8 17
8 59
14 37
16 5
17 95
19 44
19 57
21 1
23 38
25 56
26 27
27 10
29 98
32 33
36 11
40 23
39 56
46 25
46 71
48 55
53 30
55 70
60 67
60 97
63 10
67 63
67 84
76 47
79 74
82 41
86 23
90 94
91 31
91 76
95 51
96 21
