111
32 38
33 31
73 92
8 47
5 2
16 38
17 22
5 73
20 3
39 48
4 95
33 91
49 51
54 98
45 42
43 7
63 55
64 4
72 79
72 59
76 18
97 22
1 32
5 17
4 26
78 48
9 8
80 34
38 33
9 82
10 18
16 60
18 52
18 44
27 24
33 73
16 70
28 67
28 6
50 68
51 35
39 67
54 42
61 17
53 75
63 28
64 72
63 82
69 96
72 3
77 67
82 23
88 74
74 30
88 41
93 0
95 81
85 55
98 96
0 15
2 61
3 8
7 90
6 1
88 64
10 24
10 31
8 41
13 11
14 96
17 28
19 96
22 20
21 80
24 91
27 85
31 84
33 43
33 9
34 15
35 2
35 78
34 98
38 57
43 93
42 28
51 61
53 21
56 26
54 54
56 68
58 94
59 40
62 13
62 60
64 87
66 5
67 76
69 45
68 87
75 73
76 61
78 97
81 0
88 46
92 10
90 39
93 25
96 32
95 56
98 91
