112
62 54
31 59
91 40
2 19
56 69
13 70
75 37
34 61
64 67
18 48
36 71
40 26
46 66
64 47
79 25
94 77
63 78
95 87
1 5
94 10
1 51
7 27
7 74
14 23
17 96
16 44
7 43
20 26
22 43
23 12
22 56
28 0
27 22
26 91
29 50
31 33
43 24
44 75
42 92
44 7
49 51
52 32
55 25
55 15
59 63
57 83
60 44
66 89
71 95
4 66
72 84
74 66
68 20
81 56
82 64
85 5
85 34
88 96
93 29
90 74
93 44
95 53
0 41
6 35
6 98
9 17
12 0
12 35
15 84
17 1
22 81
22 37
23 15
28 70
27 80
28 47
32 37
34 27
35 3
36 76
37 20
37 66
36 89
38 30
38 50
40 61
44 28
43 98
46 71
47 41
47 10
48 98
49 65
52 53
53 77
58 7
60 31
61 22
63 86
64 7
65 49
69 63
72 24
73 12
78 93
74 55
76 2
82 12
80 82
86 53
87 3
95 35
