111
4 46
3 7
4 59
18 96
17 40
21 33
23 20
45 58
92 18
28 27
35 66
31 58
36 94
38 35
40 16
86 17
12 73
46 91
45 48
52 64
22 12
51 54
69 44
56 99
73 70
0 68
12 0
91 37
15 23
38 58
34 81
36 9
18 69
42 23
42 77
49 5
33 15
46 87
84 95
53 20
42 96
53 81
57 89
57 35
65 86
68 23
67 37
73 79
81 8
82 56
92 47
71 91
93 84
0 19
0 27
2 9
0 96
4 76
4 86
7 93
8 51
10 19
11 65
13 90
15 35
16 48
94 75
19 4
21 22
21 73
20 41
22 87
26 30
27 43
28 53
28 74
28 18
28 89
34 33
36 73
46 19
47 71
45 33
51 13
52 4
54 65
59 40
60 73
63 73
64 0
73 36
72 57
73 86
74 64
75 18
74 49
77 25
79 97
82 66
84 61
83 1
84 82
89 13
91 60
91 27
93 41
93 55
94 7
95 12
95 92
97 34
