111
86 23
65 61
68 65
1 78
97 16
4 16
31 63
31 94
50 22
48 29
32 74
50 86
54 38
52 74
36 53
10 51
76 9
54 4
78 48
93 22
78 3
77 58
2 62
2 48
66 22
7 97
67 54
11 29
11 81
4 89
11 95
19 54
20 85
18 48
27 82
29 86
30 45
31 11
13 87
38 41
37 61
44 57
44 45
39 93
59 53
60 75
6 10
60 90
61 7
55 78
71 83
66 76
79 52
83 92
82 28
92 10
92 45
1 39
3 59
6 21
8 65
12 2
16 69
25 74
17 10
17 93
21 26
21 37
69 35
24 88
25 3
24 50
32 8
32 81
32 96
39 32
43 86
44 27
46 64
47 11
46 95
51 28
53 11
54 5
58 83
59 27
61 38
63 97
63 29
64 3
67 70
68 61
69 99
70 16
69 91
75 80
77 91
78 64
80 19
83 83
84 56
86 10
86 30
87 95
90 35
93 96
94 26
95 0
95 37
96 72
97 65
