114
26 96
41 91
12 51
86 26
80 0
2 51
91 57
17 59
10 45
18 77
57 60
44 66
83 81
93 15
94 49
75 76
90 7
95 96
93 74
0 83
70 14
3 60
51 38
65 82
5 48
5 13
5 28
8 82
11 11
11 6
12 83
10 65
17 39
16 63
21 73
22 19
25 29
27 10
30 69
36 68
26 41
36 94
39 34
45 77
46 12
50 47
53 9
56 14
21 50
58 52
73 36
67 73
75 93
67 26
91 40
89 66
97 2
0 66
0 76
0 58
0 32
7 30
7 55
9 24
10 74
10 95
12 87
16 15
17 28
18 5
19 94
21 76
22 85
23 62
24 6
25 51
29 96
30 42
31 20
32 85
32 55
34 12
33 7
39 23
39 1
39 44
39 58
41 83
44 19
46 88
50 2
52 43
52 73
51 98
60 87
62 45
63 91
63 21
62 98
66 9
70 1
72 82
75 7
75 27
78 33
80 67
81 94
84 54
87 31
89 57
93 24
94 19
97 66
98 83
