111
65 64
10 63
7 87
20 41
91 43
20 84
58 36
38 35
96 80
51 31
30 5
24 25
66 82
75 46
24 81
39 82
1 75
79 38
4 64
3 94
10 26
11 40
73 24
75 63
11 52
15 32
17 14
17 54
16 4
19 68
20 27
22 61
23 50
25 92
36 63
37 6
41 57
36 99
43 46
47 64
50 40
56 22
48 87
87 97
57 92
61 50
65 85
67 51
67 39
67 96
70 15
75 32
82 8
88 17
78 95
89 34
93 11
0 27
0 39
2 3
3 14
56 44
3 50
4 57
5 33
6 44
7 90
7 76
7 97
8 6
87 57
10 21
13 58
15 98
19 0
19 43
18 21
25 39
27 35
28 16
34 33
40 70
43 6
42 19
43 93
47 23
46 57
50 92
56 33
58 10
59 95
60 72
63 1
64 79
66 43
70 67
72 49
71 77
75 3
78 83
79 17
79 45
81 30
83 2
85 65
87 51
88 71
94 87
94 95
95 38
97 31
