113
47 47
8 5
18 95
2 8
30 11
33 19
39 11
40 89
17 68
40 36
50 97
52 85
68 2
76 64
82 98
79 85
51 18
81 39
81 67
5 72
82 5
49 34
6 99
14 23
38 28
20 95
22 79
22 34
26 79
91 21
28 43
26 72
67 32
82 27
30 32
33 86
35 53
37 64
48 71
50 40
52 91
56 43
36 0
58 4
62 66
64 97
69 73
70 25
61 18
73 11
73 58
69 93
74 50
76 19
87 57
87 71
84 44
94 65
96 55
97 73
0 62
0 1
0 78
1 90
0 16
6 45
8 80
10 12
12 60
13 86
16 50
19 8
25 40
27 2
29 20
31 40
35 57
38 76
42 3
44 41
45 19
45 63
48 2
48 13
47 48
53 22
56 13
58 72
59 34
60 82
65 51
64 11
70 41
71 85
76 49
76 73
80 14
79 81
80 20
81 89
87 62
88 14
89 2
88 30
90 7
91 48
90 84
90 93
96 12
96 20
96 5
96 94
97 64
