166
34 96
96 61
1 20
5 14
13 49
16 24
24 40
29 35
30 27
31 42
32 53
33 76
49 33
48 93
50 83
55 8
64 60
72 7
72 69
78 51
82 64
83 84
86 72
88 40
90 56
97 27
0 8
94 34
0 12
0 25
0 39
0 55
0 67
0 2
0 80
0 83
0 91
1 37
5 84
5 77
5 0
5 49
6 6
6 22
5 56
5 91
6 36
6 44
6 26
6 63
13 56
14 2
14 13
14 34
14 61
14 77
14 6
15 83
17 41
21 14
21 77
21 98
21 70
21 35
22 6
22 20
22 1
21 49
21 63
21 84
22 29
22 89
24 55
30 0
29 63
29 70
30 6
30 21
30 47
30 16
30 83
37 0
37 63
37 14
37 21
38 8
38 40
38 48
37 77
37 70
38 92
38 36
40 99
45 0
46 7
45 14
45 70
46 19
45 28
46 44
45 63
46 50
46 96
46 79
53 49
53 77
54 20
53 84
54 28
53 35
54 41
54 63
53 56
54 91
54 69
56 99
61 77
61 14
62 0
61 42
62 5
61 84
61 56
62 19
62 36
62 28
62 47
62 70
63 92
70 15
69 49
69 91
69 98
69 77
70 36
70 42
70 23
70 82
77 91
77 42
78 1
78 13
78 27
78 37
77 56
79 97
86 16
86 20
85 91
86 28
85 98
86 37
86 86
87 3
88 60
93 91
94 0
93 84
94 7
93 42
94 15
94 47
94 55
94 79
94 23
95 98
