111
46 78
93 86
17 62
17 31
59 97
3 33
26 37
8 46
30 98
33 68
38 5
47 94
32 41
69 1
45 71
69 70
44 47
59 12
74 57
75 33
87 69
92 26
2 67
6 76
10 17
14 37
16 9
21 24
19 92
24 84
31 62
30 82
31 7
40 57
46 62
76 73
49 52
61 30
7 7
63 6
61 53
41 75
64 77
49 19
69 65
63 85
70 37
71 95
75 43
73 50
80 6
77 92
81 21
84 98
86 50
86 61
88 86
89 10
88 44
91 32
94 78
0 41
0 51
0 22
89 23
0 72
7 98
6 25
8 36
9 65
10 55
11 85
10 46
13 4
15 50
21 76
21 50
22 95
23 1
24 15
29 26
30 1
33 34
33 44
35 2
36 66
39 96
39 83
45 30
47 75
48 42
52 10
53 32
52 38
54 92
57 49
60 92
63 34
66 98
66 25
67 82
68 20
79 56
79 71
85 79
92 52
93 15
95 20
96 57
95 98
96 64
