110
35 63
8 64
69 20
30 92
17 66
46 72
39 76
16 26
39 28
57 70
54 8
59 44
68 73
56 83
81 57
82 20
84 66
86 47
86 31
89 89
77 34
96 60
4 87
4 21
91 40
85 77
11 45
9 98
14 50
12 32
18 57
50 79
23 80
24 50
26 98
30 88
38 36
43 95
41 65
46 54
46 90
57 88
60 13
63 42
64 63
66 49
71 40
69 54
76 79
78 62
78 96
83 91
84 97
91 74
86 13
95 32
96 6
97 41
1 52
7 76
9 9
95 53
12 69
12 62
87 24
16 4
69 85
15 12
21 26
21 88
21 17
24 42
26 70
28 78
30 1
30 55
30 21
30 74
33 33
34 84
35 94
41 10
42 41
41 1
43 28
46 48
47 34
46 84
47 94
49 72
54 38
57 18
58 77
59 93
59 35
60 72
63 48
64 5
63 76
65 32
70 46
74 87
75 23
85 8
90 78
92 68
96 81
96 72
94 93
98 15
