101
38 60
71 61
22 31
26 79
31 36
22 67
64 36
73 26
74 15
24 3
54 29
33 59
55 70
38 48
62 67
63 44
67 28
36 20
73 78
77 60
31 27
78 28
81 25
67 55
81 75
2 70
89 48
12 16
8 30
17 23
19 40
18 74
20 57
19 61
25 72
28 7
29 67
34 51
36 73
40 57
42 17
41 25
40 88
46 64
53 64
58 49
58 60
59 34
63 24
65 62
64 18
66 46
72 72
76 20
20 25
97 52
83 80
83 35
2 0
5 71
5 51
7 96
10 78
10 68
12 35
19 81
19 51
24 45
23 88
26 22
26 94
28 32
29 73
87 18
34 7
33 32
34 63
33 82
40 31
44 38
45 91
46 77
47 13
48 58
48 7
52 25
53 73
55 56
60 79
61 4
62 72
66 84
71 42
71 88
75 33
77 61
77 68
78 55
81 60
81 42
87 71
