114
7 78
57 18
71 79
37 10
84 6
16 30
10 6
40 19
16 96
39 69
50 91
45 2
41 49
55 64
81 81
48 27
70 3
55 37
1 72
51 18
3 50
64 26
5 24
6 85
11 60
82 15
19 43
21 74
23 85
26 53
30 8
31 26
14 48
43 73
49 94
43 98
59 46
62 96
58 23
70 28
70 43
70 34
72 11
74 59
76 24
80 94
80 69
83 90
81 84
85 0
32 39
84 53
89 27
90 66
93 74
96 13
90 36
0 57
0 37
1 28
0 14
1 3
5 42
6 19
8 64
11 1
12 87
13 74
15 9
15 65
93 83
17 14
16 24
19 30
19 90
22 47
27 99
27 15
32 85
38 12
38 28
41 33
39 64
43 6
45 60
46 46
48 22
51 58
53 44
56 12
62 61
62 47
64 15
68 67
68 97
72 1
70 72
74 29
74 63
79 4
82 44
83 37
84 59
85 10
84 70
88 22
88 6
93 98
93 4
94 39
95 25
94 32
95 21
96 77
