109
30 63
42 63
53 16
0 41
2 52
89 80
19 25
12 2
8 29
36 92
38 24
46 84
46 48
48 5
43 70
53 30
64 33
58 89
77 90
80 41
1 66
70 53
2 93
3 23
74 36
4 75
14 91
16 39
16 76
19 6
13 41
20 27
22 44
25 92
96 12
34 61
40 9
43 31
44 54
25 87
48 20
47 39
48 90
50 49
53 8
56 61
59 71
57 94
69 41
72 6
82 90
79 9
64 5
57 57
86 58
88 7
94 69
90 35
97 42
0 12
0 18
0 86
0 56
59 32
8 73
9 8
7 80
11 27
9 86
15 12
17 97
21 3
22 39
22 10
30 92
31 28
31 54
32 73
31 99
34 4
36 48
38 78
43 1
44 77
45 14
43 59
53 35
56 23
58 7
58 43
58 16
66 19
68 31
72 18
72 45
73 95
74 26
76 63
78 1
78 71
78 83
81 25
81 33
83 51
86 83
89 95
91 75
93 14
95 91
