115
63 59
64 84
40 84
44 23
65 16
87 49
3 58
6 66
7 14
11 87
38 34
29 5
46 49
72 21
83 5
76 2
85 91
90 74
71 44
91 71
4 0
7 34
10 68
35 66
14 36
16 51
19 85
22 46
19 92
26 29
23 37
29 88
34 98
32 49
34 33
38 77
35 41
44 5
42 68
66 55
71 10
50 47
71 77
69 94
72 82
73 33
77 73
79 37
80 33
81 53
86 18
88 38
94 35
97 59
0 71
0 63
92 60
0 87
97 49
2 17
1 49
4 40
52 61
8 65
8 2
10 45
11 96
13 77
13 17
14 7
16 57
15 65
20 82
23 57
23 9
25 73
27 1
26 20
31 79
36 3
35 89
36 63
37 11
40 25
42 38
43 30
47 81
48 26
50 7
52 12
52 21
55 94
57 5
55 68
58 62
63 76
64 37
67 25
72 64
73 48
74 89
74 18
77 12
77 47
78 76
81 83
84 24
84 1
85 11
89 96
89 29
93 88
96 1
97 39
98 80
