86
48 58
4 18
4 79
19 60
25 41
26 31
80 96
42 87
7 67
88 92
10 15
82 88
12 63
4 51
16 56
18 71
38 43
24 90
15 33
8 24
26 61
29 96
26 77
32 79
41 62
30 86
45 50
42 93
46 98
57 82
65 75
12 47
66 87
89 97
20 40
56 70
22 65
0 5
0 15
0 43
4 58
5 86
6 8
10 74
13 19
4 69
19 22
21 34
24 50
19 85
29 69
31 35
37 78
14 96
48 94
1 32
54 59
60 99
75 79
0 94
5 39
12 26
42 56
15 87
17 49
22 77
24 26
32 89
34 64
37 84
41 71
46 65
47 71
47 88
48 81
51 99
52 95
55 88
56 60
61 66
66 75
65 81
72 96
73 90
79 79
84 90
