# Penalty:  51808.016198467274
112
14 76
14 89
19 80
48 80
32 59
15 53
26 29
38 12
46 20
40 74
82 75
34 44
56 96
68 20
72 13
58 43
0 37
2 19
58 34
70 55
3 62
83 61
4 1
5 81
7 43
10 8
6 75
7 57
14 68
15 11
21 96
22 50
14 62
25 73
18 92
36 60
39 99
28 44
55 4
65 32
42 58
43 69
44 12
45 62
46 53
48 13
50 42
57 56
51 23
62 98
51 86
64 39
64 66
70 87
71 32
83 50
82 95
87 82
90 68
88 19
92 36
72 48
98 38
0 14
1 57
1 69
8 23
9 31
16 40
17 30
16 71
19 21
20 87
21 38
22 61
25 90
29 29
31 82
30 94
32 4
34 61
36 86
37 23
39 5
39 49
41 0
41 96
44 32
49 76
50 68
53 2
57 72
58 19
60 12
61 77
68 63
69 22
69 0
71 72
75 78
79 23
79 42
82 72
84 96
85 9
87 40
87 49
92 64
95 15
94 95
94 30
98 0
