113
6 19
59 45
66 79
40 5
89 73
43 43
12 61
79 75
29 3
20 74
33 68
32 32
31 47
34 58
44 30
46 60
56 38
60 67
62 21
56 82
88 30
82 56
39 91
98 30
10 75
14 50
15 92
18 83
19 50
16 4
24 18
2 3
26 65
30 38
6 13
26 77
42 49
38 28
45 26
37 40
47 89
47 2
48 80
49 54
51 17
56 54
53 32
21 67
68 50
69 63
67 23
71 85
74 64
84 93
65 37
86 64
91 46
0 18
74 97
1 66
0 93
1 77
2 55
7 48
8 8
98 49
9 22
10 25
11 69
15 25
14 44
21 38
21 45
21 88
21 10
23 96
26 43
26 56
29 78
32 71
35 85
36 22
35 56
45 34
45 70
50 63
50 46
50 95
51 15
52 4
57 15
56 32
60 3
60 91
60 98
61 69
68 14
69 32
71 6
73 87
76 8
78 18
81 39
84 51
86 18
89 9
87 37
91 93
92 83
92 99
93 14
95 36
98 20
