112
0 51
9 55
77 33
21 34
54 47
21 19
2 30
21 7
21 85
63 72
66 92
21 51
68 82
12 87
82 32
67 44
57 44
83 96
85 31
89 88
91 13
85 39
2 75
4 50
5 56
7 69
6 81
9 15
8 40
10 95
16 58
15 20
24 39
96 6
26 31
26 7
35 64
37 27
38 97
39 71
20 92
43 81
47 65
45 36
51 15
53 37
54 27
67 32
69 4
72 14
84 77
74 4
88 16
91 96
92 31
0 44
56 14
0 5
2 64
3 5
8 56
10 75
11 2
14 42
17 31
19 65
21 87
93 68
24 11
24 22
24 1
26 54
24 76
28 20
28 92
73 99
30 39
33 51
34 78
35 83
36 89
37 50
38 13
41 11
44 15
44 85
47 74
49 93
51 68
52 82
55 95
54 56
58 19
59 32
61 26
66 88
68 67
68 28
70 84
72 28
73 61
75 44
79 87
79 21
80 55
82 73
90 48
90 42
96 18
96 7
97 75
98 30
