114
0 50
1 81
3 76
39 18
20 25
28 74
92 70
66 32
40 58
43 90
48 67
54 10
56 25
74 20
83 71
85 58
87 32
86 4
94 7
1 14
0 91
7 66
10 84
12 3
60 13
12 50
11 39
13 31
3 35
18 96
20 81
20 56
21 60
21 40
23 11
25 17
28 80
28 27
27 52
33 12
31 8
33 64
36 79
37 47
46 57
36 95
51 25
51 94
58 69
59 85
51 76
63 52
78 12
40 73
61 2
83 84
84 91
87 43
90 51
96 47
92 73
0 18
79 16
1 55
2 64
6 17
6 32
6 79
11 96
12 89
15 73
20 73
22 3
21 45
23 92
27 68
32 20
30 99
33 55
33 37
34 26
40 14
44 1
43 96
50 35
50 55
51 44
55 73
57 96
60 22
60 42
58 52
65 21
67 55
68 11
68 32
70 81
73 40
71 62
73 97
76 70
77 50
78 29
80 5
84 67
88 13
91 96
94 66
95 52
95 71
96 29
96 5
95 85
97 18
