109
27 69
49 44
70 36
55 56
4 7
16 42
77 49
1 98
15 34
4 85
58 55
52 38
58 96
63 33
67 92
13 10
69 79
72 73
32 55
72 21
17 86
83 3
86 14
92 44
2 1
1 16
31 48
6 54
8 92
14 94
24 89
30 93
35 35
35 71
34 13
41 51
44 26
45 73
47 79
53 59
54 86
75 97
56 17
56 67
66 87
66 12
74 64
75 8
75 34
79 15
90 93
62 21
84 25
46 50
97 3
96 82
99 99
1 28
5 68
90 70
8 16
10 0
6 99
11 82
13 59
18 75
18 4
18 11
21 68
25 6
23 51
27 74
31 15
31 80
32 25
33 75
34 55
34 97
37 45
41 33
42 64
41 88
45 5
47 30
48 71
50 95
51 0
54 12
54 29
56 99
60 91
66 32
66 62
68 12
68 2
69 54
70 39
71 44
76 59
78 78
82 46
81 53
83 91
85 33
88 1
91 89
90 9
94 30
96 18
