116
5 13
13 18
46 21
20 99
54 84
4 97
33 79
34 59
33 52
43 27
78 67
89 76
93 94
67 6
94 72
23 10
55 9
3 40
8 35
40 66
9 60
81 52
12 33
15 37
3 86
19 1
18 24
1 55
24 41
18 62
27 3
31 89
35 46
27 17
46 83
49 35
51 74
58 31
57 39
57 47
40 15
61 62
62 87
62 19
65 77
52 26
66 47
71 90
73 53
74 7
73 71
78 3
75 41
78 15
83 36
84 82
91 30
94 82
96 61
97 46
0 26
88 64
0 72
6 25
5 67
6 88
6 79
8 45
9 1
12 88
13 10
90 54
15 49
14 41
19 16
22 47
23 62
23 74
24 92
25 55
28 30
29 4
30 20
31 73
37 42
38 26
39 37
38 51
40 0
39 97
45 68
45 96
49 89
50 65
50 56
55 73
56 63
61 12
68 32
66 21
66 98
69 11
70 2
72 97
72 58
76 92
80 26
83 72
84 10
85 92
86 80
86 48
89 6
96 38
95 93
97 25
