110
55 76
28 14
2 70
77 35
2 25
30 71
56 59
30 6
36 94
36 53
38 61
98 15
37 17
55 23
48 44
59 34
64 25
68 36
91 11
97 68
63 13
21 60
2 78
5 63
7 71
19 5
18 30
21 24
22 14
29 45
30 66
96 86
34 13
36 46
35 37
40 32
43 82
45 25
46 64
64 31
66 5
56 48
68 96
70 1
63 82
72 33
72 92
76 0
49 97
74 21
7 52
80 78
79 19
85 67
89 5
99 30
0 17
0 38
0 93
1 8
4 81
8 2
8 86
10 19
18 19
17 88
22 68
22 78
25 88
25 53
28 57
29 81
31 74
31 34
36 89
37 96
39 66
41 45
41 53
42 73
47 7
49 69
49 83
53 38
53 14
56 85
57 71
58 95
64 55
67 12
69 25
69 56
71 85
72 10
76 96
77 44
78 53
80 25
81 93
81 41
82 72
86 27
86 82
87 55
88 19
88 92
92 2
94 23
95 63
99 36
