113
48 68
40 43
74 67
2 28
63 59
7 44
19 72
15 17
95 36
28 44
44 26
48 4
47 61
56 66
69 88
72 96
80 20
67 79
0 70
2 59
39 63
76 80
3 94
9 48
1 42
9 34
10 82
11 61
15 39
19 63
23 23
24 48
25 97
27 52
28 77
31 66
32 95
17 4
36 80
39 2
46 92
56 33
55 2
57 72
59 83
36 87
65 0
61 44
68 64
71 33
74 87
70 46
82 29
89 40
87 74
82 47
88 22
94 26
93 97
0 0
89 79
0 6
83 34
99 76
1 51
3 20
5 75
5 86
9 14
9 64
15 29
15 52
19 87
22 62
24 32
25 11
26 76
28 3
28 83
32 33
34 28
32 40
35 53
39 19
42 40
42 91
43 66
48 42
49 60
49 80
50 24
50 92
53 7
56 19
58 60
58 95
61 65
59 75
62 85
62 23
64 15
65 31
68 9
72 72
75 44
76 96
84 61
86 5
88 50
87 91
92 9
95 41
97 51
