110
16 95
48 53
32 7
91 76
2 61
60 61
23 43
26 67
16 4
33 68
25 9
76 86
1 42
35 16
39 12
36 24
34 46
44 28
56 40
60 19
90 33
91 20
98 12
6 33
88 51
10 54
13 96
12 33
9 38
1 73
59 25
17 23
16 76
17 67
18 45
19 96
87 85
31 39
30 47
19 92
35 76
45 74
46 94
51 81
59 87
59 50
64 29
69 96
77 0
78 49
77 80
52 71
63 0
81 92
86 45
83 28
97 62
92 26
1 20
1 56
2 80
7 60
9 82
8 10
15 36
18 17
20 85
21 50
21 61
22 14
24 2
26 84
26 35
28 71
28 58
29 17
35 5
35 89
39 58
38 64
39 8
41 89
43 83
51 32
51 55
52 8
62 13
61 63
63 73
63 55
65 4
65 80
68 46
70 30
70 83
75 24
75 67
77 98
78 15
81 76
83 58
84 38
86 72
87 15
89 90
89 98
89 7
93 38
96 55
96 70
