115
13 14
35 69
7 47
28 63
7 80
12 48
17 95
12 61
22 42
35 11
11 3
22 89
34 27
33 80
67 46
77 90
66 91
29 41
79 60
1 58
3 7
68 35
6 92
6 39
63 71
83 8
11 27
9 21
88 17
20 82
15 66
28 18
28 22
37 75
38 63
39 82
17 12
78 16
39 94
46 10
47 38
31 48
51 85
50 8
49 46
3 70
58 31
67 2
68 79
60 83
71 67
69 99
76 44
83 28
92 26
94 83
92 97
0 16
46 95
0 82
84 70
71 9
97 58
1 74
0 90
1 99
4 24
9 37
13 41
14 87
14 33
18 74
19 64
22 52
25 79
27 57
25 93
30 28
34 14
34 97
36 35
37 25
36 47
41 64
41 90
42 77
44 53
45 4
46 70
48 19
49 30
52 70
53 3
53 87
55 53
62 54
64 30
69 47
69 28
71 42
75 75
75 95
77 26
76 37
80 52
86 58
87 93
86 76
90 2
90 7
92 47
93 95
93 31
96 14
97 55
