113
24 7
43 64
1 8
25 46
27 80
54 49
30 12
36 42
38 79
50 78
68 65
75 78
52 98
79 59
6 60
77 10
2 26
47 41
48 14
92 27
89 47
6 86
9 11
12 79
14 34
88 16
22 26
16 48
23 64
24 75
30 21
35 15
29 6
37 57
42 9
38 22
41 53
47 23
49 2
53 61
58 5
62 51
65 22
69 21
70 48
64 75
51 88
74 91
79 66
79 96
83 19
83 74
85 41
86 87
90 54
94 67
93 87
96 77
76 28
95 63
37 87
97 12
0 20
1 90
96 41
2 46
5 48
10 71
11 88
15 11
15 98
22 67
21 54
24 3
27 17
26 44
31 95
33 66
33 10
37 3
38 43
38 73
38 99
44 40
46 20
51 6
50 35
56 11
54 70
56 26
57 75
57 50
59 31
59 41
61 65
64 88
67 80
66 59
68 34
69 69
71 1
73 59
76 41
75 74
75 49
80 49
81 97
86 65
90 10
93 56
95 23
95 48
97 0
