112
27 70
2 75
17 34
17 52
25 55
2 18
29 28
36 45
41 48
33 87
62 11
66 72
31 35
58 86
85 68
67 18
70 47
72 85
76 49
74 56
95 90
63 54
2 49
4 29
4 74
47 81
7 3
14 59
14 12
18 24
27 42
27 78
31 48
31 20
41 93
38 87
42 46
55 28
57 92
47 90
65 5
10 22
65 28
68 39
70 10
76 41
76 67
82 50
84 1
87 13
93 70
93 14
88 84
73 72
79 94
96 2
97 20
99 59
0 8
1 55
3 97
4 44
6 12
5 62
13 30
12 97
16 61
18 67
18 74
21 7
21 45
21 33
23 96
25 62
27 90
30 3
32 14
35 2
35 64
41 54
42 29
42 35
45 61
43 99
47 35
49 81
49 44
54 76
54 62
55 50
55 46
58 21
58 0
61 31
63 81
64 95
65 35
72 2
74 86
74 20
76 8
78 13
78 31
80 61
86 90
88 35
87 23
90 40
95 66
96 31
97 82
97 50
