106
53 18
77 94
63 74
23 77
4 15
26 32
96 56
26 94
10 47
24 63
5 63
36 95
40 69
40 47
41 3
51 9
60 52
65 9
73 82
51 32
87 25
38 60
96 27
71 46
83 3
96 35
4 88
77 62
8 70
10 6
12 95
97 8
13 24
3 25
18 97
20 9
35 36
28 12
43 18
44 8
26 68
47 44
36 66
55 61
55 93
58 32
48 65
59 8
54 73
63 46
65 59
75 3
75 16
95 77
0 48
0 36
18 18
0 76
1 65
3 4
3 98
6 52
7 38
8 45
14 32
16 69
17 47
24 23
24 18
27 49
27 77
27 89
96 98
31 54
36 12
35 76
37 33
37 51
43 90
43 75
45 96
46 13
48 53
49 22
53 22
54 45
56 6
59 95
64 40
65 89
69 73
70 96
73 35
74 38
74 75
76 92
80 46
82 98
84 39
84 51
85 14
83 89
91 26
94 88
97 44
97 65
