104
66 91
7 8
71 14
1 2
7 28
3 47
34 17
20 26
38 39
44 14
44 44
45 29
53 16
16 90
70 54
35 2
53 99
77 59
78 15
76 79
88 12
85 28
10 13
11 83
12 27
31 56
16 3
16 8
17 19
73 17
23 1
22 37
24 8
27 27
63 17
21 56
25 17
29 68
35 65
33 41
47 97
47 15
52 56
51 86
53 77
58 93
60 45
59 89
68 77
76 62
81 68
43 7
85 82
78 89
88 46
61 6
85 3
92 70
94 2
95 76
98 66
98 17
92 51
2 26
2 34
5 37
4 19
8 94
9 9
11 48
15 26
16 70
17 86
24 73
24 97
26 87
29 9
29 47
34 95
37 80
38 32
40 23
41 67
42 59
48 4
50 36
54 31
55 17
54 22
57 54
60 39
60 73
62 96
63 67
64 30
70 50
81 37
83 53
87 61
86 72
89 16
90 20
92 5
92 40
