205
0 8
0 17
0 30
0 26
0 49
0 38
0 64
0 54
0 1
0 82
0 86
0 71
1 94
3 76
3 36
4 5
3 68
4 13
4 20
3 28
4 42
4 59
4 53
5 82
6 90
10 28
10 44
10 60
11 3
10 84
11 13
10 36
11 19
11 51
11 76
11 94
12 66
15 96
15 24
16 1
15 40
15 88
16 9
15 80
15 64
16 17
16 34
16 55
16 71
17 50
23 0
22 96
22 72
22 8
22 64
22 16
23 25
23 30
22 88
23 50
22 80
23 55
23 40
27 92
27 68
27 84
27 20
27 28
28 10
28 4
28 34
28 53
28 43
29 58
28 77
34 84
34 92
34 28
34 68
35 6
35 14
35 21
35 36
34 76
35 58
35 43
35 51
39 48
39 8
39 16
40 0
40 25
39 56
40 32
39 96
40 42
39 64
40 79
40 90
42 70
46 8
47 0
46 48
46 16
46 88
47 30
46 24
47 40
46 64
47 72
46 96
47 80
49 55
51 60
52 3
51 36
52 11
51 92
52 18
52 28
52 53
51 44
52 69
52 76
54 83
59 2
58 44
59 12
59 21
59 34
58 84
59 26
58 76
59 59
59 66
59 52
60 92
63 24
63 80
64 2
63 32
63 8
63 88
63 40
63 72
64 47
64 58
64 63
63 96
63 16
70 40
70 72
70 24
70 80
70 64
70 56
71 6
70 0
71 33
70 16
71 50
71 90
72 97
75 92
75 76
76 4
76 14
76 20
76 30
76 35
76 43
76 58
76 50
77 67
78 82
82 76
83 4
82 12
83 21
83 29
83 43
83 34
83 50
82 84
83 59
84 66
82 92
87 16
87 48
87 88
87 0
87 96
88 9
88 24
88 31
87 56
87 80
88 42
88 64
89 73
95 6
95 1
95 22
96 14
94 32
