106
8 63
32 50
38 67
71 9
10 8
78 39
20 66
13 52
23 32
26 6
41 3
44 27
48 89
96 39
86 8
49 25
25 13
42 86
96 83
90 30
10 22
88 52
15 42
14 4
23 74
31 56
22 48
29 4
26 85
32 78
36 21
41 40
48 1
49 47
32 14
49 71
47 63
52 80
55 29
54 76
52 37
61 35
62 96
62 73
58 5
66 37
17 86
69 29
39 52
70 73
72 96
79 79
78 90
82 16
83 35
84 60
86 89
92 59
91 10
95 50
97 31
0 4
97 21
1 22
1 41
4 70
7 53
8 33
9 45
10 70
9 83
12 61
12 96
16 36
17 28
20 44
20 18
26 26
30 96
36 91
36 76
40 69
42 96
78 48
41 14
52 16
55 56
57 44
55 62
59 84
62 6
65 38
65 89
68 11
67 45
70 36
72 22
73 0
71 39
74 67
80 25
82 39
85 95
88 1
93 66
95 6
