102
54 75
6 75
17 23
55 70
35 67
5 93
34 79
71 25
6 38
80 20
17 40
63 91
91 34
51 84
35 96
56 2
25 59
32 11
69 6
74 81
0 4
0 86
15 3
3 31
95 57
6 42
5 66
10 78
7 56
13 26
14 93
15 82
17 65
17 55
36 41
35 58
39 30
38 36
41 86
42 95
41 71
28 25
50 15
46 6
50 27
53 20
53 11
54 67
56 49
59 97
66 10
67 58
66 97
74 40
56 86
75 88
80 39
78 61
80 30
80 67
83 74
63 54
90 1
3 16
83 48
11 33
19 19
20 48
21 80
22 60
24 48
27 2
26 72
98 20
35 54
37 61
39 27
40 17
44 1
44 46
47 49
49 3
48 76
55 13
53 26
65 39
66 47
66 2
66 71
70 10
72 99
73 48
83 99
84 0
83 18
85 36
89 71
89 86
91 78
93 50
92 10
97 95
