116
28 59
34 54
36 73
8 25
22 92
14 60
37 11
41 5
47 71
39 24
55 77
60 28
72 23
79 56
94 47
3 19
63 1
73 47
6 3
87 30
9 19
5 75
13 46
10 10
17 84
26 6
18 13
28 53
29 75
31 87
31 20
34 40
36 14
42 48
45 2
44 94
52 5
57 16
40 36
63 38
60 97
65 21
63 81
67 9
66 69
70 88
75 87
77 34
68 98
72 6
80 75
80 29
80 4
85 13
87 47
88 82
89 61
88 57
96 67
95 81
97 16
99 54
0 43
0 51
0 87
1 8
95 91
5 99
7 51
8 37
11 21
15 6
17 25
17 67
18 50
21 31
18 59
25 47
25 62
31 77
35 48
38 98
39 42
40 14
42 4
41 55
42 88
48 19
49 42
49 48
52 67
52 10
53 97
55 0
59 62
61 50
60 91
70 60
72 74
73 41
75 20
76 89
77 48
77 14
77 64
80 39
82 91
82 70
87 85
89 22
89 99
90 68
90 2
93 36
92 75
96 25
