112
25 87
76 35
52 63
91 77
86 35
88 3
11 2
26 5
64 56
35 52
37 83
27 36
46 14
19 30
90 88
70 81
91 40
94 96
74 28
3 13
2 77
2 35
2 24
8 53
13 62
16 72
21 68
18 89
25 61
30 15
30 60
26 90
33 32
23 1
33 37
35 23
36 80
40 65
42 10
47 51
47 73
50 7
35 93
50 18
51 29
54 21
63 86
67 8
66 92
74 74
56 97
78 18
88 21
79 59
90 68
95 26
96 31
96 9
94 52
0 3
1 70
2 95
6 63
6 36
11 30
12 78
14 42
94 0
15 95
16 26
15 55
97 95
20 73
20 84
23 41
32 7
32 68
36 68
38 25
38 56
40 38
43 60
42 79
45 92
46 66
48 87
48 53
55 13
55 26
55 44
54 52
57 41
57 1
58 79
61 21
63 77
67 27
67 42
68 71
72 7
73 14
77 2
78 38
78 95
81 29
81 44
86 56
87 95
93 73
94 18
91 88
98 27
