111
7 56
48 52
72 14
75 27
11 4
2 53
23 73
59 75
21 87
35 51
26 56
51 47
50 15
55 95
74 8
10 85
0 33
81 11
0 60
70 61
16 61
4 43
8 9
7 38
13 28
17 54
29 84
17 35
13 95
28 1
33 17
34 35
32 23
34 96
14 66
39 14
43 70
53 53
51 88
51 73
59 56
60 2
60 92
68 29
69 96
78 28
56 44
71 87
73 50
59 66
77 85
79 91
72 1
82 64
85 14
88 74
94 8
95 86
90 49
0 86
1 1
83 71
81 21
4 52
3 80
61 32
5 19
7 26
6 97
13 20
12 60
16 29
16 9
17 96
21 48
21 62
21 18
28 62
28 32
89 32
33 8
35 48
42 66
42 37
42 27
44 13
46 60
53 29
53 97
60 5
59 41
62 10
63 82
65 58
69 41
74 43
72 75
74 61
80 46
81 84
85 2
83 55
86 43
86 88
88 7
90 19
91 72
92 62
95 90
98 20
97 66
