109
47 62
21 76
54 88
3 13
13 56
7 46
26 20
40 40
43 45
90 31
45 4
39 68
61 90
66 51
94 42
82 36
85 51
64 77
44 28
92 58
1 75
77 79
2 3
4 34
8 15
4 96
9 85
14 87
17 32
18 47
19 19
23 3
23 88
24 44
99 74
26 24
26 71
31 37
29 57
33 56
41 19
34 29
36 78
23 32
42 76
47 35
41 50
55 18
60 35
61 21
61 1
63 43
61 12
72 21
72 91
77 54
84 86
78 0
86 78
72 87
98 26
85 72
98 64
0 18
77 40
0 81
0 52
3 36
4 60
4 67
6 29
10 48
14 44
16 62
18 83
21 10
24 77
23 91
26 66
29 20
31 62
34 38
33 96
36 87
36 25
42 81
40 94
42 12
47 6
48 90
49 81
59 58
59 67
60 92
60 88
61 61
62 37
67 12
66 6
68 35
68 42
71 61
75 16
76 27
77 94
83 12
86 60
91 67
99 51
