118
3 87
10 97
5 49
6 39
42 19
43 87
21 76
8 19
36 23
47 72
14 30
77 28
63 4
93 60
89 16
1 95
51 49
14 60
14 11
70 18
16 50
20 2
22 46
24 36
23 96
26 5
26 91
28 52
33 34
40 48
40 70
39 56
2 21
38 41
64 24
53 32
56 75
55 34
59 92
61 72
55 87
62 43
80 94
81 78
66 82
81 9
83 65
84 56
82 29
87 88
88 80
89 32
87 41
88 6
95 4
95 98
29 29
66 37
97 48
93 67
0 40
0 45
0 3
1 62
3 6
3 84
8 48
9 6
8 87
11 23
12 68
12 81
18 73
24 18
23 61
26 47
28 56
26 86
29 77
30 1
33 99
36 21
38 83
38 31
39 64
39 73
47 97
47 25
49 2
51 3
53 63
52 68
53 95
54 19
58 10
57 56
60 17
59 78
61 63
64 47
65 4
68 50
70 11
70 23
72 64
73 96
74 88
75 33
76 76
77 3
78 47
78 70
80 19
82 84
87 51
92 86
95 77
97 27
