116
24 19
2 22
9 20
55 13
13 79
27 46
22 12
29 4
32 32
36 61
37 65
37 38
47 40
29 87
74 63
77 9
7 14
77 82
86 43
85 61
42 12
2 31
84 76
5 45
5 92
5 73
7 57
11 49
73 88
18 31
19 7
26 77
29 18
35 25
43 33
34 70
47 74
48 82
93 44
50 24
46 58
55 30
58 87
34 83
60 4
59 64
64 11
65 65
70 26
76 60
74 33
84 91
84 4
89 29
96 17
91 98
0 0
0 11
0 62
2 68
3 19
5 29
5 84
5 0
8 95
9 72
11 7
13 99
13 13
14 40
16 76
15 81
18 22
18 59
18 96
22 81
23 39
26 65
28 93
30 46
32 12
35 31
40 3
40 74
43 93
44 5
46 48
46 12
49 18
50 47
52 98
54 20
57 74
61 35
63 53
62 86
67 30
68 8
69 70
68 96
71 0
76 27
76 74
78 3
78 38
81 52
80 97
82 67
84 18
84 31
87 82
91 8
93 67
94 60
94 82
98 2
