104
0 12
2 35
0 45
0 3
2 20
0 29
0 57
0 77
2 70
3 24
3 85
0 93
3 39
5 7
5 63
7 30
7 0
5 92
7 15
5 47
10 37
10 47
8 55
7 80
8 75
10 67
12 60
12 90
10 22
10 7
15 22
12 95
15 42
15 12
15 33
15 67
15 52
17 0
18 80
20 13
20 22
18 75
20 43
20 57
20 32
18 5
20 92
22 50
23 65
25 8
25 18
18 85
25 43
25 77
25 33
27 85
25 57
27 25
22 70
30 2
28 90
30 43
30 12
30 62
30 77
49 7
49 32
70 3
30 33
49 22
70 28
70 17
28 95
70 57
49 42
70 37
70 67
70 78
70 47
78 32
70 87
80 19
30 53
0 63
95 42
8 86
23 2
28 18
80 42
28 68
78 0
46 15
49 0
68 96
69 10
73 51
73 72
79 7
88 5
88 43
87 20
93 18
93 10
93 31
