88
16 20
3 6
10 11
21 23
14 32
44 6
29 41
28 46
31 24
91 8
36 40
36 12
58 47
39 78
2 39
68 43
5 30
13 17
15 47
20 5
19 37
31 30
6 17
34 96
41 28
45 36
74 26
88 71
99 98
24 28
1 60
80 80
5 9
13 23
13 43
18 76
22 87
31 74
34 61
36 27
31 54
41 14
49 16
49 61
43 50
55 84
57 78
67 77
69 54
82 53
85 27
98 28
61 53
87 15
90 4
89 42
1 19
2 44
6 28
10 0
15 52
16 32
17 89
21 40
29 11
31 43
34 66
36 89
36 2
40 53
44 2
44 9
43 70
47 39
47 25
52 49
59 11
65 3
69 60
70 69
71 16
84 10
86 78
87 58
91 63
95 72
96 20
98 5
