107
36 56
30 65
42 53
59 56
70 70
9 14
19 25
6 96
96 28
25 86
40 5
33 4
32 52
51 53
77 8
55 38
55 90
67 77
78 53
95 87
74 20
1 52
64 57
78 48
8 81
4 62
19 57
24 50
7 51
24 3
24 43
29 71
30 95
82 68
44 97
42 48
46 92
49 66
49 42
55 27
57 6
56 68
62 45
65 64
61 69
71 35
71 78
70 53
74 88
68 16
79 81
83 90
85 57
86 73
91 14
91 59
94 49
88 38
97 95
97 37
33 21
6 11
7 1
8 38
9 59
12 77
16 43
87 23
19 12
22 63
22 95
23 13
28 29
29 82
33 9
35 65
37 28
37 74
38 63
42 24
43 66
42 81
48 7
50 86
51 32
53 80
52 57
54 15
57 88
58 21
56 98
62 10
59 36
66 27
64 97
66 51
76 29
78 84
78 42
79 95
82 14
85 6
91 99
93 78
96 6
97 69
97 25
