109
75 56
79 31
97 77
11 26
16 40
37 96
17 69
18 10
33 99
43 12
36 22
49 5
61 83
68 29
85 40
67 14
99 25
3 17
5 78
98 85
95 95
6 56
8 64
64 5
11 14
19 92
17 83
20 21
21 50
7 5
24 21
26 8
26 52
30 37
34 7
37 39
41 34
46 96
49 53
47 1
50 49
50 29
87 11
55 27
57 59
59 52
62 46
62 38
71 8
79 48
69 50
83 23
86 64
83 4
60 90
64 77
92 80
99 60
82 58
0 3
0 22
0 97
5 41
5 21
6 32
11 52
14 76
17 28
18 38
21 0
27 2
31 73
33 68
34 52
36 48
37 91
38 2
39 78
41 59
42 68
43 37
43 77
42 82
43 89
52 38
53 3
52 20
53 84
90 23
64 0
62 62
68 60
67 16
70 66
71 32
75 1
76 38
77 71
81 94
88 45
89 95
92 87
93 67
93 37
94 15
94 3
97 99
97 72
98 1
