108
5 17
53 49
77 57
81 5
97 82
18 73
46 37
89 80
22 56
91 5
37 35
41 65
55 17
78 10
9 88
45 81
70 9
77 64
85 61
2 93
2 49
5 31
9 79
85 20
87 54
12 22
13 41
11 4
16 60
48 13
10 67
25 29
27 19
30 84
31 23
35 5
34 72
34 16
27 35
37 24
47 27
48 83
44 72
51 4
51 63
57 34
61 62
63 12
63 44
68 50
72 86
75 46
75 72
76 35
64 4
63 55
80 21
86 67
86 90
89 85
94 94
0 8
74 28
1 70
0 85
4 77
5 97
10 53
13 17
13 88
16 10
16 32
24 54
24 98
26 67
30 44
29 56
35 92
37 11
36 82
40 95
43 8
43 65
42 91
44 56
47 46
48 92
49 26
52 56
53 97
52 78
60 96
61 86
62 23
66 25
68 59
75 18
75 78
76 40
78 3
85 1
89 62
90 19
91 26
90 89
93 71
96 56
96 52
