111
49 34
89 2
57 12
51 29
60 86
17 55
80 18
25 39
2 79
24 7
24 89
42 66
41 25
17 98
57 70
43 33
66 64
72 92
48 57
0 45
4 89
8 60
89 74
15 21
15 10
15 49
18 29
17 72
31 84
75 74
27 70
34 3
39 13
32 60
43 57
44 17
50 89
55 14
80 36
55 44
36 50
20 47
58 81
52 22
60 32
63 50
57 5
63 97
66 78
75 23
57 62
69 43
77 99
84 8
87 52
74 68
90 42
93 94
0 38
0 66
0 99
5 25
7 41
9 85
11 36
13 31
14 17
13 66
16 43
84 83
18 81
20 55
23 17
28 2
27 53
27 79
27 35
29 19
30 25
37 63
37 95
41 86
41 77
43 73
51 52
53 76
60 26
63 8
67 1
67 15
68 53
66 83
69 95
71 15
72 51
76 40
76 12
80 61
82 45
81 95
85 22
85 60
88 47
89 29
92 69
94 14
95 0
95 75
96 86
97 48
99 56
