118
78 48
6 32
2 70
9 65
36 6
40 30
51 41
17 91
52 32
47 54
55 51
61 81
67 51
73 11
50 67
77 82
70 37
0 78
85 44
1 10
5 71
7 0
8 44
7 12
7 88
15 35
20 76
86 50
27 95
28 20
32 9
16 49
32 66
34 19
37 53
40 20
42 13
60 94
42 39
48 44
52 8
58 2
61 8
63 29
59 61
64 86
62 70
69 28
71 66
79 88
82 74
88 85
89 11
46 1
93 45
92 72
86 66
96 3
0 16
0 20
0 45
92 54
66 43
0 53
1 60
2 29
1 38
3 43
9 54
10 40
13 86
16 40
21 14
23 31
24 75
25 2
25 26
23 88
29 47
31 61
36 27
35 44
36 88
36 10
37 64
37 56
39 79
43 58
43 23
47 49
47 99
49 59
48 75
51 25
54 14
54 20
54 84
59 0
59 35
66 13
66 61
69 72
73 32
75 2
76 59
75 75
80 27
80 79
81 32
86 3
88 3
86 97
90 95
89 33
92 77
94 9
97 35
97 59
