116
95 30
60 47
20 59
18 63
43 64
45 17
54 32
56 55
49 69
56 36
63 2
23 15
73 5
72 55
75 71
79 37
83 59
92 56
95 97
28 87
0 95
2 21
7 44
9 67
15 84
14 39
17 3
23 46
5 79
11 30
30 52
32 9
33 38
32 29
33 69
36 95
41 38
40 76
43 49
45 89
6 62
32 18
47 52
49 30
53 96
53 80
57 61
59 75
65 64
67 11
62 68
65 28
68 85
74 52
76 64
76 78
68 92
90 9
95 36
94 74
1 32
97 17
56 90
83 29
4 6
3 57
4 18
90 21
4 86
78 90
7 22
10 8
12 97
12 15
14 70
19 28
19 76
20 96
23 70
24 28
23 65
28 97
29 60
36 15
38 86
45 20
45 0
46 41
44 62
46 97
48 16
55 1
56 17
56 43
56 82
56 32
60 57
61 36
64 47
67 19
69 41
70 13
74 19
72 38
79 1
78 73
78 51
80 81
80 15
82 94
86 55
88 41
87 69
90 87
96 63
96 8
