103
5 40
6 5
7 22
7 56
19 40
21 3
21 57
32 78
21 22
33 95
35 39
35 4
38 20
47 95
46 79
38 55
50 4
51 22
50 39
61 94
50 58
64 4
65 58
66 21
63 77
66 39
78 95
79 76
80 4
81 40
82 56
92 94
91 79
81 23
0 7
0 18
0 2
0 35
0 44
0 56
7 62
8 27
13 22
77 20
12 56
15 11
14 44
15 36
16 96
17 3
21 27
22 61
28 57
27 72
29 19
29 44
30 35
30 2
32 7
35 97
36 78
35 91
36 62
36 27
43 58
44 9
43 19
42 72
45 33
44 0
44 44
50 97
50 92
52 26
52 78
52 64
58 21
58 54
58 74
59 9
60 36
60 44
61 0
66 27
64 99
66 91
68 61
69 76
73 55
74 44
74 9
73 73
75 0
76 36
80 90
80 98
82 26
81 78
83 63
88 70
96 90
95 99
97 77
