103
7 0
7 7
6 21
7 26
7 34
7 13
6 70
6 42
7 56
7 64
27 35
7 49
28 0
27 7
27 42
27 63
27 49
28 13
28 20
28 57
27 77
28 72
48 14
48 28
48 42
48 56
48 63
27 28
49 6
49 0
49 36
49 47
50 21
49 69
0 3
0 17
0 24
0 8
0 35
0 29
0 50
0 42
0 62
0 58
0 73
12 1
11 49
11 42
12 8
11 70
11 14
11 56
12 20
12 27
11 35
12 61
18 42
18 14
18 35
18 49
18 63
19 7
19 19
18 56
19 27
19 76
20 68
21 1
32 28
32 77
32 63
33 0
33 7
32 56
32 70
33 13
33 22
33 33
33 47
35 41
40 0
39 70
39 28
40 12
40 7
40 23
40 43
40 36
40 47
40 61
40 56
54 2
54 6
54 14
54 20
54 26
53 49
53 35
54 54
53 63
53 42
55 68
67 67
