128
7 12
51 12
8 89
22 10
32 19
30 7
32 33
81 8
42 41
46 4
59 2
63 12
75 40
84 72
2 3
75 11
3 19
7 39
9 48
72 17
13 1
16 92
11 10
19 22
22 63
23 32
28 43
40 17
45 67
57 8
51 30
52 78
57 43
59 69
55 21
58 86
65 80
24 78
69 3
71 80
72 55
38 7
84 93
86 56
89 8
90 65
91 89
88 39
93 74
94 78
0 47
0 59
0 67
0 95
0 80
3 26
2 39
6 1
7 69
10 64
10 29
10 99
11 58
13 17
12 83
15 43
15 76
17 11
17 1
91 52
17 29
19 47
25 21
25 92
27 25
27 1
26 48
83 83
29 66
31 89
31 74
33 44
33 21
36 29
36 69
97 48
36 38
37 57
37 80
39 98
42 23
40 87
43 59
44 47
45 44
45 8
46 82
50 0
50 89
53 50
54 98
57 34
56 12
61 55
62 26
61 67
64 72
63 31
65 87
65 8
70 66
74 89
73 34
76 15
77 63
78 55
79 23
81 30
83 42
84 13
88 0
87 17
91 32
94 8
95 19
96 63
97 5
95 98
