110
54 87
52 78
86 55
64 7
57 91
72 76
65 15
73 90
17 70
95 3
17 14
69 67
70 55
71 23
77 65
83 76
64 66
78 6
84 35
85 30
89 11
92 22
57 41
90 82
10 15
15 7
14 78
23 13
52 13
15 63
55 50
56 4
15 21
56 34
57 69
60 23
55 79
62 88
60 29
66 88
69 59
70 51
61 96
82 61
86 2
83 11
91 33
92 43
95 7
93 26
96 14
94 53
96 59
0 2
95 74
0 14
0 7
97 86
0 19
1 28
4 3
3 27
6 70
77 26
10 83
11 2
11 27
10 57
18 83
18 57
19 29
19 3
20 7
20 19
21 61
21 78
23 72
24 43
26 26
27 0
31 20
32 10
32 27
33 39
33 0
34 45
49 61
50 94
51 24
54 12
58 57
62 77
63 26
64 43
64 95
69 81
72 97
73 39
77 93
79 69
78 42
79 52
83 85
84 65
84 23
86 71
84 83
86 94
89 37
88 59
