104
61 58
23 53
29 55
46 17
29 79
76 48
89 68
33 50
2 53
23 74
11 37
80 92
34 35
30 89
36 63
55 16
54 47
75 75
46 63
92 78
86 31
89 91
3 38
11 31
12 86
14 4
15 1
15 78
25 38
22 90
26 61
50 84
27 14
31 70
34 80
30 43
41 92
41 48
44 4
44 32
47 77
45 56
53 25
52 93
58 35
57 89
63 20
56 63
68 71
63 94
75 16
75 57
73 34
75 69
81 46
79 73
62 40
92 8
85 4
92 58
96 36
98 45
0 5
0 47
4 22
8 56
11 66
96 73
18 37
19 13
22 3
21 98
26 22
26 75
27 2
33 24
32 88
33 41
34 95
35 4
39 77
39 0
41 28
41 90
43 70
54 75
56 83
63 27
61 70
67 15
69 78
73 42
74 24
76 1
76 10
76 49
81 87
81 70
89 14
94 51
95 99
96 86
97 31
97 56
